<?xml version="1.0" encoding="UTF-8"?>
<testsuite xmlns:xsi="http://www.w3.org/2001/XMLSchema-instance" xsi:noNamespaceSchemaLocation="https://maven.apache.org/surefire/maven-surefire-plugin/xsd/surefire-test-report-3.0.xsd" version="3.0" name="co.edu.icesi.dev.outcome_curr_mgmt.persistence.curriculum_qa.StudOutcomeRepositoryTest" time="31.862" tests="4" errors="0" skipped="0" failures="0">
  <properties>
[...]
</properties>
  <testcase name="testReturnsCoursesWhenThereAreNoExistingFacultyWithTheGivenId" classname="co.edu.icesi.dev.outcome_curr_mgmt.persistence.curriculum_qa.StudOutcomeRepositoryTest" time="9.673">
    <system-out><![CDATA[2024-12-01T20:42:10.860-05:00  INFO 24988 --- [           main] t.c.s.AnnotationConfigContextLoaderUtils : Could not detect default configuration classes for test class [co.edu.icesi.dev.outcome_curr_mgmt.persistence.curriculum_qa.StudOutcomeRepositoryTest]: StudOutcomeRepositoryTest does not declare any static, non-private, non-final, nested classes annotated with @Configuration.
{"@timestamp":"2024-12-01T20:42:10.8601054-05:00","@version":"1","message":"Could not detect default configuration classes for test class [co.edu.icesi.dev.outcome_curr_mgmt.persistence.curriculum_qa.StudOutcomeRepositoryTest]: StudOutcomeRepositoryTest does not declare any static, non-private, non-final, nested classes annotated with @Configuration.","logger_name":"org.springframework.test.context.support.AnnotationConfigContextLoaderUtils","thread_name":"main","level":"INFO","level_value":20000}
2024-12-01T20:42:11.039-05:00  INFO 24988 --- [           main] .b.t.c.SpringBootTestContextBootstrapper : Found @SpringBootConfiguration co.edu.icesi.dev.outcome_curr_mgmt.OutcomeCurrMgmtApplication for test class co.edu.icesi.dev.outcome_curr_mgmt.persistence.curriculum_qa.StudOutcomeRepositoryTest
{"@timestamp":"2024-12-01T20:42:11.0398995-05:00","@version":"1","message":"Found @SpringBootConfiguration co.edu.icesi.dev.outcome_curr_mgmt.OutcomeCurrMgmtApplication for test class co.edu.icesi.dev.outcome_curr_mgmt.persistence.curriculum_qa.StudOutcomeRepositoryTest","logger_name":"org.springframework.boot.test.context.SpringBootTestContextBootstrapper","thread_name":"main","level":"INFO","level_value":20000}
2024-12-01T20:42:11.078-05:00  INFO 24988 --- [           main] j.LocalContainerEntityManagerFactoryBean : Closing JPA EntityManagerFactory for persistence unit 'default'
{"@timestamp":"2024-12-01T20:42:11.0787653-05:00","@version":"1","message":"Closing JPA EntityManagerFactory for persistence unit 'default'","logger_name":"org.springframework.orm.jpa.LocalContainerEntityManagerFactoryBean","thread_name":"main","level":"INFO","level_value":20000}
2024-12-01T20:42:11.173-05:00  INFO 24988 --- [           main] com.zaxxer.hikari.HikariDataSource       : HikariPool-1 - Shutdown initiated...
{"@timestamp":"2024-12-01T20:42:11.1733102-05:00","@version":"1","message":"HikariPool-1 - Shutdown initiated...","logger_name":"com.zaxxer.hikari.HikariDataSource","thread_name":"main","level":"INFO","level_value":20000}
2024-12-01T20:42:11.178-05:00  INFO 24988 --- [           main] com.zaxxer.hikari.HikariDataSource       : HikariPool-1 - Shutdown completed.
{"@timestamp":"2024-12-01T20:42:11.1781049-05:00","@version":"1","message":"HikariPool-1 - Shutdown completed.","logger_name":"com.zaxxer.hikari.HikariDataSource","thread_name":"main","level":"INFO","level_value":20000}

  .   ____          _            __ _ _
 /\\ / ___'_ __ _ _(_)_ __  __ _ \ \ \ \
( ( )\___ | '_ | '_| | '_ \/ _` | \ \ \ \
 \\/  ___)| |_)| | | | | || (_| |  ) ) ) )
  '  |____| .__|_| |_|_| |_\__, | / / / /
 =========|_|==============|___/=/_/_/_/
 :: Spring Boot ::                (v3.1.5)

2024-12-01T20:42:11.541-05:00  INFO 24988 --- [           main] c.e.i.d.o.p.c.StudOutcomeRepositoryTest  : Starting StudOutcomeRepositoryTest using Java 21.0.2 with PID 24988 (started by Windows in C:\Users\Windows\Proyecto Ingesoft5\IngSoftV\outcome-curr-mgmt)
{"@timestamp":"2024-12-01T20:42:11.541135-05:00","@version":"1","message":"Starting StudOutcomeRepositoryTest using Java 21.0.2 with PID 24988 (started by Windows in C:\\Users\\Windows\\Proyecto Ingesoft5\\IngSoftV\\outcome-curr-mgmt)","logger_name":"co.edu.icesi.dev.outcome_curr_mgmt.persistence.curriculum_qa.StudOutcomeRepositoryTest","thread_name":"main","level":"INFO","level_value":20000}
2024-12-01T20:42:11.543-05:00  INFO 24988 --- [           main] c.e.i.d.o.p.c.StudOutcomeRepositoryTest  : The following 1 profile is active: "test"
{"@timestamp":"2024-12-01T20:42:11.5436548-05:00","@version":"1","message":"The following 1 profile is active: \"test\"","logger_name":"co.edu.icesi.dev.outcome_curr_mgmt.persistence.curriculum_qa.StudOutcomeRepositoryTest","thread_name":"main","level":"INFO","level_value":20000}
2024-12-01T20:42:13.145-05:00  INFO 24988 --- [           main] .s.d.r.c.RepositoryConfigurationDelegate : Bootstrapping Spring Data JPA repositories in DEFAULT mode.
{"@timestamp":"2024-12-01T20:42:13.1457975-05:00","@version":"1","message":"Bootstrapping Spring Data JPA repositories in DEFAULT mode.","logger_name":"org.springframework.data.repository.config.RepositoryConfigurationDelegate","thread_name":"main","level":"INFO","level_value":20000}
2024-12-01T20:42:13.824-05:00  INFO 24988 --- [           main] .s.d.r.c.RepositoryConfigurationDelegate : Finished Spring Data repository scanning in 677 ms. Found 41 JPA repository interfaces.
{"@timestamp":"2024-12-01T20:42:13.8244572-05:00","@version":"1","message":"Finished Spring Data repository scanning in 677 ms. Found 41 JPA repository interfaces.","logger_name":"org.springframework.data.repository.config.RepositoryConfigurationDelegate","thread_name":"main","level":"INFO","level_value":20000}
2024-12-01T20:42:14.341-05:00  INFO 24988 --- [           main] com.zaxxer.hikari.HikariDataSource       : HikariPool-2 - Starting...
{"@timestamp":"2024-12-01T20:42:14.3418574-05:00","@version":"1","message":"HikariPool-2 - Starting...","logger_name":"com.zaxxer.hikari.HikariDataSource","thread_name":"main","level":"INFO","level_value":20000}
2024-12-01T20:42:14.344-05:00  INFO 24988 --- [           main] com.zaxxer.hikari.pool.HikariPool        : HikariPool-2 - Added connection conn10: url=jdbc:h2:mem:testdb user=ADMIN
{"@timestamp":"2024-12-01T20:42:14.3444274-05:00","@version":"1","message":"HikariPool-2 - Added connection conn10: url=jdbc:h2:mem:testdb user=ADMIN","logger_name":"com.zaxxer.hikari.pool.HikariPool","thread_name":"main","level":"INFO","level_value":20000}
2024-12-01T20:42:14.344-05:00  INFO 24988 --- [           main] com.zaxxer.hikari.HikariDataSource       : HikariPool-2 - Start completed.
{"@timestamp":"2024-12-01T20:42:14.3444274-05:00","@version":"1","message":"HikariPool-2 - Start completed.","logger_name":"com.zaxxer.hikari.HikariDataSource","thread_name":"main","level":"INFO","level_value":20000}
2024-12-01T20:42:14.350-05:00  INFO 24988 --- [           main] o.hibernate.jpa.internal.util.LogHelper  : HHH000204: Processing PersistenceUnitInfo [name: default]
{"@timestamp":"2024-12-01T20:42:14.3500169-05:00","@version":"1","message":"HHH000204: Processing PersistenceUnitInfo [name: default]","logger_name":"org.hibernate.jpa.internal.util.LogHelper","thread_name":"main","level":"INFO","level_value":20000}
2024-12-01T20:42:14.383-05:00  INFO 24988 --- [           main] o.s.o.j.p.SpringPersistenceUnitInfo      : No LoadTimeWeaver setup: ignoring JPA class transformer
{"@timestamp":"2024-12-01T20:42:14.3838527-05:00","@version":"1","message":"No LoadTimeWeaver setup: ignoring JPA class transformer","logger_name":"org.springframework.orm.jpa.persistenceunit.SpringPersistenceUnitInfo","thread_name":"main","level":"INFO","level_value":20000}
2024-12-01T20:42:14.386-05:00  WARN 24988 --- [           main] org.hibernate.orm.deprecation            : HHH90000025: H2Dialect does not need to be specified explicitly using 'hibernate.dialect' (remove the property setting and it will be selected by default)
{"@timestamp":"2024-12-01T20:42:14.3868617-05:00","@version":"1","message":"HHH90000025: H2Dialect does not need to be specified explicitly using 'hibernate.dialect' (remove the property setting and it will be selected by default)","logger_name":"org.hibernate.orm.deprecation","thread_name":"main","level":"WARN","level_value":30000}
2024-12-01T20:42:17.293-05:00  INFO 24988 --- [           main] o.h.e.t.j.p.i.JtaPlatformInitiator       : HHH000489: No JTA platform available (set 'hibernate.transaction.jta.platform' to enable JTA platform integration)
{"@timestamp":"2024-12-01T20:42:17.2930893-05:00","@version":"1","message":"HHH000489: No JTA platform available (set 'hibernate.transaction.jta.platform' to enable JTA platform integration)","logger_name":"org.hibernate.engine.transaction.jta.platform.internal.JtaPlatformInitiator","thread_name":"main","level":"INFO","level_value":20000}
2024-12-01T20:42:17.644-05:00  INFO 24988 --- [           main] j.LocalContainerEntityManagerFactoryBean : Initialized JPA EntityManagerFactory for persistence unit 'default'
{"@timestamp":"2024-12-01T20:42:17.6446286-05:00","@version":"1","message":"Initialized JPA EntityManagerFactory for persistence unit 'default'","logger_name":"org.springframework.orm.jpa.LocalContainerEntityManagerFactoryBean","thread_name":"main","level":"INFO","level_value":20000}
2024-12-01T20:42:19.531-05:00  WARN 24988 --- [           main] JpaBaseConfiguration$JpaWebConfiguration : spring.jpa.open-in-view is enabled by default. Therefore, database queries may be performed during view rendering. Explicitly configure spring.jpa.open-in-view to disable this warning
{"@timestamp":"2024-12-01T20:42:19.5319767-05:00","@version":"1","message":"spring.jpa.open-in-view is enabled by default. Therefore, database queries may be performed during view rendering. Explicitly configure spring.jpa.open-in-view to disable this warning","logger_name":"org.springframework.boot.autoconfigure.orm.jpa.JpaBaseConfiguration$JpaWebConfiguration","thread_name":"main","level":"WARN","level_value":30000}
2024-12-01T20:42:19.554-05:00  WARN 24988 --- [           main] .s.s.UserDetailsServiceAutoConfiguration : 

Using generated security password: bbe34c48-82f8-4679-89a3-96a0812512c1

This generated password is for development use only. Your security configuration must be updated before running your application in production.

{"@timestamp":"2024-12-01T20:42:19.5541618-05:00","@version":"1","message":"\r\n\r\nUsing generated security password: bbe34c48-82f8-4679-89a3-96a0812512c1\r\n\r\nThis generated password is for development use only. Your security configuration must be updated before running your application in production.\r\n","logger_name":"org.springframework.boot.autoconfigure.security.servlet.UserDetailsServiceAutoConfiguration","thread_name":"main","level":"WARN","level_value":30000}
2024-12-01T20:42:19.623-05:00  INFO 24988 --- [           main] o.s.s.web.DefaultSecurityFilterChain     : Will secure any request with [org.springframework.security.web.session.DisableEncodeUrlFilter@539fecf8, org.springframework.security.web.context.request.async.WebAsyncManagerIntegrationFilter@48b7c81b, org.springframework.security.web.context.SecurityContextHolderFilter@1ad1198a, org.springframework.security.web.header.HeaderWriterFilter@727153c5, org.springframework.web.filter.CorsFilter@49c14b81, org.springframework.security.web.authentication.logout.LogoutFilter@641fe59d, co.edu.icesi.dev.outcome_curr_mgmt.saamfi.filters.SaamfiAuthenticationFilter@1acb9d3d, org.springframework.security.web.savedrequest.RequestCacheAwareFilter@6909ed02, org.springframework.security.web.servletapi.SecurityContextHolderAwareRequestFilter@119e649d, org.springframework.security.web.authentication.AnonymousAuthenticationFilter@6b3e9c11, org.springframework.security.web.session.SessionManagementFilter@2e693002, org.springframework.security.web.access.ExceptionTranslationFilter@2e4bac0e, org.springframework.security.web.access.intercept.AuthorizationFilter@20005bab]
{"@timestamp":"2024-12-01T20:42:19.6238123-05:00","@version":"1","message":"Will secure any request with [org.springframework.security.web.session.DisableEncodeUrlFilter@539fecf8, org.springframework.security.web.context.request.async.WebAsyncManagerIntegrationFilter@48b7c81b, org.springframework.security.web.context.SecurityContextHolderFilter@1ad1198a, org.springframework.security.web.header.HeaderWriterFilter@727153c5, org.springframework.web.filter.CorsFilter@49c14b81, org.springframework.security.web.authentication.logout.LogoutFilter@641fe59d, co.edu.icesi.dev.outcome_curr_mgmt.saamfi.filters.SaamfiAuthenticationFilter@1acb9d3d, org.springframework.security.web.savedrequest.RequestCacheAwareFilter@6909ed02, org.springframework.security.web.servletapi.SecurityContextHolderAwareRequestFilter@119e649d, org.springframework.security.web.authentication.AnonymousAuthenticationFilter@6b3e9c11, org.springframework.security.web.session.SessionManagementFilter@2e693002, org.springframework.security.web.access.ExceptionTranslationFilter@2e4bac0e, org.springframework.security.web.access.intercept.AuthorizationFilter@20005bab]","logger_name":"org.springframework.security.web.DefaultSecurityFilterChain","thread_name":"main","level":"INFO","level_value":20000}
2024-12-01T20:42:20.427-05:00  INFO 24988 --- [           main] o.s.b.a.h2.H2ConsoleAutoConfiguration    : H2 console available at '/h2-console'. Database available at 'jdbc:h2:mem:testdb'
{"@timestamp":"2024-12-01T20:42:20.4276968-05:00","@version":"1","message":"H2 console available at '/h2-console'. Database available at 'jdbc:h2:mem:testdb'","logger_name":"org.springframework.boot.autoconfigure.h2.H2ConsoleAutoConfiguration","thread_name":"main","level":"INFO","level_value":20000}
2024-12-01T20:42:20.456-05:00  INFO 24988 --- [           main] o.s.b.a.e.web.EndpointLinksResolver      : Exposing 13 endpoint(s) beneath base path '/actuator'
{"@timestamp":"2024-12-01T20:42:20.4560862-05:00","@version":"1","message":"Exposing 13 endpoint(s) beneath base path '/actuator'","logger_name":"org.springframework.boot.actuate.endpoint.web.EndpointLinksResolver","thread_name":"main","level":"INFO","level_value":20000}
2024-12-01T20:42:20.524-05:00  INFO 24988 --- [           main] c.e.i.d.o.p.c.StudOutcomeRepositoryTest  : Started StudOutcomeRepositoryTest in 9.34 seconds (process running for 61.472)
{"@timestamp":"2024-12-01T20:42:20.5245174-05:00","@version":"1","message":"Started StudOutcomeRepositoryTest in 9.34 seconds (process running for 61.472)","logger_name":"co.edu.icesi.dev.outcome_curr_mgmt.persistence.curriculum_qa.StudOutcomeRepositoryTest","thread_name":"main","level":"INFO","level_value":20000}
]]></system-out>
  </testcase>
  <testcase name="testReturnsCoursesWhenThereAreNoExistingAcadProgCurrWithTheGivenId" classname="co.edu.icesi.dev.outcome_curr_mgmt.persistence.curriculum_qa.StudOutcomeRepositoryTest" time="7.786">
    <system-out><![CDATA[2024-12-01T20:42:20.748-05:00  INFO 24988 --- [           main] j.LocalContainerEntityManagerFactoryBean : Closing JPA EntityManagerFactory for persistence unit 'default'
{"@timestamp":"2024-12-01T20:42:20.7480602-05:00","@version":"1","message":"Closing JPA EntityManagerFactory for persistence unit 'default'","logger_name":"org.springframework.orm.jpa.LocalContainerEntityManagerFactoryBean","thread_name":"main","level":"INFO","level_value":20000}
2024-12-01T20:42:20.843-05:00  INFO 24988 --- [           main] com.zaxxer.hikari.HikariDataSource       : HikariPool-2 - Shutdown initiated...
{"@timestamp":"2024-12-01T20:42:20.8436332-05:00","@version":"1","message":"HikariPool-2 - Shutdown initiated...","logger_name":"com.zaxxer.hikari.HikariDataSource","thread_name":"main","level":"INFO","level_value":20000}
2024-12-01T20:42:20.845-05:00  INFO 24988 --- [           main] com.zaxxer.hikari.HikariDataSource       : HikariPool-2 - Shutdown completed.
{"@timestamp":"2024-12-01T20:42:20.8458562-05:00","@version":"1","message":"HikariPool-2 - Shutdown completed.","logger_name":"com.zaxxer.hikari.HikariDataSource","thread_name":"main","level":"INFO","level_value":20000}

  .   ____          _            __ _ _
 /\\ / ___'_ __ _ _(_)_ __  __ _ \ \ \ \
( ( )\___ | '_ | '_| | '_ \/ _` | \ \ \ \
 \\/  ___)| |_)| | | | | || (_| |  ) ) ) )
  '  |____| .__|_| |_|_| |_\__, | / / / /
 =========|_|==============|___/=/_/_/_/
 :: Spring Boot ::                (v3.1.5)

2024-12-01T20:42:21.033-05:00  INFO 24988 --- [           main] c.e.i.d.o.p.c.StudOutcomeRepositoryTest  : Starting StudOutcomeRepositoryTest using Java 21.0.2 with PID 24988 (started by Windows in C:\Users\Windows\Proyecto Ingesoft5\IngSoftV\outcome-curr-mgmt)
{"@timestamp":"2024-12-01T20:42:21.0330581-05:00","@version":"1","message":"Starting StudOutcomeRepositoryTest using Java 21.0.2 with PID 24988 (started by Windows in C:\\Users\\Windows\\Proyecto Ingesoft5\\IngSoftV\\outcome-curr-mgmt)","logger_name":"co.edu.icesi.dev.outcome_curr_mgmt.persistence.curriculum_qa.StudOutcomeRepositoryTest","thread_name":"main","level":"INFO","level_value":20000}
2024-12-01T20:42:21.038-05:00  INFO 24988 --- [           main] c.e.i.d.o.p.c.StudOutcomeRepositoryTest  : The following 1 profile is active: "test"
{"@timestamp":"2024-12-01T20:42:21.0382111-05:00","@version":"1","message":"The following 1 profile is active: \"test\"","logger_name":"co.edu.icesi.dev.outcome_curr_mgmt.persistence.curriculum_qa.StudOutcomeRepositoryTest","thread_name":"main","level":"INFO","level_value":20000}
2024-12-01T20:42:22.439-05:00  INFO 24988 --- [           main] .s.d.r.c.RepositoryConfigurationDelegate : Bootstrapping Spring Data JPA repositories in DEFAULT mode.
{"@timestamp":"2024-12-01T20:42:22.4399244-05:00","@version":"1","message":"Bootstrapping Spring Data JPA repositories in DEFAULT mode.","logger_name":"org.springframework.data.repository.config.RepositoryConfigurationDelegate","thread_name":"main","level":"INFO","level_value":20000}
2024-12-01T20:42:22.947-05:00  INFO 24988 --- [           main] .s.d.r.c.RepositoryConfigurationDelegate : Finished Spring Data repository scanning in 506 ms. Found 41 JPA repository interfaces.
{"@timestamp":"2024-12-01T20:42:22.9473052-05:00","@version":"1","message":"Finished Spring Data repository scanning in 506 ms. Found 41 JPA repository interfaces.","logger_name":"org.springframework.data.repository.config.RepositoryConfigurationDelegate","thread_name":"main","level":"INFO","level_value":20000}
2024-12-01T20:42:23.231-05:00  INFO 24988 --- [           main] com.zaxxer.hikari.HikariDataSource       : HikariPool-3 - Starting...
{"@timestamp":"2024-12-01T20:42:23.2318664-05:00","@version":"1","message":"HikariPool-3 - Starting...","logger_name":"com.zaxxer.hikari.HikariDataSource","thread_name":"main","level":"INFO","level_value":20000}
2024-12-01T20:42:23.237-05:00  INFO 24988 --- [           main] com.zaxxer.hikari.pool.HikariPool        : HikariPool-3 - Added connection conn20: url=jdbc:h2:mem:testdb user=ADMIN
{"@timestamp":"2024-12-01T20:42:23.237022-05:00","@version":"1","message":"HikariPool-3 - Added connection conn20: url=jdbc:h2:mem:testdb user=ADMIN","logger_name":"com.zaxxer.hikari.pool.HikariPool","thread_name":"main","level":"INFO","level_value":20000}
2024-12-01T20:42:23.238-05:00  INFO 24988 --- [           main] com.zaxxer.hikari.HikariDataSource       : HikariPool-3 - Start completed.
{"@timestamp":"2024-12-01T20:42:23.2387504-05:00","@version":"1","message":"HikariPool-3 - Start completed.","logger_name":"com.zaxxer.hikari.HikariDataSource","thread_name":"main","level":"INFO","level_value":20000}
2024-12-01T20:42:23.242-05:00  INFO 24988 --- [           main] o.hibernate.jpa.internal.util.LogHelper  : HHH000204: Processing PersistenceUnitInfo [name: default]
{"@timestamp":"2024-12-01T20:42:23.2421969-05:00","@version":"1","message":"HHH000204: Processing PersistenceUnitInfo [name: default]","logger_name":"org.hibernate.jpa.internal.util.LogHelper","thread_name":"main","level":"INFO","level_value":20000}
2024-12-01T20:42:23.271-05:00  INFO 24988 --- [           main] o.s.o.j.p.SpringPersistenceUnitInfo      : No LoadTimeWeaver setup: ignoring JPA class transformer
{"@timestamp":"2024-12-01T20:42:23.2713131-05:00","@version":"1","message":"No LoadTimeWeaver setup: ignoring JPA class transformer","logger_name":"org.springframework.orm.jpa.persistenceunit.SpringPersistenceUnitInfo","thread_name":"main","level":"INFO","level_value":20000}
2024-12-01T20:42:23.274-05:00  WARN 24988 --- [           main] org.hibernate.orm.deprecation            : HHH90000025: H2Dialect does not need to be specified explicitly using 'hibernate.dialect' (remove the property setting and it will be selected by default)
{"@timestamp":"2024-12-01T20:42:23.2743266-05:00","@version":"1","message":"HHH90000025: H2Dialect does not need to be specified explicitly using 'hibernate.dialect' (remove the property setting and it will be selected by default)","logger_name":"org.hibernate.orm.deprecation","thread_name":"main","level":"WARN","level_value":30000}
2024-12-01T20:42:25.584-05:00  INFO 24988 --- [           main] o.h.e.t.j.p.i.JtaPlatformInitiator       : HHH000489: No JTA platform available (set 'hibernate.transaction.jta.platform' to enable JTA platform integration)
{"@timestamp":"2024-12-01T20:42:25.5843158-05:00","@version":"1","message":"HHH000489: No JTA platform available (set 'hibernate.transaction.jta.platform' to enable JTA platform integration)","logger_name":"org.hibernate.engine.transaction.jta.platform.internal.JtaPlatformInitiator","thread_name":"main","level":"INFO","level_value":20000}
2024-12-01T20:42:25.867-05:00  INFO 24988 --- [           main] j.LocalContainerEntityManagerFactoryBean : Initialized JPA EntityManagerFactory for persistence unit 'default'
{"@timestamp":"2024-12-01T20:42:25.8670411-05:00","@version":"1","message":"Initialized JPA EntityManagerFactory for persistence unit 'default'","logger_name":"org.springframework.orm.jpa.LocalContainerEntityManagerFactoryBean","thread_name":"main","level":"INFO","level_value":20000}
2024-12-01T20:42:27.252-05:00  WARN 24988 --- [           main] JpaBaseConfiguration$JpaWebConfiguration : spring.jpa.open-in-view is enabled by default. Therefore, database queries may be performed during view rendering. Explicitly configure spring.jpa.open-in-view to disable this warning
{"@timestamp":"2024-12-01T20:42:27.2520356-05:00","@version":"1","message":"spring.jpa.open-in-view is enabled by default. Therefore, database queries may be performed during view rendering. Explicitly configure spring.jpa.open-in-view to disable this warning","logger_name":"org.springframework.boot.autoconfigure.orm.jpa.JpaBaseConfiguration$JpaWebConfiguration","thread_name":"main","level":"WARN","level_value":30000}
2024-12-01T20:42:27.272-05:00  WARN 24988 --- [           main] .s.s.UserDetailsServiceAutoConfiguration : 

Using generated security password: 0cbae48e-0378-4237-8b1f-b92fe466488b

This generated password is for development use only. Your security configuration must be updated before running your application in production.

{"@timestamp":"2024-12-01T20:42:27.272567-05:00","@version":"1","message":"\r\n\r\nUsing generated security password: 0cbae48e-0378-4237-8b1f-b92fe466488b\r\n\r\nThis generated password is for development use only. Your security configuration must be updated before running your application in production.\r\n","logger_name":"org.springframework.boot.autoconfigure.security.servlet.UserDetailsServiceAutoConfiguration","thread_name":"main","level":"WARN","level_value":30000}
2024-12-01T20:42:27.322-05:00  INFO 24988 --- [           main] o.s.s.web.DefaultSecurityFilterChain     : Will secure any request with [org.springframework.security.web.session.DisableEncodeUrlFilter@62a16bb5, org.springframework.security.web.context.request.async.WebAsyncManagerIntegrationFilter@7656bf93, org.springframework.security.web.context.SecurityContextHolderFilter@324e54b2, org.springframework.security.web.header.HeaderWriterFilter@59f4d05a, org.springframework.web.filter.CorsFilter@266b8d7a, org.springframework.security.web.authentication.logout.LogoutFilter@5bf9e359, co.edu.icesi.dev.outcome_curr_mgmt.saamfi.filters.SaamfiAuthenticationFilter@19787318, org.springframework.security.web.savedrequest.RequestCacheAwareFilter@723df76b, org.springframework.security.web.servletapi.SecurityContextHolderAwareRequestFilter@db49f76, org.springframework.security.web.authentication.AnonymousAuthenticationFilter@6cee57d1, org.springframework.security.web.session.SessionManagementFilter@7a7d81b4, org.springframework.security.web.access.ExceptionTranslationFilter@59833616, org.springframework.security.web.access.intercept.AuthorizationFilter@6f84a977]
{"@timestamp":"2024-12-01T20:42:27.3224412-05:00","@version":"1","message":"Will secure any request with [org.springframework.security.web.session.DisableEncodeUrlFilter@62a16bb5, org.springframework.security.web.context.request.async.WebAsyncManagerIntegrationFilter@7656bf93, org.springframework.security.web.context.SecurityContextHolderFilter@324e54b2, org.springframework.security.web.header.HeaderWriterFilter@59f4d05a, org.springframework.web.filter.CorsFilter@266b8d7a, org.springframework.security.web.authentication.logout.LogoutFilter@5bf9e359, co.edu.icesi.dev.outcome_curr_mgmt.saamfi.filters.SaamfiAuthenticationFilter@19787318, org.springframework.security.web.savedrequest.RequestCacheAwareFilter@723df76b, org.springframework.security.web.servletapi.SecurityContextHolderAwareRequestFilter@db49f76, org.springframework.security.web.authentication.AnonymousAuthenticationFilter@6cee57d1, org.springframework.security.web.session.SessionManagementFilter@7a7d81b4, org.springframework.security.web.access.ExceptionTranslationFilter@59833616, org.springframework.security.web.access.intercept.AuthorizationFilter@6f84a977]","logger_name":"org.springframework.security.web.DefaultSecurityFilterChain","thread_name":"main","level":"INFO","level_value":20000}
2024-12-01T20:42:28.019-05:00  INFO 24988 --- [           main] o.s.b.a.h2.H2ConsoleAutoConfiguration    : H2 console available at '/h2-console'. Database available at 'jdbc:h2:mem:testdb'
{"@timestamp":"2024-12-01T20:42:28.0192699-05:00","@version":"1","message":"H2 console available at '/h2-console'. Database available at 'jdbc:h2:mem:testdb'","logger_name":"org.springframework.boot.autoconfigure.h2.H2ConsoleAutoConfiguration","thread_name":"main","level":"INFO","level_value":20000}
2024-12-01T20:42:28.070-05:00  INFO 24988 --- [           main] o.s.b.a.e.web.EndpointLinksResolver      : Exposing 13 endpoint(s) beneath base path '/actuator'
{"@timestamp":"2024-12-01T20:42:28.0703127-05:00","@version":"1","message":"Exposing 13 endpoint(s) beneath base path '/actuator'","logger_name":"org.springframework.boot.actuate.endpoint.web.EndpointLinksResolver","thread_name":"main","level":"INFO","level_value":20000}
2024-12-01T20:42:28.231-05:00  INFO 24988 --- [           main] c.e.i.d.o.p.c.StudOutcomeRepositoryTest  : Started StudOutcomeRepositoryTest in 7.379 seconds (process running for 69.178)
{"@timestamp":"2024-12-01T20:42:28.2310675-05:00","@version":"1","message":"Started StudOutcomeRepositoryTest in 7.379 seconds (process running for 69.178)","logger_name":"co.edu.icesi.dev.outcome_curr_mgmt.persistence.curriculum_qa.StudOutcomeRepositoryTest","thread_name":"main","level":"INFO","level_value":20000}
]]></system-out>
  </testcase>
  <testcase name="testReturnsCoursesWhenThereAreNoExistingAcadProgWithTheGivenId" classname="co.edu.icesi.dev.outcome_curr_mgmt.persistence.curriculum_qa.StudOutcomeRepositoryTest" time="7.613">
    <system-out><![CDATA[2024-12-01T20:42:28.524-05:00  INFO 24988 --- [           main] j.LocalContainerEntityManagerFactoryBean : Closing JPA EntityManagerFactory for persistence unit 'default'
{"@timestamp":"2024-12-01T20:42:28.5243306-05:00","@version":"1","message":"Closing JPA EntityManagerFactory for persistence unit 'default'","logger_name":"org.springframework.orm.jpa.LocalContainerEntityManagerFactoryBean","thread_name":"main","level":"INFO","level_value":20000}
2024-12-01T20:42:28.555-05:00  INFO 24988 --- [           main] com.zaxxer.hikari.HikariDataSource       : HikariPool-3 - Shutdown initiated...
{"@timestamp":"2024-12-01T20:42:28.5558791-05:00","@version":"1","message":"HikariPool-3 - Shutdown initiated...","logger_name":"com.zaxxer.hikari.HikariDataSource","thread_name":"main","level":"INFO","level_value":20000}
2024-12-01T20:42:28.586-05:00  INFO 24988 --- [           main] com.zaxxer.hikari.HikariDataSource       : HikariPool-3 - Shutdown completed.
{"@timestamp":"2024-12-01T20:42:28.5868609-05:00","@version":"1","message":"HikariPool-3 - Shutdown completed.","logger_name":"com.zaxxer.hikari.HikariDataSource","thread_name":"main","level":"INFO","level_value":20000}

  .   ____          _            __ _ _
 /\\ / ___'_ __ _ _(_)_ __  __ _ \ \ \ \
( ( )\___ | '_ | '_| | '_ \/ _` | \ \ \ \
 \\/  ___)| |_)| | | | | || (_| |  ) ) ) )
  '  |____| .__|_| |_|_| |_\__, | / / / /
 =========|_|==============|___/=/_/_/_/
 :: Spring Boot ::                (v3.1.5)

2024-12-01T20:42:28.690-05:00  INFO 24988 --- [           main] c.e.i.d.o.p.c.StudOutcomeRepositoryTest  : Starting StudOutcomeRepositoryTest using Java 21.0.2 with PID 24988 (started by Windows in C:\Users\Windows\Proyecto Ingesoft5\IngSoftV\outcome-curr-mgmt)
{"@timestamp":"2024-12-01T20:42:28.6905376-05:00","@version":"1","message":"Starting StudOutcomeRepositoryTest using Java 21.0.2 with PID 24988 (started by Windows in C:\\Users\\Windows\\Proyecto Ingesoft5\\IngSoftV\\outcome-curr-mgmt)","logger_name":"co.edu.icesi.dev.outcome_curr_mgmt.persistence.curriculum_qa.StudOutcomeRepositoryTest","thread_name":"main","level":"INFO","level_value":20000}
2024-12-01T20:42:28.694-05:00  INFO 24988 --- [           main] c.e.i.d.o.p.c.StudOutcomeRepositoryTest  : The following 1 profile is active: "test"
{"@timestamp":"2024-12-01T20:42:28.6941315-05:00","@version":"1","message":"The following 1 profile is active: \"test\"","logger_name":"co.edu.icesi.dev.outcome_curr_mgmt.persistence.curriculum_qa.StudOutcomeRepositoryTest","thread_name":"main","level":"INFO","level_value":20000}
2024-12-01T20:42:29.974-05:00  INFO 24988 --- [           main] .s.d.r.c.RepositoryConfigurationDelegate : Bootstrapping Spring Data JPA repositories in DEFAULT mode.
{"@timestamp":"2024-12-01T20:42:29.9746877-05:00","@version":"1","message":"Bootstrapping Spring Data JPA repositories in DEFAULT mode.","logger_name":"org.springframework.data.repository.config.RepositoryConfigurationDelegate","thread_name":"main","level":"INFO","level_value":20000}
2024-12-01T20:42:31.440-05:00  INFO 24988 --- [           main] .s.d.r.c.RepositoryConfigurationDelegate : Finished Spring Data repository scanning in 1464 ms. Found 41 JPA repository interfaces.
{"@timestamp":"2024-12-01T20:42:31.4403413-05:00","@version":"1","message":"Finished Spring Data repository scanning in 1464 ms. Found 41 JPA repository interfaces.","logger_name":"org.springframework.data.repository.config.RepositoryConfigurationDelegate","thread_name":"main","level":"INFO","level_value":20000}
2024-12-01T20:42:31.799-05:00  INFO 24988 --- [           main] com.zaxxer.hikari.HikariDataSource       : HikariPool-4 - Starting...
{"@timestamp":"2024-12-01T20:42:31.7996762-05:00","@version":"1","message":"HikariPool-4 - Starting...","logger_name":"com.zaxxer.hikari.HikariDataSource","thread_name":"main","level":"INFO","level_value":20000}
2024-12-01T20:42:31.803-05:00  INFO 24988 --- [           main] com.zaxxer.hikari.pool.HikariPool        : HikariPool-4 - Added connection conn30: url=jdbc:h2:mem:testdb user=ADMIN
{"@timestamp":"2024-12-01T20:42:31.8036634-05:00","@version":"1","message":"HikariPool-4 - Added connection conn30: url=jdbc:h2:mem:testdb user=ADMIN","logger_name":"com.zaxxer.hikari.pool.HikariPool","thread_name":"main","level":"INFO","level_value":20000}
2024-12-01T20:42:31.804-05:00  INFO 24988 --- [           main] com.zaxxer.hikari.HikariDataSource       : HikariPool-4 - Start completed.
{"@timestamp":"2024-12-01T20:42:31.8046594-05:00","@version":"1","message":"HikariPool-4 - Start completed.","logger_name":"com.zaxxer.hikari.HikariDataSource","thread_name":"main","level":"INFO","level_value":20000}
2024-12-01T20:42:31.807-05:00  INFO 24988 --- [           main] o.hibernate.jpa.internal.util.LogHelper  : HHH000204: Processing PersistenceUnitInfo [name: default]
{"@timestamp":"2024-12-01T20:42:31.8076832-05:00","@version":"1","message":"HHH000204: Processing PersistenceUnitInfo [name: default]","logger_name":"org.hibernate.jpa.internal.util.LogHelper","thread_name":"main","level":"INFO","level_value":20000}
2024-12-01T20:42:31.827-05:00  INFO 24988 --- [           main] o.s.o.j.p.SpringPersistenceUnitInfo      : No LoadTimeWeaver setup: ignoring JPA class transformer
{"@timestamp":"2024-12-01T20:42:31.8278352-05:00","@version":"1","message":"No LoadTimeWeaver setup: ignoring JPA class transformer","logger_name":"org.springframework.orm.jpa.persistenceunit.SpringPersistenceUnitInfo","thread_name":"main","level":"INFO","level_value":20000}
2024-12-01T20:42:31.829-05:00  WARN 24988 --- [           main] org.hibernate.orm.deprecation            : HHH90000025: H2Dialect does not need to be specified explicitly using 'hibernate.dialect' (remove the property setting and it will be selected by default)
{"@timestamp":"2024-12-01T20:42:31.8298469-05:00","@version":"1","message":"HHH90000025: H2Dialect does not need to be specified explicitly using 'hibernate.dialect' (remove the property setting and it will be selected by default)","logger_name":"org.hibernate.orm.deprecation","thread_name":"main","level":"WARN","level_value":30000}
2024-12-01T20:42:33.413-05:00  INFO 24988 --- [           main] o.h.e.t.j.p.i.JtaPlatformInitiator       : HHH000489: No JTA platform available (set 'hibernate.transaction.jta.platform' to enable JTA platform integration)
{"@timestamp":"2024-12-01T20:42:33.4136611-05:00","@version":"1","message":"HHH000489: No JTA platform available (set 'hibernate.transaction.jta.platform' to enable JTA platform integration)","logger_name":"org.hibernate.engine.transaction.jta.platform.internal.JtaPlatformInitiator","thread_name":"main","level":"INFO","level_value":20000}
2024-12-01T20:42:33.701-05:00  INFO 24988 --- [           main] j.LocalContainerEntityManagerFactoryBean : Initialized JPA EntityManagerFactory for persistence unit 'default'
{"@timestamp":"2024-12-01T20:42:33.7012684-05:00","@version":"1","message":"Initialized JPA EntityManagerFactory for persistence unit 'default'","logger_name":"org.springframework.orm.jpa.LocalContainerEntityManagerFactoryBean","thread_name":"main","level":"INFO","level_value":20000}
2024-12-01T20:42:35.135-05:00  WARN 24988 --- [           main] JpaBaseConfiguration$JpaWebConfiguration : spring.jpa.open-in-view is enabled by default. Therefore, database queries may be performed during view rendering. Explicitly configure spring.jpa.open-in-view to disable this warning
{"@timestamp":"2024-12-01T20:42:35.1358536-05:00","@version":"1","message":"spring.jpa.open-in-view is enabled by default. Therefore, database queries may be performed during view rendering. Explicitly configure spring.jpa.open-in-view to disable this warning","logger_name":"org.springframework.boot.autoconfigure.orm.jpa.JpaBaseConfiguration$JpaWebConfiguration","thread_name":"main","level":"WARN","level_value":30000}
2024-12-01T20:42:35.159-05:00  WARN 24988 --- [           main] .s.s.UserDetailsServiceAutoConfiguration : 

Using generated security password: 7d6bf907-7ab4-471c-b860-a633e980a3d4

This generated password is for development use only. Your security configuration must be updated before running your application in production.

{"@timestamp":"2024-12-01T20:42:35.1591006-05:00","@version":"1","message":"\r\n\r\nUsing generated security password: 7d6bf907-7ab4-471c-b860-a633e980a3d4\r\n\r\nThis generated password is for development use only. Your security configuration must be updated before running your application in production.\r\n","logger_name":"org.springframework.boot.autoconfigure.security.servlet.UserDetailsServiceAutoConfiguration","thread_name":"main","level":"WARN","level_value":30000}
2024-12-01T20:42:35.225-05:00  INFO 24988 --- [           main] o.s.s.web.DefaultSecurityFilterChain     : Will secure any request with [org.springframework.security.web.session.DisableEncodeUrlFilter@2cc6ae64, org.springframework.security.web.context.request.async.WebAsyncManagerIntegrationFilter@438ff534, org.springframework.security.web.context.SecurityContextHolderFilter@763fcb7d, org.springframework.security.web.header.HeaderWriterFilter@38d1253a, org.springframework.web.filter.CorsFilter@49995921, org.springframework.security.web.authentication.logout.LogoutFilter@50e7e820, co.edu.icesi.dev.outcome_curr_mgmt.saamfi.filters.SaamfiAuthenticationFilter@1c29638a, org.springframework.security.web.savedrequest.RequestCacheAwareFilter@522fc75f, org.springframework.security.web.servletapi.SecurityContextHolderAwareRequestFilter@63e6d0d5, org.springframework.security.web.authentication.AnonymousAuthenticationFilter@3efecf77, org.springframework.security.web.session.SessionManagementFilter@30a17ee8, org.springframework.security.web.access.ExceptionTranslationFilter@15c62e53, org.springframework.security.web.access.intercept.AuthorizationFilter@29ebcf7a]
{"@timestamp":"2024-12-01T20:42:35.2253653-05:00","@version":"1","message":"Will secure any request with [org.springframework.security.web.session.DisableEncodeUrlFilter@2cc6ae64, org.springframework.security.web.context.request.async.WebAsyncManagerIntegrationFilter@438ff534, org.springframework.security.web.context.SecurityContextHolderFilter@763fcb7d, org.springframework.security.web.header.HeaderWriterFilter@38d1253a, org.springframework.web.filter.CorsFilter@49995921, org.springframework.security.web.authentication.logout.LogoutFilter@50e7e820, co.edu.icesi.dev.outcome_curr_mgmt.saamfi.filters.SaamfiAuthenticationFilter@1c29638a, org.springframework.security.web.savedrequest.RequestCacheAwareFilter@522fc75f, org.springframework.security.web.servletapi.SecurityContextHolderAwareRequestFilter@63e6d0d5, org.springframework.security.web.authentication.AnonymousAuthenticationFilter@3efecf77, org.springframework.security.web.session.SessionManagementFilter@30a17ee8, org.springframework.security.web.access.ExceptionTranslationFilter@15c62e53, org.springframework.security.web.access.intercept.AuthorizationFilter@29ebcf7a]","logger_name":"org.springframework.security.web.DefaultSecurityFilterChain","thread_name":"main","level":"INFO","level_value":20000}
2024-12-01T20:42:35.938-05:00  INFO 24988 --- [           main] o.s.b.a.h2.H2ConsoleAutoConfiguration    : H2 console available at '/h2-console'. Database available at 'jdbc:h2:mem:testdb'
{"@timestamp":"2024-12-01T20:42:35.9388315-05:00","@version":"1","message":"H2 console available at '/h2-console'. Database available at 'jdbc:h2:mem:testdb'","logger_name":"org.springframework.boot.autoconfigure.h2.H2ConsoleAutoConfiguration","thread_name":"main","level":"INFO","level_value":20000}
2024-12-01T20:42:35.960-05:00  INFO 24988 --- [           main] o.s.b.a.e.web.EndpointLinksResolver      : Exposing 13 endpoint(s) beneath base path '/actuator'
{"@timestamp":"2024-12-01T20:42:35.9609885-05:00","@version":"1","message":"Exposing 13 endpoint(s) beneath base path '/actuator'","logger_name":"org.springframework.boot.actuate.endpoint.web.EndpointLinksResolver","thread_name":"main","level":"INFO","level_value":20000}
2024-12-01T20:42:36.000-05:00  INFO 24988 --- [           main] c.e.i.d.o.p.c.StudOutcomeRepositoryTest  : Started StudOutcomeRepositoryTest in 7.411 seconds (process running for 76.949)
{"@timestamp":"2024-12-01T20:42:36.0009731-05:00","@version":"1","message":"Started StudOutcomeRepositoryTest in 7.411 seconds (process running for 76.949)","logger_name":"co.edu.icesi.dev.outcome_curr_mgmt.persistence.curriculum_qa.StudOutcomeRepositoryTest","thread_name":"main","level":"INFO","level_value":20000}
]]></system-out>
  </testcase>
  <testcase name="testReturnsCoursesWithAllIdsValid" classname="co.edu.icesi.dev.outcome_curr_mgmt.persistence.curriculum_qa.StudOutcomeRepositoryTest" time="6.58">
    <system-out><![CDATA[2024-12-01T20:42:36.138-05:00  INFO 24988 --- [           main] j.LocalContainerEntityManagerFactoryBean : Closing JPA EntityManagerFactory for persistence unit 'default'
{"@timestamp":"2024-12-01T20:42:36.1388797-05:00","@version":"1","message":"Closing JPA EntityManagerFactory for persistence unit 'default'","logger_name":"org.springframework.orm.jpa.LocalContainerEntityManagerFactoryBean","thread_name":"main","level":"INFO","level_value":20000}
2024-12-01T20:42:36.150-05:00  INFO 24988 --- [           main] com.zaxxer.hikari.HikariDataSource       : HikariPool-4 - Shutdown initiated...
{"@timestamp":"2024-12-01T20:42:36.1507816-05:00","@version":"1","message":"HikariPool-4 - Shutdown initiated...","logger_name":"com.zaxxer.hikari.HikariDataSource","thread_name":"main","level":"INFO","level_value":20000}
2024-12-01T20:42:36.153-05:00  INFO 24988 --- [           main] com.zaxxer.hikari.HikariDataSource       : HikariPool-4 - Shutdown completed.
{"@timestamp":"2024-12-01T20:42:36.1533484-05:00","@version":"1","message":"HikariPool-4 - Shutdown completed.","logger_name":"com.zaxxer.hikari.HikariDataSource","thread_name":"main","level":"INFO","level_value":20000}

  .   ____          _            __ _ _
 /\\ / ___'_ __ _ _(_)_ __  __ _ \ \ \ \
( ( )\___ | '_ | '_| | '_ \/ _` | \ \ \ \
 \\/  ___)| |_)| | | | | || (_| |  ) ) ) )
  '  |____| .__|_| |_|_| |_\__, | / / / /
 =========|_|==============|___/=/_/_/_/
 :: Spring Boot ::                (v3.1.5)

2024-12-01T20:42:36.293-05:00  INFO 24988 --- [           main] c.e.i.d.o.p.c.StudOutcomeRepositoryTest  : Starting StudOutcomeRepositoryTest using Java 21.0.2 with PID 24988 (started by Windows in C:\Users\Windows\Proyecto Ingesoft5\IngSoftV\outcome-curr-mgmt)
{"@timestamp":"2024-12-01T20:42:36.2930589-05:00","@version":"1","message":"Starting StudOutcomeRepositoryTest using Java 21.0.2 with PID 24988 (started by Windows in C:\\Users\\Windows\\Proyecto Ingesoft5\\IngSoftV\\outcome-curr-mgmt)","logger_name":"co.edu.icesi.dev.outcome_curr_mgmt.persistence.curriculum_qa.StudOutcomeRepositoryTest","thread_name":"main","level":"INFO","level_value":20000}
2024-12-01T20:42:36.295-05:00  INFO 24988 --- [           main] c.e.i.d.o.p.c.StudOutcomeRepositoryTest  : The following 1 profile is active: "test"
{"@timestamp":"2024-12-01T20:42:36.2954001-05:00","@version":"1","message":"The following 1 profile is active: \"test\"","logger_name":"co.edu.icesi.dev.outcome_curr_mgmt.persistence.curriculum_qa.StudOutcomeRepositoryTest","thread_name":"main","level":"INFO","level_value":20000}
2024-12-01T20:42:37.378-05:00  INFO 24988 --- [           main] .s.d.r.c.RepositoryConfigurationDelegate : Bootstrapping Spring Data JPA repositories in DEFAULT mode.
{"@timestamp":"2024-12-01T20:42:37.3789849-05:00","@version":"1","message":"Bootstrapping Spring Data JPA repositories in DEFAULT mode.","logger_name":"org.springframework.data.repository.config.RepositoryConfigurationDelegate","thread_name":"main","level":"INFO","level_value":20000}
2024-12-01T20:42:37.937-05:00  INFO 24988 --- [           main] .s.d.r.c.RepositoryConfigurationDelegate : Finished Spring Data repository scanning in 556 ms. Found 41 JPA repository interfaces.
{"@timestamp":"2024-12-01T20:42:37.937323-05:00","@version":"1","message":"Finished Spring Data repository scanning in 556 ms. Found 41 JPA repository interfaces.","logger_name":"org.springframework.data.repository.config.RepositoryConfigurationDelegate","thread_name":"main","level":"INFO","level_value":20000}
2024-12-01T20:42:38.337-05:00  INFO 24988 --- [           main] com.zaxxer.hikari.HikariDataSource       : HikariPool-5 - Starting...
{"@timestamp":"2024-12-01T20:42:38.3378552-05:00","@version":"1","message":"HikariPool-5 - Starting...","logger_name":"com.zaxxer.hikari.HikariDataSource","thread_name":"main","level":"INFO","level_value":20000}
2024-12-01T20:42:38.341-05:00  INFO 24988 --- [           main] com.zaxxer.hikari.pool.HikariPool        : HikariPool-5 - Added connection conn40: url=jdbc:h2:mem:testdb user=ADMIN
{"@timestamp":"2024-12-01T20:42:38.3412989-05:00","@version":"1","message":"HikariPool-5 - Added connection conn40: url=jdbc:h2:mem:testdb user=ADMIN","logger_name":"com.zaxxer.hikari.pool.HikariPool","thread_name":"main","level":"INFO","level_value":20000}
2024-12-01T20:42:38.342-05:00  INFO 24988 --- [           main] com.zaxxer.hikari.HikariDataSource       : HikariPool-5 - Start completed.
{"@timestamp":"2024-12-01T20:42:38.3423009-05:00","@version":"1","message":"HikariPool-5 - Start completed.","logger_name":"com.zaxxer.hikari.HikariDataSource","thread_name":"main","level":"INFO","level_value":20000}
2024-12-01T20:42:38.344-05:00  INFO 24988 --- [           main] o.hibernate.jpa.internal.util.LogHelper  : HHH000204: Processing PersistenceUnitInfo [name: default]
{"@timestamp":"2024-12-01T20:42:38.3442956-05:00","@version":"1","message":"HHH000204: Processing PersistenceUnitInfo [name: default]","logger_name":"org.hibernate.jpa.internal.util.LogHelper","thread_name":"main","level":"INFO","level_value":20000}
2024-12-01T20:42:38.368-05:00  INFO 24988 --- [           main] o.s.o.j.p.SpringPersistenceUnitInfo      : No LoadTimeWeaver setup: ignoring JPA class transformer
{"@timestamp":"2024-12-01T20:42:38.368985-05:00","@version":"1","message":"No LoadTimeWeaver setup: ignoring JPA class transformer","logger_name":"org.springframework.orm.jpa.persistenceunit.SpringPersistenceUnitInfo","thread_name":"main","level":"INFO","level_value":20000}
2024-12-01T20:42:38.372-05:00  WARN 24988 --- [           main] org.hibernate.orm.deprecation            : HHH90000025: H2Dialect does not need to be specified explicitly using 'hibernate.dialect' (remove the property setting and it will be selected by default)
{"@timestamp":"2024-12-01T20:42:38.3721391-05:00","@version":"1","message":"HHH90000025: H2Dialect does not need to be specified explicitly using 'hibernate.dialect' (remove the property setting and it will be selected by default)","logger_name":"org.hibernate.orm.deprecation","thread_name":"main","level":"WARN","level_value":30000}
2024-12-01T20:42:39.681-05:00  INFO 24988 --- [           main] o.h.e.t.j.p.i.JtaPlatformInitiator       : HHH000489: No JTA platform available (set 'hibernate.transaction.jta.platform' to enable JTA platform integration)
{"@timestamp":"2024-12-01T20:42:39.6813361-05:00","@version":"1","message":"HHH000489: No JTA platform available (set 'hibernate.transaction.jta.platform' to enable JTA platform integration)","logger_name":"org.hibernate.engine.transaction.jta.platform.internal.JtaPlatformInitiator","thread_name":"main","level":"INFO","level_value":20000}
2024-12-01T20:42:39.872-05:00  INFO 24988 --- [           main] j.LocalContainerEntityManagerFactoryBean : Initialized JPA EntityManagerFactory for persistence unit 'default'
{"@timestamp":"2024-12-01T20:42:39.8729886-05:00","@version":"1","message":"Initialized JPA EntityManagerFactory for persistence unit 'default'","logger_name":"org.springframework.orm.jpa.LocalContainerEntityManagerFactoryBean","thread_name":"main","level":"INFO","level_value":20000}
2024-12-01T20:42:41.640-05:00  WARN 24988 --- [           main] JpaBaseConfiguration$JpaWebConfiguration : spring.jpa.open-in-view is enabled by default. Therefore, database queries may be performed during view rendering. Explicitly configure spring.jpa.open-in-view to disable this warning
{"@timestamp":"2024-12-01T20:42:41.6404292-05:00","@version":"1","message":"spring.jpa.open-in-view is enabled by default. Therefore, database queries may be performed during view rendering. Explicitly configure spring.jpa.open-in-view to disable this warning","logger_name":"org.springframework.boot.autoconfigure.orm.jpa.JpaBaseConfiguration$JpaWebConfiguration","thread_name":"main","level":"WARN","level_value":30000}
2024-12-01T20:42:41.670-05:00  WARN 24988 --- [           main] .s.s.UserDetailsServiceAutoConfiguration : 

Using generated security password: 1157b21d-1fbc-4dee-ae9f-810137e87c08

This generated password is for development use only. Your security configuration must be updated before running your application in production.

{"@timestamp":"2024-12-01T20:42:41.6709186-05:00","@version":"1","message":"\r\n\r\nUsing generated security password: 1157b21d-1fbc-4dee-ae9f-810137e87c08\r\n\r\nThis generated password is for development use only. Your security configuration must be updated before running your application in production.\r\n","logger_name":"org.springframework.boot.autoconfigure.security.servlet.UserDetailsServiceAutoConfiguration","thread_name":"main","level":"WARN","level_value":30000}
2024-12-01T20:42:41.782-05:00  INFO 24988 --- [           main] o.s.s.web.DefaultSecurityFilterChain     : Will secure any request with [org.springframework.security.web.session.DisableEncodeUrlFilter@42413ef3, org.springframework.security.web.context.request.async.WebAsyncManagerIntegrationFilter@35e6fb51, org.springframework.security.web.context.SecurityContextHolderFilter@db9e88d, org.springframework.security.web.header.HeaderWriterFilter@2e0d96e6, org.springframework.web.filter.CorsFilter@b96b45e, org.springframework.security.web.authentication.logout.LogoutFilter@e7f35e7, co.edu.icesi.dev.outcome_curr_mgmt.saamfi.filters.SaamfiAuthenticationFilter@742797bc, org.springframework.security.web.savedrequest.RequestCacheAwareFilter@23b5c61a, org.springframework.security.web.servletapi.SecurityContextHolderAwareRequestFilter@614dde2c, org.springframework.security.web.authentication.AnonymousAuthenticationFilter@22d5aa81, org.springframework.security.web.session.SessionManagementFilter@5d3e03d4, org.springframework.security.web.access.ExceptionTranslationFilter@550f75bd, org.springframework.security.web.access.intercept.AuthorizationFilter@cc4b5d8]
{"@timestamp":"2024-12-01T20:42:41.7823701-05:00","@version":"1","message":"Will secure any request with [org.springframework.security.web.session.DisableEncodeUrlFilter@42413ef3, org.springframework.security.web.context.request.async.WebAsyncManagerIntegrationFilter@35e6fb51, org.springframework.security.web.context.SecurityContextHolderFilter@db9e88d, org.springframework.security.web.header.HeaderWriterFilter@2e0d96e6, org.springframework.web.filter.CorsFilter@b96b45e, org.springframework.security.web.authentication.logout.LogoutFilter@e7f35e7, co.edu.icesi.dev.outcome_curr_mgmt.saamfi.filters.SaamfiAuthenticationFilter@742797bc, org.springframework.security.web.savedrequest.RequestCacheAwareFilter@23b5c61a, org.springframework.security.web.servletapi.SecurityContextHolderAwareRequestFilter@614dde2c, org.springframework.security.web.authentication.AnonymousAuthenticationFilter@22d5aa81, org.springframework.security.web.session.SessionManagementFilter@5d3e03d4, org.springframework.security.web.access.ExceptionTranslationFilter@550f75bd, org.springframework.security.web.access.intercept.AuthorizationFilter@cc4b5d8]","logger_name":"org.springframework.security.web.DefaultSecurityFilterChain","thread_name":"main","level":"INFO","level_value":20000}
2024-12-01T20:42:42.450-05:00  INFO 24988 --- [           main] o.s.b.a.h2.H2ConsoleAutoConfiguration    : H2 console available at '/h2-console'. Database available at 'jdbc:h2:mem:testdb'
{"@timestamp":"2024-12-01T20:42:42.4507521-05:00","@version":"1","message":"H2 console available at '/h2-console'. Database available at 'jdbc:h2:mem:testdb'","logger_name":"org.springframework.boot.autoconfigure.h2.H2ConsoleAutoConfiguration","thread_name":"main","level":"INFO","level_value":20000}
2024-12-01T20:42:42.472-05:00  INFO 24988 --- [           main] o.s.b.a.e.web.EndpointLinksResolver      : Exposing 13 endpoint(s) beneath base path '/actuator'
{"@timestamp":"2024-12-01T20:42:42.4726355-05:00","@version":"1","message":"Exposing 13 endpoint(s) beneath base path '/actuator'","logger_name":"org.springframework.boot.actuate.endpoint.web.EndpointLinksResolver","thread_name":"main","level":"INFO","level_value":20000}
2024-12-01T20:42:42.530-05:00  INFO 24988 --- [           main] c.e.i.d.o.p.c.StudOutcomeRepositoryTest  : Started StudOutcomeRepositoryTest in 6.373 seconds (process running for 83.478)
{"@timestamp":"2024-12-01T20:42:42.5306425-05:00","@version":"1","message":"Started StudOutcomeRepositoryTest in 6.373 seconds (process running for 83.478)","logger_name":"co.edu.icesi.dev.outcome_curr_mgmt.persistence.curriculum_qa.StudOutcomeRepositoryTest","thread_name":"main","level":"INFO","level_value":20000}
]]></system-out>
  </testcase>
</testsuite>