<?xml version="1.0" encoding="UTF-8"?>
<testsuite xmlns:xsi="http://www.w3.org/2001/XMLSchema-instance" xsi:noNamespaceSchemaLocation="https://maven.apache.org/surefire/maven-surefire-plugin/xsd/surefire-test-report-3.0.xsd" version="3.0" name="co.edu.icesi.dev.outcome_curr_mgmt.rs.management.AuthUserControllerImplTest" time="11.009" tests="2" errors="0" skipped="0" failures="0">
  <properties>
[...]
</properties>
  <testcase name="test_failed_login_with_invalid_username_and_password" classname="co.edu.icesi.dev.outcome_curr_mgmt.rs.management.AuthUserControllerImplTest" time="3.807">
    <system-out><![CDATA[17:52:02.957 [main] INFO org.springframework.test.context.support.AnnotationConfigContextLoaderUtils -- Could not detect default configuration classes for test class [co.edu.icesi.dev.outcome_curr_mgmt.rs.management.AuthUserControllerImplTest]: AuthUserControllerImplTest does not declare any static, non-private, non-final, nested classes annotated with @Configuration.
17:52:03.070 [main] INFO org.springframework.boot.test.context.SpringBootTestContextBootstrapper -- Found @SpringBootConfiguration co.edu.icesi.dev.outcome_curr_mgmt.OutcomeCurrMgmtApplication for test class co.edu.icesi.dev.outcome_curr_mgmt.rs.management.AuthUserControllerImplTest

  .   ____          _            __ _ _
 /\\ / ___'_ __ _ _(_)_ __  __ _ \ \ \ \
( ( )\___ | '_ | '_| | '_ \/ _` | \ \ \ \
 \\/  ___)| |_)| | | | | || (_| |  ) ) ) )
  '  |____| .__|_| |_|_| |_\__, | / / / /
 =========|_|==============|___/=/_/_/_/
 :: Spring Boot ::                (v3.1.5)

2024-11-30T17:52:03.360-05:00  INFO 12223 --- [           main] c.e.i.d.o.r.m.AuthUserControllerImplTest : Starting AuthUserControllerImplTest using Java 17.0.11 with PID 12223 (started by andres in /Users/andres/Desktop/Universidad/IngSoft_5/ProyectoInge5/outcome-curr-mgmt)
2024-11-30T17:52:03.361-05:00  INFO 12223 --- [           main] c.e.i.d.o.r.m.AuthUserControllerImplTest : No active profile set, falling back to 1 default profile: "default"
2024-11-30T17:52:04.208-05:00  INFO 12223 --- [           main] .s.d.r.c.RepositoryConfigurationDelegate : Bootstrapping Spring Data JPA repositories in DEFAULT mode.
2024-11-30T17:52:04.360-05:00  INFO 12223 --- [           main] .s.d.r.c.RepositoryConfigurationDelegate : Finished Spring Data repository scanning in 142 ms. Found 41 JPA repository interfaces.
2024-11-30T17:52:04.813-05:00  INFO 12223 --- [           main] com.zaxxer.hikari.HikariDataSource       : HikariPool-1 - Starting...
2024-11-30T17:52:05.020-05:00  INFO 12223 --- [           main] com.zaxxer.hikari.pool.HikariPool        : HikariPool-1 - Added connection conn0: url=jdbc:h2:mem:testdb user=ADMIN
2024-11-30T17:52:05.021-05:00  INFO 12223 --- [           main] com.zaxxer.hikari.HikariDataSource       : HikariPool-1 - Start completed.
2024-11-30T17:52:05.059-05:00  INFO 12223 --- [           main] o.hibernate.jpa.internal.util.LogHelper  : HHH000204: Processing PersistenceUnitInfo [name: default]
2024-11-30T17:52:05.104-05:00  INFO 12223 --- [           main] org.hibernate.Version                    : HHH000412: Hibernate ORM core version 6.2.13.Final
2024-11-30T17:52:05.106-05:00  INFO 12223 --- [           main] org.hibernate.cfg.Environment            : HHH000406: Using bytecode reflection optimizer
2024-11-30T17:52:05.308-05:00  INFO 12223 --- [           main] o.s.o.j.p.SpringPersistenceUnitInfo      : No LoadTimeWeaver setup: ignoring JPA class transformer
2024-11-30T17:52:05.351-05:00  WARN 12223 --- [           main] org.hibernate.orm.deprecation            : HHH90000025: H2Dialect does not need to be specified explicitly using 'hibernate.dialect' (remove the property setting and it will be selected by default)
2024-11-30T17:52:06.714-05:00  INFO 12223 --- [           main] o.h.e.t.j.p.i.JtaPlatformInitiator       : HHH000489: No JTA platform available (set 'hibernate.transaction.jta.platform' to enable JTA platform integration)
2024-11-30T17:52:07.041-05:00  INFO 12223 --- [           main] j.LocalContainerEntityManagerFactoryBean : Initialized JPA EntityManagerFactory for persistence unit 'default'
2024-11-30T17:52:07.626-05:00  INFO 12223 --- [           main] o.s.d.j.r.query.QueryEnhancerFactory     : Hibernate is in classpath; If applicable, HQL parser will be used.
2024-11-30T17:52:08.594-05:00  WARN 12223 --- [           main] JpaBaseConfiguration$JpaWebConfiguration : spring.jpa.open-in-view is enabled by default. Therefore, database queries may be performed during view rendering. Explicitly configure spring.jpa.open-in-view to disable this warning
2024-11-30T17:52:08.620-05:00  WARN 12223 --- [           main] .s.s.UserDetailsServiceAutoConfiguration : 

Using generated security password: 118a251e-121f-468d-8a9f-3b06b948daff

This generated password is for development use only. Your security configuration must be updated before running your application in production.

2024-11-30T17:52:08.759-05:00  INFO 12223 --- [           main] o.s.s.web.DefaultSecurityFilterChain     : Will secure any request with [org.springframework.security.web.session.DisableEncodeUrlFilter@1c7f11ae, org.springframework.security.web.context.request.async.WebAsyncManagerIntegrationFilter@4ddef8cb, org.springframework.security.web.context.SecurityContextHolderFilter@75fdf03c, org.springframework.security.web.header.HeaderWriterFilter@4ddb7723, org.springframework.web.filter.CorsFilter@1f515bdb, org.springframework.security.web.authentication.logout.LogoutFilter@20836e36, co.edu.icesi.dev.outcome_curr_mgmt.saamfi.filters.SaamfiAuthenticationFilter@1caaa62c, org.springframework.security.web.savedrequest.RequestCacheAwareFilter@2adad597, org.springframework.security.web.servletapi.SecurityContextHolderAwareRequestFilter@6fcb0626, org.springframework.security.web.authentication.AnonymousAuthenticationFilter@18e88ac7, org.springframework.security.web.session.SessionManagementFilter@6bd48e85, org.springframework.security.web.access.ExceptionTranslationFilter@5dfbfaaf, org.springframework.security.web.access.intercept.AuthorizationFilter@69a70ae0]
2024-11-30T17:52:09.429-05:00  INFO 12223 --- [           main] o.s.b.a.h2.H2ConsoleAutoConfiguration    : H2 console available at '/h2-console'. Database available at 'jdbc:h2:mem:testdb'
2024-11-30T17:52:09.457-05:00  INFO 12223 --- [           main] o.s.b.t.m.w.SpringBootMockServletContext : Initializing Spring TestDispatcherServlet ''
2024-11-30T17:52:09.457-05:00  INFO 12223 --- [           main] o.s.t.web.servlet.TestDispatcherServlet  : Initializing Servlet ''
2024-11-30T17:52:09.461-05:00  INFO 12223 --- [           main] o.s.b.a.e.web.EndpointLinksResolver      : Exposing 13 endpoint(s) beneath base path '/actuator'
2024-11-30T17:52:09.475-05:00  INFO 12223 --- [           main] o.s.t.web.servlet.TestDispatcherServlet  : Completed initialization in 18 ms
2024-11-30T17:52:09.523-05:00  INFO 12223 --- [           main] c.e.i.d.o.r.m.AuthUserControllerImplTest : Started AuthUserControllerImplTest in 6.348 seconds (process running for 7.349)
2024-11-30T17:52:10.066-05:00  WARN 12223 --- [           main] c.e.i.d.o.s.f.SaamfiAuthenticationFilter : couldn't find bearer string, will ignore the header
]]></system-out>
  </testcase>
  <testcase name="test_successful_login_with_valid_username_and_password" classname="co.edu.icesi.dev.outcome_curr_mgmt.rs.management.AuthUserControllerImplTest" time="0.385">
    <system-out><![CDATA[2024-11-30T17:52:13.443-05:00  WARN 12223 --- [           main] c.e.i.d.o.s.f.SaamfiAuthenticationFilter : couldn't find bearer string, will ignore the header
]]></system-out>
  </testcase>
</testsuite>