<?xml version="1.0" encoding="UTF-8"?>
<testsuite xmlns:xsi="http://www.w3.org/2001/XMLSchema-instance" xsi:noNamespaceSchemaLocation="https://maven.apache.org/surefire/maven-surefire-plugin/xsd/surefire-test-report-3.0.xsd" version="3.0" name="co.edu.icesi.dev.outcome_curr_mgmt.persistence.curriculum_definition.CourseRepositoryTest" time="24.87" tests="4" errors="0" skipped="0" failures="0">
  <properties>
[...]
</properties>
  <testcase name="testReturnsCoursesWhenThereAreNoExistingFacultyWithTheGivenId" classname="co.edu.icesi.dev.outcome_curr_mgmt.persistence.curriculum_definition.CourseRepositoryTest" time="1.042">
    <system-out><![CDATA[18:17:11.430 [main] INFO org.springframework.test.context.support.AnnotationConfigContextLoaderUtils -- Could not detect default configuration classes for test class [co.edu.icesi.dev.outcome_curr_mgmt.persistence.curriculum_definition.CourseRepositoryTest]: CourseRepositoryTest does not declare any static, non-private, non-final, nested classes annotated with @Configuration.
18:17:11.905 [main] INFO org.springframework.boot.test.context.SpringBootTestContextBootstrapper -- Found @SpringBootConfiguration co.edu.icesi.dev.outcome_curr_mgmt.OutcomeCurrMgmtApplication for test class co.edu.icesi.dev.outcome_curr_mgmt.persistence.curriculum_definition.CourseRepositoryTest
18:17:10,879 |-INFO in ch.qos.logback.classic.LoggerContext[default] - This is logback-classic version 1.4.11
18:17:10,891 |-INFO in ch.qos.logback.classic.util.ContextInitializer@70840a5a - Here is a list of configurators discovered as a service, by rank: 
18:17:10,891 |-INFO in ch.qos.logback.classic.util.ContextInitializer@70840a5a -   org.springframework.boot.logging.logback.RootLogLevelConfigurator
18:17:10,891 |-INFO in ch.qos.logback.classic.util.ContextInitializer@70840a5a - They will be invoked in order until ExecutionStatus.DO_NOT_INVOKE_NEXT_IF_ANY is returned.
18:17:10,891 |-INFO in ch.qos.logback.classic.util.ContextInitializer@70840a5a - Constructed configurator of type class org.springframework.boot.logging.logback.RootLogLevelConfigurator
18:17:10,908 |-INFO in ch.qos.logback.classic.util.ContextInitializer@70840a5a - org.springframework.boot.logging.logback.RootLogLevelConfigurator.configure() call lasted 2 milliseconds. ExecutionStatus=INVOKE_NEXT_IF_ANY
18:17:10,908 |-INFO in ch.qos.logback.classic.util.ContextInitializer@70840a5a - Trying to configure with ch.qos.logback.classic.joran.SerializedModelConfigurator
18:17:10,911 |-INFO in ch.qos.logback.classic.util.ContextInitializer@70840a5a - Constructed configurator of type class ch.qos.logback.classic.joran.SerializedModelConfigurator
18:17:10,945 |-INFO in ch.qos.logback.classic.LoggerContext[default] - Could NOT find resource [logback-test.scmo]
18:17:10,945 |-INFO in ch.qos.logback.classic.LoggerContext[default] - Could NOT find resource [logback.scmo]
18:17:10,945 |-INFO in ch.qos.logback.classic.util.ContextInitializer@70840a5a - ch.qos.logback.classic.joran.SerializedModelConfigurator.configure() call lasted 34 milliseconds. ExecutionStatus=INVOKE_NEXT_IF_ANY
18:17:10,945 |-INFO in ch.qos.logback.classic.util.ContextInitializer@70840a5a - Trying to configure with ch.qos.logback.classic.util.DefaultJoranConfigurator
18:17:10,947 |-INFO in ch.qos.logback.classic.util.ContextInitializer@70840a5a - Constructed configurator of type class ch.qos.logback.classic.util.DefaultJoranConfigurator
18:17:10,949 |-INFO in ch.qos.logback.classic.LoggerContext[default] - Could NOT find resource [logback-test.xml]
18:17:10,949 |-INFO in ch.qos.logback.classic.LoggerContext[default] - Could NOT find resource [logback.xml]
18:17:10,949 |-INFO in ch.qos.logback.classic.util.ContextInitializer@70840a5a - ch.qos.logback.classic.util.DefaultJoranConfigurator.configure() call lasted 2 milliseconds. ExecutionStatus=INVOKE_NEXT_IF_ANY
18:17:10,949 |-INFO in ch.qos.logback.classic.util.ContextInitializer@70840a5a - Trying to configure with ch.qos.logback.classic.BasicConfigurator
18:17:10,953 |-INFO in ch.qos.logback.classic.util.ContextInitializer@70840a5a - Constructed configurator of type class ch.qos.logback.classic.BasicConfigurator
18:17:10,953 |-INFO in ch.qos.logback.classic.BasicConfigurator@7af9595d - Setting up default configuration.
18:17:10,994 |-INFO in ch.qos.logback.classic.util.ContextInitializer@70840a5a - ch.qos.logback.classic.BasicConfigurator.configure() call lasted 41 milliseconds. ExecutionStatus=NEUTRAL
18:17:12,942 |-INFO in ch.qos.logback.core.joran.util.ConfigurationWatchListUtil@7a34c1f6 - Adding [jar:file:/C:/Users/Windows/.m2/repository/org/springframework/boot/spring-boot/3.1.5/spring-boot-3.1.5.jar!/org/springframework/boot/logging/logback/base.xml] to configuration watch list.
18:17:12,942 |-INFO in ch.qos.logback.core.joran.spi.ConfigurationWatchList@6e9f8160 - URL [jar:file:/C:/Users/Windows/.m2/repository/org/springframework/boot/spring-boot/3.1.5/spring-boot-3.1.5.jar!/org/springframework/boot/logging/logback/base.xml] is not of type file
18:17:12,946 |-INFO in ch.qos.logback.core.joran.util.ConfigurationWatchListUtil@7a34c1f6 - Adding [jar:file:/C:/Users/Windows/.m2/repository/org/springframework/boot/spring-boot/3.1.5/spring-boot-3.1.5.jar!/org/springframework/boot/logging/logback/defaults.xml] to configuration watch list.
18:17:12,946 |-INFO in ch.qos.logback.core.joran.spi.ConfigurationWatchList@6e9f8160 - URL [jar:file:/C:/Users/Windows/.m2/repository/org/springframework/boot/spring-boot/3.1.5/spring-boot-3.1.5.jar!/org/springframework/boot/logging/logback/defaults.xml] is not of type file
18:17:12,949 |-INFO in ch.qos.logback.core.joran.action.ConversionRuleAction - registering conversion word clr with class [org.springframework.boot.logging.logback.ColorConverter]
18:17:12,949 |-INFO in ch.qos.logback.core.joran.action.ConversionRuleAction - registering conversion word wex with class [org.springframework.boot.logging.logback.WhitespaceThrowableProxyConverter]
18:17:12,949 |-INFO in ch.qos.logback.core.joran.action.ConversionRuleAction - registering conversion word wEx with class [org.springframework.boot.logging.logback.ExtendedWhitespaceThrowableProxyConverter]
18:17:12,953 |-INFO in ch.qos.logback.core.joran.util.ConfigurationWatchListUtil@7a34c1f6 - Adding [jar:file:/C:/Users/Windows/.m2/repository/org/springframework/boot/spring-boot/3.1.5/spring-boot-3.1.5.jar!/org/springframework/boot/logging/logback/console-appender.xml] to configuration watch list.
18:17:12,953 |-INFO in ch.qos.logback.core.joran.spi.ConfigurationWatchList@6e9f8160 - URL [jar:file:/C:/Users/Windows/.m2/repository/org/springframework/boot/spring-boot/3.1.5/spring-boot-3.1.5.jar!/org/springframework/boot/logging/logback/console-appender.xml] is not of type file
18:17:12,959 |-INFO in ch.qos.logback.core.joran.util.ConfigurationWatchListUtil@7a34c1f6 - Adding [jar:file:/C:/Users/Windows/.m2/repository/org/springframework/boot/spring-boot/3.1.5/spring-boot-3.1.5.jar!/org/springframework/boot/logging/logback/file-appender.xml] to configuration watch list.
18:17:12,959 |-INFO in ch.qos.logback.core.joran.spi.ConfigurationWatchList@6e9f8160 - URL [jar:file:/C:/Users/Windows/.m2/repository/org/springframework/boot/spring-boot/3.1.5/spring-boot-3.1.5.jar!/org/springframework/boot/logging/logback/file-appender.xml] is not of type file
18:17:13,046 |-INFO in ch.qos.logback.classic.model.processor.LoggerModelHandler - Setting level of logger [org.apache.catalina.startup.DigesterFactory] to ERROR
18:17:13,047 |-INFO in ch.qos.logback.classic.jul.LevelChangePropagator@3e998033 - Propagating ERROR level on Logger[org.apache.catalina.startup.DigesterFactory] onto the JUL framework
18:17:13,047 |-INFO in ch.qos.logback.classic.model.processor.LoggerModelHandler - Setting level of logger [org.apache.catalina.util.LifecycleBase] to ERROR
18:17:13,047 |-INFO in ch.qos.logback.classic.jul.LevelChangePropagator@3e998033 - Propagating ERROR level on Logger[org.apache.catalina.util.LifecycleBase] onto the JUL framework
18:17:13,047 |-INFO in ch.qos.logback.classic.model.processor.LoggerModelHandler - Setting level of logger [org.apache.coyote.http11.Http11NioProtocol] to WARN
18:17:13,047 |-INFO in ch.qos.logback.classic.jul.LevelChangePropagator@3e998033 - Propagating WARN level on Logger[org.apache.coyote.http11.Http11NioProtocol] onto the JUL framework
18:17:13,047 |-INFO in ch.qos.logback.classic.model.processor.LoggerModelHandler - Setting level of logger [org.apache.sshd.common.util.SecurityUtils] to WARN
18:17:13,047 |-INFO in ch.qos.logback.classic.jul.LevelChangePropagator@3e998033 - Propagating WARN level on Logger[org.apache.sshd.common.util.SecurityUtils] onto the JUL framework
18:17:13,047 |-INFO in ch.qos.logback.classic.model.processor.LoggerModelHandler - Setting level of logger [org.apache.tomcat.util.net.NioSelectorPool] to WARN
18:17:13,048 |-INFO in ch.qos.logback.classic.jul.LevelChangePropagator@3e998033 - Propagating WARN level on Logger[org.apache.tomcat.util.net.NioSelectorPool] onto the JUL framework
18:17:13,048 |-INFO in ch.qos.logback.classic.model.processor.LoggerModelHandler - Setting level of logger [org.eclipse.jetty.util.component.AbstractLifeCycle] to ERROR
18:17:13,048 |-INFO in ch.qos.logback.classic.jul.LevelChangePropagator@3e998033 - Propagating ERROR level on Logger[org.eclipse.jetty.util.component.AbstractLifeCycle] onto the JUL framework
18:17:13,048 |-INFO in ch.qos.logback.classic.model.processor.LoggerModelHandler - Setting level of logger [org.hibernate.validator.internal.util.Version] to WARN
18:17:13,048 |-INFO in ch.qos.logback.classic.jul.LevelChangePropagator@3e998033 - Propagating WARN level on Logger[org.hibernate.validator.internal.util.Version] onto the JUL framework
18:17:13,048 |-INFO in ch.qos.logback.classic.model.processor.LoggerModelHandler - Setting level of logger [org.springframework.boot.actuate.endpoint.jmx] to WARN
18:17:13,048 |-INFO in ch.qos.logback.classic.jul.LevelChangePropagator@3e998033 - Propagating WARN level on Logger[org.springframework.boot.actuate.endpoint.jmx] onto the JUL framework
18:17:13,048 |-INFO in ch.qos.logback.core.model.processor.AppenderModelHandler - Processing appender named [CONSOLE]
18:17:13,048 |-INFO in ch.qos.logback.core.model.processor.AppenderModelHandler - About to instantiate appender of type [ch.qos.logback.core.ConsoleAppender]
18:17:13,064 |-INFO in ch.qos.logback.core.model.processor.ImplicitModelHandler - Assuming default type [ch.qos.logback.classic.encoder.PatternLayoutEncoder] for [encoder] property
18:17:13,110 |-INFO in ch.qos.logback.core.model.processor.AppenderModelHandler - Processing appender named [FILE]
18:17:13,110 |-INFO in ch.qos.logback.core.model.processor.AppenderModelHandler - About to instantiate appender of type [ch.qos.logback.core.rolling.RollingFileAppender]
18:17:13,119 |-INFO in ch.qos.logback.core.model.processor.ImplicitModelHandler - Assuming default type [ch.qos.logback.classic.encoder.PatternLayoutEncoder] for [encoder] property
18:17:13,139 |-INFO in c.q.l.core.rolling.SizeAndTimeBasedRollingPolicy@236590348 - setting totalSizeCap to 0 Bytes
18:17:13,149 |-INFO in c.q.l.core.rolling.SizeAndTimeBasedRollingPolicy@236590348 - Archive files will be limited to [10 MB] each.
18:17:13,154 |-INFO in c.q.l.core.rolling.SizeAndTimeBasedRollingPolicy@236590348 - Will use gz compression
18:17:13,158 |-INFO in c.q.l.core.rolling.SizeAndTimeBasedRollingPolicy@236590348 - Will use the pattern C:/Users/Windows/AppData/Local/Temp//spring.log.%d{yyyy-MM-dd}.%i for the active file
18:17:13,162 |-INFO in ch.qos.logback.core.rolling.SizeAndTimeBasedFNATP@527d5e48 - The date pattern is 'yyyy-MM-dd' from file name pattern 'C:/Users/Windows/AppData/Local/Temp//spring.log.%d{yyyy-MM-dd}.%i.gz'.
18:17:13,162 |-INFO in ch.qos.logback.core.rolling.SizeAndTimeBasedFNATP@527d5e48 - Roll-over at midnight.
18:17:13,164 |-INFO in ch.qos.logback.core.rolling.SizeAndTimeBasedFNATP@527d5e48 - Setting initial period to 2024-12-01T23:16:46.969Z
18:17:13,178 |-INFO in ch.qos.logback.core.rolling.RollingFileAppender[FILE] - Active log file name: C:\Users\Windows\AppData\Local\Temp\/spring.log
18:17:13,178 |-INFO in ch.qos.logback.core.rolling.RollingFileAppender[FILE] - File property is set to [C:\Users\Windows\AppData\Local\Temp\/spring.log]
18:17:13,180 |-INFO in ch.qos.logback.classic.model.processor.RootLoggerModelHandler - Setting level of ROOT logger to INFO
18:17:13,180 |-INFO in ch.qos.logback.classic.jul.LevelChangePropagator@3e998033 - Propagating INFO level on Logger[ROOT] onto the JUL framework
18:17:13,182 |-INFO in ch.qos.logback.core.model.processor.AppenderRefModelHandler - Attaching appender named [CONSOLE] to Logger[ROOT]
18:17:13,182 |-INFO in ch.qos.logback.core.model.processor.AppenderRefModelHandler - Attaching appender named [FILE] to Logger[ROOT]
18:17:13,182 |-INFO in ch.qos.logback.core.model.processor.AppenderModelHandler - Processing appender named [CONSOLE]
18:17:13,182 |-INFO in ch.qos.logback.core.model.processor.AppenderModelHandler - About to instantiate appender of type [ch.qos.logback.core.ConsoleAppender]
18:17:13,207 |-INFO in ch.qos.logback.core.model.processor.ImplicitModelHandler - Assuming default type [net.logstash.logback.composite.loggingevent.LoggingEventJsonProviders] for [providers] property
18:17:13,227 |-INFO in ch.qos.logback.core.model.processor.ImplicitModelHandler - Assuming default type [net.logstash.logback.composite.loggingevent.LoggingEventFormattedTimestampJsonProvider] for [timestamp] property
18:17:13,231 |-INFO in ch.qos.logback.core.model.processor.ImplicitModelHandler - Assuming default type [net.logstash.logback.composite.loggingevent.LoggingEventPatternJsonProvider] for [pattern] property
18:17:13,234 |-INFO in ch.qos.logback.core.model.processor.ImplicitModelHandler - Assuming default type [net.logstash.logback.composite.loggingevent.MdcJsonProvider] for [mdc] property
18:17:13,837 |-WARN in ch.qos.logback.core.model.processor.AppenderModelHandler - Appender named [STDOUT] not referenced. Skipping further processing.
18:17:13,837 |-INFO in ch.qos.logback.classic.model.processor.RootLoggerModelHandler - Setting level of ROOT logger to INFO
18:17:13,837 |-INFO in ch.qos.logback.core.model.processor.AppenderRefModelHandler - Attaching appender named [CONSOLE] to Logger[ROOT]
18:17:13,837 |-INFO in ch.qos.logback.core.model.processor.DefaultProcessor@407b41e6 - End of configuration.
18:17:13,838 |-INFO in org.springframework.boot.logging.logback.SpringBootJoranConfigurator@3291d9c2 - Registering current configuration as safe fallback point


  .   ____          _            __ _ _
 /\\ / ___'_ __ _ _(_)_ __  __ _ \ \ \ \
( ( )\___ | '_ | '_| | '_ \/ _` | \ \ \ \
 \\/  ___)| |_)| | | | | || (_| |  ) ) ) )
  '  |____| .__|_| |_|_| |_\__, | / / / /
 =========|_|==============|___/=/_/_/_/
 :: Spring Boot ::                (v3.1.5)

2024-12-01T18:17:14.055-05:00  INFO 24876 --- [           main] c.e.i.d.o.p.c.CourseRepositoryTest       : Starting CourseRepositoryTest using Java 21.0.2 with PID 24876 (started by Windows in C:\Users\Windows\Proyecto Ingesoft5\IngSoftV\outcome-curr-mgmt)
{"timestamp":"2024-12-01T18:17:14.055-0500","level":"INFO","logger":"co.edu.icesi.dev.outcome_curr_mgmt.persistence.curriculum_definition.CourseRepositoryTest","thread":"main","message":"Starting CourseRepositoryTest using Java 21.0.2 with PID 24876 (started by Windows in C:\\Users\\Windows\\Proyecto Ingesoft5\\IngSoftV\\outcome-curr-mgmt)","exception":""}
2024-12-01T18:17:14.067-05:00  INFO 24876 --- [           main] c.e.i.d.o.p.c.CourseRepositoryTest       : The following 1 profile is active: "test"
{"timestamp":"2024-12-01T18:17:14.067-0500","level":"INFO","logger":"co.edu.icesi.dev.outcome_curr_mgmt.persistence.curriculum_definition.CourseRepositoryTest","thread":"main","message":"The following 1 profile is active: \"test\"","exception":""}
2024-12-01T18:17:17.515-05:00  INFO 24876 --- [           main] .s.d.r.c.RepositoryConfigurationDelegate : Bootstrapping Spring Data JPA repositories in DEFAULT mode.
{"timestamp":"2024-12-01T18:17:17.515-0500","level":"INFO","logger":"org.springframework.data.repository.config.RepositoryConfigurationDelegate","thread":"main","message":"Bootstrapping Spring Data JPA repositories in DEFAULT mode.","exception":""}
2024-12-01T18:17:18.244-05:00  INFO 24876 --- [           main] .s.d.r.c.RepositoryConfigurationDelegate : Finished Spring Data repository scanning in 710 ms. Found 41 JPA repository interfaces.
{"timestamp":"2024-12-01T18:17:18.244-0500","level":"INFO","logger":"org.springframework.data.repository.config.RepositoryConfigurationDelegate","thread":"main","message":"Finished Spring Data repository scanning in 710 ms. Found 41 JPA repository interfaces.","exception":""}
2024-12-01T18:17:19.929-05:00  INFO 24876 --- [           main] com.zaxxer.hikari.HikariDataSource       : HikariPool-1 - Starting...
{"timestamp":"2024-12-01T18:17:19.929-0500","level":"INFO","logger":"com.zaxxer.hikari.HikariDataSource","thread":"main","message":"HikariPool-1 - Starting...","exception":""}
2024-12-01T18:17:20.523-05:00  INFO 24876 --- [           main] com.zaxxer.hikari.pool.HikariPool        : HikariPool-1 - Added connection conn0: url=jdbc:h2:mem:testdb user=ADMIN
{"timestamp":"2024-12-01T18:17:20.523-0500","level":"INFO","logger":"com.zaxxer.hikari.pool.HikariPool","thread":"main","message":"HikariPool-1 - Added connection conn0: url=jdbc:h2:mem:testdb user=ADMIN","exception":""}
2024-12-01T18:17:20.526-05:00  INFO 24876 --- [           main] com.zaxxer.hikari.HikariDataSource       : HikariPool-1 - Start completed.
{"timestamp":"2024-12-01T18:17:20.526-0500","level":"INFO","logger":"com.zaxxer.hikari.HikariDataSource","thread":"main","message":"HikariPool-1 - Start completed.","exception":""}
2024-12-01T18:17:20.626-05:00  INFO 24876 --- [           main] o.hibernate.jpa.internal.util.LogHelper  : HHH000204: Processing PersistenceUnitInfo [name: default]
{"timestamp":"2024-12-01T18:17:20.626-0500","level":"INFO","logger":"org.hibernate.jpa.internal.util.LogHelper","thread":"main","message":"HHH000204: Processing PersistenceUnitInfo [name: default]","exception":""}
2024-12-01T18:17:20.843-05:00  INFO 24876 --- [           main] org.hibernate.Version                    : HHH000412: Hibernate ORM core version 6.2.13.Final
{"timestamp":"2024-12-01T18:17:20.843-0500","level":"INFO","logger":"org.hibernate.Version","thread":"main","message":"HHH000412: Hibernate ORM core version 6.2.13.Final","exception":""}
2024-12-01T18:17:20.849-05:00  INFO 24876 --- [           main] org.hibernate.cfg.Environment            : HHH000406: Using bytecode reflection optimizer
{"timestamp":"2024-12-01T18:17:20.849-0500","level":"INFO","logger":"org.hibernate.cfg.Environment","thread":"main","message":"HHH000406: Using bytecode reflection optimizer","exception":""}
2024-12-01T18:17:21.583-05:00  INFO 24876 --- [           main] o.s.o.j.p.SpringPersistenceUnitInfo      : No LoadTimeWeaver setup: ignoring JPA class transformer
{"timestamp":"2024-12-01T18:17:21.583-0500","level":"INFO","logger":"org.springframework.orm.jpa.persistenceunit.SpringPersistenceUnitInfo","thread":"main","message":"No LoadTimeWeaver setup: ignoring JPA class transformer","exception":""}
2024-12-01T18:17:21.688-05:00  WARN 24876 --- [           main] org.hibernate.orm.deprecation            : HHH90000025: H2Dialect does not need to be specified explicitly using 'hibernate.dialect' (remove the property setting and it will be selected by default)
{"timestamp":"2024-12-01T18:17:21.688-0500","level":"WARN","logger":"org.hibernate.orm.deprecation","thread":"main","message":"HHH90000025: H2Dialect does not need to be specified explicitly using 'hibernate.dialect' (remove the property setting and it will be selected by default)","exception":""}
2024-12-01T18:17:25.956-05:00  INFO 24876 --- [           main] o.h.e.t.j.p.i.JtaPlatformInitiator       : HHH000489: No JTA platform available (set 'hibernate.transaction.jta.platform' to enable JTA platform integration)
{"timestamp":"2024-12-01T18:17:25.956-0500","level":"INFO","logger":"org.hibernate.engine.transaction.jta.platform.internal.JtaPlatformInitiator","thread":"main","message":"HHH000489: No JTA platform available (set 'hibernate.transaction.jta.platform' to enable JTA platform integration)","exception":""}
2024-12-01T18:17:27.075-05:00  INFO 24876 --- [           main] j.LocalContainerEntityManagerFactoryBean : Initialized JPA EntityManagerFactory for persistence unit 'default'
{"timestamp":"2024-12-01T18:17:27.075-0500","level":"INFO","logger":"org.springframework.orm.jpa.LocalContainerEntityManagerFactoryBean","thread":"main","message":"Initialized JPA EntityManagerFactory for persistence unit 'default'","exception":""}
2024-12-01T18:17:29.146-05:00  INFO 24876 --- [           main] o.s.d.j.r.query.QueryEnhancerFactory     : Hibernate is in classpath; If applicable, HQL parser will be used.
{"timestamp":"2024-12-01T18:17:29.146-0500","level":"INFO","logger":"org.springframework.data.jpa.repository.query.QueryEnhancerFactory","thread":"main","message":"Hibernate is in classpath; If applicable, HQL parser will be used.","exception":""}
2024-12-01T18:17:31.832-05:00  WARN 24876 --- [           main] JpaBaseConfiguration$JpaWebConfiguration : spring.jpa.open-in-view is enabled by default. Therefore, database queries may be performed during view rendering. Explicitly configure spring.jpa.open-in-view to disable this warning
{"timestamp":"2024-12-01T18:17:31.832-0500","level":"WARN","logger":"org.springframework.boot.autoconfigure.orm.jpa.JpaBaseConfiguration$JpaWebConfiguration","thread":"main","message":"spring.jpa.open-in-view is enabled by default. Therefore, database queries may be performed during view rendering. Explicitly configure spring.jpa.open-in-view to disable this warning","exception":""}
2024-12-01T18:17:31.881-05:00  WARN 24876 --- [           main] .s.s.UserDetailsServiceAutoConfiguration : 

Using generated security password: 48a4faa9-63b2-4424-890b-4e26f280512d

This generated password is for development use only. Your security configuration must be updated before running your application in production.

{"timestamp":"2024-12-01T18:17:31.881-0500","level":"WARN","logger":"org.springframework.boot.autoconfigure.security.servlet.UserDetailsServiceAutoConfiguration","thread":"main","message":"\r\n\r\nUsing generated security password: 48a4faa9-63b2-4424-890b-4e26f280512d\r\n\r\nThis generated password is for development use only. Your security configuration must be updated before running your application in production.\r\n","exception":""}
2024-12-01T18:17:32.227-05:00  INFO 24876 --- [           main] o.s.s.web.DefaultSecurityFilterChain     : Will secure any request with [org.springframework.security.web.session.DisableEncodeUrlFilter@2df9c215, org.springframework.security.web.context.request.async.WebAsyncManagerIntegrationFilter@309750db, org.springframework.security.web.context.SecurityContextHolderFilter@3da18ccf, org.springframework.security.web.header.HeaderWriterFilter@18f2f742, org.springframework.web.filter.CorsFilter@52cf1b69, org.springframework.security.web.authentication.logout.LogoutFilter@6718830, co.edu.icesi.dev.outcome_curr_mgmt.saamfi.filters.SaamfiAuthenticationFilter@f2a750e, org.springframework.security.web.savedrequest.RequestCacheAwareFilter@28e64ca0, org.springframework.security.web.servletapi.SecurityContextHolderAwareRequestFilter@59cd27e9, org.springframework.security.web.authentication.AnonymousAuthenticationFilter@45cc0dda, org.springframework.security.web.session.SessionManagementFilter@520077a5, org.springframework.security.web.access.ExceptionTranslationFilter@371ce7e4, org.springframework.security.web.access.intercept.AuthorizationFilter@7135c05]
{"timestamp":"2024-12-01T18:17:32.227-0500","level":"INFO","logger":"org.springframework.security.web.DefaultSecurityFilterChain","thread":"main","message":"Will secure any request with [org.springframework.security.web.session.DisableEncodeUrlFilter@2df9c215, org.springframework.security.web.context.request.async.WebAsyncManagerIntegrationFilter@309750db, org.springframework.security.web.context.SecurityContextHolderFilter@3da18ccf, org.springframework.security.web.header.HeaderWriterFilter@18f2f742, org.springframework.web.filter.CorsFilter@52cf1b69, org.springframework.security.web.authentication.logout.LogoutFilter@6718830, co.edu.icesi.dev.outcome_curr_mgmt.saamfi.filters.SaamfiAuthenticationFilter@f2a750e, org.springframework.security.web.savedrequest.RequestCacheAwareFilter@28e64ca0, org.springframework.security.web.servletapi.SecurityContextHolderAwareRequestFilter@59cd27e9, org.springframework.security.web.authentication.AnonymousAuthenticationFilter@45cc0dda, org.springframework.security.web.session.SessionManagementFilter@520077a5, org.springframework.security.web.access.ExceptionTranslationFilter@371ce7e4, org.springframework.security.web.access.intercept.AuthorizationFilter@7135c05]","exception":""}
2024-12-01T18:17:33.840-05:00  INFO 24876 --- [           main] o.s.b.a.h2.H2ConsoleAutoConfiguration    : H2 console available at '/h2-console'. Database available at 'jdbc:h2:mem:testdb'
{"timestamp":"2024-12-01T18:17:33.840-0500","level":"INFO","logger":"org.springframework.boot.autoconfigure.h2.H2ConsoleAutoConfiguration","thread":"main","message":"H2 console available at '/h2-console'. Database available at 'jdbc:h2:mem:testdb'","exception":""}
2024-12-01T18:17:33.910-05:00  INFO 24876 --- [           main] o.s.b.a.e.web.EndpointLinksResolver      : Exposing 13 endpoint(s) beneath base path '/actuator'
{"timestamp":"2024-12-01T18:17:33.910-0500","level":"INFO","logger":"org.springframework.boot.actuate.endpoint.web.EndpointLinksResolver","thread":"main","message":"Exposing 13 endpoint(s) beneath base path '/actuator'","exception":""}
2024-12-01T18:17:34.138-05:00  INFO 24876 --- [           main] c.e.i.d.o.p.c.CourseRepositoryTest       : Started CourseRepositoryTest in 21.746 seconds (process running for 25.372)
{"timestamp":"2024-12-01T18:17:34.138-0500","level":"INFO","logger":"co.edu.icesi.dev.outcome_curr_mgmt.persistence.curriculum_definition.CourseRepositoryTest","thread":"main","message":"Started CourseRepositoryTest in 21.746 seconds (process running for 25.372)","exception":""}
]]></system-out>
    <system-err><![CDATA[WARNING: A Java agent has been loaded dynamically (C:\Users\Windows\.m2\repository\net\bytebuddy\byte-buddy-agent\1.14.9\byte-buddy-agent-1.14.9.jar)
WARNING: If a serviceability tool is in use, please run with -XX:+EnableDynamicAgentLoading to hide this warning
WARNING: If a serviceability tool is not in use, please run with -Djdk.instrument.traceUsage for more information
WARNING: Dynamic loading of agents will be disallowed by default in a future release
]]></system-err>
  </testcase>
  <testcase name="testReturnsCoursesWhenThereAreNoExistingAcadProgCurrWithTheGivenId" classname="co.edu.icesi.dev.outcome_curr_mgmt.persistence.curriculum_definition.CourseRepositoryTest" time="0.014"/>
  <testcase name="testReturnsCoursesWhenThereAreNoExistingAcadProgWithTheGivenId" classname="co.edu.icesi.dev.outcome_curr_mgmt.persistence.curriculum_definition.CourseRepositoryTest" time="0.014"/>
  <testcase name="testReturnsCoursesWithAllIdsValid" classname="co.edu.icesi.dev.outcome_curr_mgmt.persistence.curriculum_definition.CourseRepositoryTest" time="0.046"/>
</testsuite>