<?xml version="1.0" encoding="UTF-8"?>
<testsuite xmlns:xsi="http://www.w3.org/2001/XMLSchema-instance" xsi:noNamespaceSchemaLocation="https://maven.apache.org/surefire/maven-surefire-plugin/xsd/surefire-test-report-3.0.xsd" version="3.0" name="co.edu.icesi.dev.outcome_curr_mgmt.persistence.curriculum_definition.CourseRepositoryTest" time="10.43" tests="4" errors="0" skipped="0" failures="0">
  <properties>
[...]
</properties>
  <testcase name="testReturnsCoursesWhenThereAreNoExistingFacultyWithTheGivenId" classname="co.edu.icesi.dev.outcome_curr_mgmt.persistence.curriculum_definition.CourseRepositoryTest" time="0.152">
    <system-out><![CDATA[15:22:38.192 [main] INFO org.springframework.test.context.support.AnnotationConfigContextLoaderUtils -- Could not detect default configuration classes for test class [co.edu.icesi.dev.outcome_curr_mgmt.persistence.curriculum_definition.CourseRepositoryTest]: CourseRepositoryTest does not declare any static, non-private, non-final, nested classes annotated with @Configuration.
15:22:38.370 [main] INFO org.springframework.boot.test.context.SpringBootTestContextBootstrapper -- Found @SpringBootConfiguration co.edu.icesi.dev.outcome_curr_mgmt.OutcomeCurrMgmtApplication for test class co.edu.icesi.dev.outcome_curr_mgmt.persistence.curriculum_definition.CourseRepositoryTest
15:22:38,011 |-INFO in ch.qos.logback.classic.LoggerContext[default] - This is logback-classic version 1.4.11
15:22:38,015 |-INFO in ch.qos.logback.classic.util.ContextInitializer@11267e87 - Here is a list of configurators discovered as a service, by rank: 
15:22:38,015 |-INFO in ch.qos.logback.classic.util.ContextInitializer@11267e87 -   org.springframework.boot.logging.logback.RootLogLevelConfigurator
15:22:38,015 |-INFO in ch.qos.logback.classic.util.ContextInitializer@11267e87 - They will be invoked in order until ExecutionStatus.DO_NOT_INVOKE_NEXT_IF_ANY is returned.
15:22:38,015 |-INFO in ch.qos.logback.classic.util.ContextInitializer@11267e87 - Constructed configurator of type class org.springframework.boot.logging.logback.RootLogLevelConfigurator
15:22:38,020 |-INFO in ch.qos.logback.classic.util.ContextInitializer@11267e87 - org.springframework.boot.logging.logback.RootLogLevelConfigurator.configure() call lasted 1 milliseconds. ExecutionStatus=INVOKE_NEXT_IF_ANY
15:22:38,020 |-INFO in ch.qos.logback.classic.util.ContextInitializer@11267e87 - Trying to configure with ch.qos.logback.classic.joran.SerializedModelConfigurator
15:22:38,022 |-INFO in ch.qos.logback.classic.util.ContextInitializer@11267e87 - Constructed configurator of type class ch.qos.logback.classic.joran.SerializedModelConfigurator
15:22:38,032 |-INFO in ch.qos.logback.classic.LoggerContext[default] - Could NOT find resource [logback-test.scmo]
15:22:38,032 |-INFO in ch.qos.logback.classic.LoggerContext[default] - Could NOT find resource [logback.scmo]
15:22:38,032 |-INFO in ch.qos.logback.classic.util.ContextInitializer@11267e87 - ch.qos.logback.classic.joran.SerializedModelConfigurator.configure() call lasted 10 milliseconds. ExecutionStatus=INVOKE_NEXT_IF_ANY
15:22:38,032 |-INFO in ch.qos.logback.classic.util.ContextInitializer@11267e87 - Trying to configure with ch.qos.logback.classic.util.DefaultJoranConfigurator
15:22:38,033 |-INFO in ch.qos.logback.classic.util.ContextInitializer@11267e87 - Constructed configurator of type class ch.qos.logback.classic.util.DefaultJoranConfigurator
15:22:38,033 |-INFO in ch.qos.logback.classic.LoggerContext[default] - Could NOT find resource [logback-test.xml]
15:22:38,033 |-INFO in ch.qos.logback.classic.LoggerContext[default] - Could NOT find resource [logback.xml]
15:22:38,033 |-INFO in ch.qos.logback.classic.util.ContextInitializer@11267e87 - ch.qos.logback.classic.util.DefaultJoranConfigurator.configure() call lasted 0 milliseconds. ExecutionStatus=INVOKE_NEXT_IF_ANY
15:22:38,033 |-INFO in ch.qos.logback.classic.util.ContextInitializer@11267e87 - Trying to configure with ch.qos.logback.classic.BasicConfigurator
15:22:38,034 |-INFO in ch.qos.logback.classic.util.ContextInitializer@11267e87 - Constructed configurator of type class ch.qos.logback.classic.BasicConfigurator
15:22:38,034 |-INFO in ch.qos.logback.classic.BasicConfigurator@118c1faa - Setting up default configuration.
15:22:38,047 |-INFO in ch.qos.logback.classic.util.ContextInitializer@11267e87 - ch.qos.logback.classic.BasicConfigurator.configure() call lasted 13 milliseconds. ExecutionStatus=NEUTRAL
15:22:38,695 |-INFO in ch.qos.logback.core.joran.util.ConfigurationWatchListUtil@da5b46f - Adding [jar:file:/Users/andres/.m2/repository/org/springframework/boot/spring-boot/3.1.5/spring-boot-3.1.5.jar!/org/springframework/boot/logging/logback/base.xml] to configuration watch list.
15:22:38,695 |-INFO in ch.qos.logback.core.joran.spi.ConfigurationWatchList@99f75e4 - URL [jar:file:/Users/andres/.m2/repository/org/springframework/boot/spring-boot/3.1.5/spring-boot-3.1.5.jar!/org/springframework/boot/logging/logback/base.xml] is not of type file
15:22:38,697 |-INFO in ch.qos.logback.core.joran.util.ConfigurationWatchListUtil@da5b46f - Adding [jar:file:/Users/andres/.m2/repository/org/springframework/boot/spring-boot/3.1.5/spring-boot-3.1.5.jar!/org/springframework/boot/logging/logback/defaults.xml] to configuration watch list.
15:22:38,697 |-INFO in ch.qos.logback.core.joran.spi.ConfigurationWatchList@99f75e4 - URL [jar:file:/Users/andres/.m2/repository/org/springframework/boot/spring-boot/3.1.5/spring-boot-3.1.5.jar!/org/springframework/boot/logging/logback/defaults.xml] is not of type file
15:22:38,698 |-INFO in ch.qos.logback.core.joran.action.ConversionRuleAction - registering conversion word clr with class [org.springframework.boot.logging.logback.ColorConverter]
15:22:38,698 |-INFO in ch.qos.logback.core.joran.action.ConversionRuleAction - registering conversion word wex with class [org.springframework.boot.logging.logback.WhitespaceThrowableProxyConverter]
15:22:38,698 |-INFO in ch.qos.logback.core.joran.action.ConversionRuleAction - registering conversion word wEx with class [org.springframework.boot.logging.logback.ExtendedWhitespaceThrowableProxyConverter]
15:22:38,699 |-INFO in ch.qos.logback.core.joran.util.ConfigurationWatchListUtil@da5b46f - Adding [jar:file:/Users/andres/.m2/repository/org/springframework/boot/spring-boot/3.1.5/spring-boot-3.1.5.jar!/org/springframework/boot/logging/logback/console-appender.xml] to configuration watch list.
15:22:38,699 |-INFO in ch.qos.logback.core.joran.spi.ConfigurationWatchList@99f75e4 - URL [jar:file:/Users/andres/.m2/repository/org/springframework/boot/spring-boot/3.1.5/spring-boot-3.1.5.jar!/org/springframework/boot/logging/logback/console-appender.xml] is not of type file
15:22:38,701 |-INFO in ch.qos.logback.core.joran.util.ConfigurationWatchListUtil@da5b46f - Adding [jar:file:/Users/andres/.m2/repository/org/springframework/boot/spring-boot/3.1.5/spring-boot-3.1.5.jar!/org/springframework/boot/logging/logback/file-appender.xml] to configuration watch list.
15:22:38,701 |-INFO in ch.qos.logback.core.joran.spi.ConfigurationWatchList@99f75e4 - URL [jar:file:/Users/andres/.m2/repository/org/springframework/boot/spring-boot/3.1.5/spring-boot-3.1.5.jar!/org/springframework/boot/logging/logback/file-appender.xml] is not of type file
15:22:38,729 |-INFO in ch.qos.logback.classic.model.processor.LoggerModelHandler - Setting level of logger [org.apache.catalina.startup.DigesterFactory] to ERROR
15:22:38,729 |-INFO in ch.qos.logback.classic.jul.LevelChangePropagator@2b6ff016 - Propagating ERROR level on Logger[org.apache.catalina.startup.DigesterFactory] onto the JUL framework
15:22:38,729 |-INFO in ch.qos.logback.classic.model.processor.LoggerModelHandler - Setting level of logger [org.apache.catalina.util.LifecycleBase] to ERROR
15:22:38,729 |-INFO in ch.qos.logback.classic.jul.LevelChangePropagator@2b6ff016 - Propagating ERROR level on Logger[org.apache.catalina.util.LifecycleBase] onto the JUL framework
15:22:38,729 |-INFO in ch.qos.logback.classic.model.processor.LoggerModelHandler - Setting level of logger [org.apache.coyote.http11.Http11NioProtocol] to WARN
15:22:38,729 |-INFO in ch.qos.logback.classic.jul.LevelChangePropagator@2b6ff016 - Propagating WARN level on Logger[org.apache.coyote.http11.Http11NioProtocol] onto the JUL framework
15:22:38,729 |-INFO in ch.qos.logback.classic.model.processor.LoggerModelHandler - Setting level of logger [org.apache.sshd.common.util.SecurityUtils] to WARN
15:22:38,729 |-INFO in ch.qos.logback.classic.jul.LevelChangePropagator@2b6ff016 - Propagating WARN level on Logger[org.apache.sshd.common.util.SecurityUtils] onto the JUL framework
15:22:38,729 |-INFO in ch.qos.logback.classic.model.processor.LoggerModelHandler - Setting level of logger [org.apache.tomcat.util.net.NioSelectorPool] to WARN
15:22:38,729 |-INFO in ch.qos.logback.classic.jul.LevelChangePropagator@2b6ff016 - Propagating WARN level on Logger[org.apache.tomcat.util.net.NioSelectorPool] onto the JUL framework
15:22:38,729 |-INFO in ch.qos.logback.classic.model.processor.LoggerModelHandler - Setting level of logger [org.eclipse.jetty.util.component.AbstractLifeCycle] to ERROR
15:22:38,729 |-INFO in ch.qos.logback.classic.jul.LevelChangePropagator@2b6ff016 - Propagating ERROR level on Logger[org.eclipse.jetty.util.component.AbstractLifeCycle] onto the JUL framework
15:22:38,729 |-INFO in ch.qos.logback.classic.model.processor.LoggerModelHandler - Setting level of logger [org.hibernate.validator.internal.util.Version] to WARN
15:22:38,729 |-INFO in ch.qos.logback.classic.jul.LevelChangePropagator@2b6ff016 - Propagating WARN level on Logger[org.hibernate.validator.internal.util.Version] onto the JUL framework
15:22:38,730 |-INFO in ch.qos.logback.classic.model.processor.LoggerModelHandler - Setting level of logger [org.springframework.boot.actuate.endpoint.jmx] to WARN
15:22:38,730 |-INFO in ch.qos.logback.classic.jul.LevelChangePropagator@2b6ff016 - Propagating WARN level on Logger[org.springframework.boot.actuate.endpoint.jmx] onto the JUL framework
15:22:38,730 |-INFO in ch.qos.logback.core.model.processor.AppenderModelHandler - Processing appender named [CONSOLE]
15:22:38,730 |-INFO in ch.qos.logback.core.model.processor.AppenderModelHandler - About to instantiate appender of type [ch.qos.logback.core.ConsoleAppender]
15:22:38,734 |-INFO in ch.qos.logback.core.model.processor.ImplicitModelHandler - Assuming default type [ch.qos.logback.classic.encoder.PatternLayoutEncoder] for [encoder] property
15:22:38,749 |-INFO in ch.qos.logback.core.model.processor.AppenderModelHandler - Processing appender named [FILE]
15:22:38,749 |-INFO in ch.qos.logback.core.model.processor.AppenderModelHandler - About to instantiate appender of type [ch.qos.logback.core.rolling.RollingFileAppender]
15:22:38,752 |-INFO in ch.qos.logback.core.model.processor.ImplicitModelHandler - Assuming default type [ch.qos.logback.classic.encoder.PatternLayoutEncoder] for [encoder] property
15:22:38,755 |-INFO in c.q.l.core.rolling.SizeAndTimeBasedRollingPolicy@1525668766 - setting totalSizeCap to 0 Bytes
15:22:38,758 |-INFO in c.q.l.core.rolling.SizeAndTimeBasedRollingPolicy@1525668766 - Archive files will be limited to [10 MB] each.
15:22:38,760 |-INFO in c.q.l.core.rolling.SizeAndTimeBasedRollingPolicy@1525668766 - Will use gz compression
15:22:38,761 |-INFO in c.q.l.core.rolling.SizeAndTimeBasedRollingPolicy@1525668766 - Will use the pattern /var/folders/4g/g5ksp9y97_q8j7kpwfyq3dg80000gn/T//spring.log.%d{yyyy-MM-dd}.%i for the active file
15:22:38,776 |-INFO in ch.qos.logback.core.rolling.SizeAndTimeBasedFNATP@7a491a60 - The date pattern is 'yyyy-MM-dd' from file name pattern '/var/folders/4g/g5ksp9y97_q8j7kpwfyq3dg80000gn/T//spring.log.%d{yyyy-MM-dd}.%i.gz'.
15:22:38,776 |-INFO in ch.qos.logback.core.rolling.SizeAndTimeBasedFNATP@7a491a60 - Roll-over at midnight.
15:22:38,779 |-INFO in ch.qos.logback.core.rolling.SizeAndTimeBasedFNATP@7a491a60 - Setting initial period to 2024-12-01T20:21:13.672Z
15:22:38,782 |-INFO in ch.qos.logback.core.rolling.RollingFileAppender[FILE] - Active log file name: /var/folders/4g/g5ksp9y97_q8j7kpwfyq3dg80000gn/T//spring.log
15:22:38,782 |-INFO in ch.qos.logback.core.rolling.RollingFileAppender[FILE] - File property is set to [/var/folders/4g/g5ksp9y97_q8j7kpwfyq3dg80000gn/T//spring.log]
15:22:38,783 |-INFO in ch.qos.logback.classic.model.processor.RootLoggerModelHandler - Setting level of ROOT logger to INFO
15:22:38,783 |-INFO in ch.qos.logback.classic.jul.LevelChangePropagator@2b6ff016 - Propagating INFO level on Logger[ROOT] onto the JUL framework
15:22:38,783 |-INFO in ch.qos.logback.core.model.processor.AppenderRefModelHandler - Attaching appender named [CONSOLE] to Logger[ROOT]
15:22:38,783 |-INFO in ch.qos.logback.core.model.processor.AppenderRefModelHandler - Attaching appender named [FILE] to Logger[ROOT]
15:22:38,783 |-INFO in ch.qos.logback.core.model.processor.AppenderModelHandler - Processing appender named [CONSOLE]
15:22:38,783 |-INFO in ch.qos.logback.core.model.processor.AppenderModelHandler - About to instantiate appender of type [ch.qos.logback.core.ConsoleAppender]
15:22:38,796 |-INFO in ch.qos.logback.core.model.processor.ImplicitModelHandler - Assuming default type [net.logstash.logback.composite.loggingevent.LoggingEventJsonProviders] for [providers] property
15:22:38,806 |-INFO in ch.qos.logback.core.model.processor.ImplicitModelHandler - Assuming default type [net.logstash.logback.composite.loggingevent.LoggingEventFormattedTimestampJsonProvider] for [timestamp] property
15:22:38,807 |-INFO in ch.qos.logback.core.model.processor.ImplicitModelHandler - Assuming default type [net.logstash.logback.composite.loggingevent.LoggingEventPatternJsonProvider] for [pattern] property
15:22:38,808 |-INFO in ch.qos.logback.core.model.processor.ImplicitModelHandler - Assuming default type [net.logstash.logback.composite.loggingevent.MdcJsonProvider] for [mdc] property
15:22:39,118 |-WARN in ch.qos.logback.core.model.processor.AppenderModelHandler - Appender named [STDOUT] not referenced. Skipping further processing.
15:22:39,118 |-INFO in ch.qos.logback.classic.model.processor.RootLoggerModelHandler - Setting level of ROOT logger to INFO
15:22:39,118 |-INFO in ch.qos.logback.core.model.processor.AppenderRefModelHandler - Attaching appender named [CONSOLE] to Logger[ROOT]
15:22:39,118 |-INFO in ch.qos.logback.core.model.processor.DefaultProcessor@80b6098 - End of configuration.
15:22:39,118 |-INFO in org.springframework.boot.logging.logback.SpringBootJoranConfigurator@5c30decf - Registering current configuration as safe fallback point


  .   ____          _            __ _ _
 /\\ / ___'_ __ _ _(_)_ __  __ _ \ \ \ \
( ( )\___ | '_ | '_| | '_ \/ _` | \ \ \ \
 \\/  ___)| |_)| | | | | || (_| |  ) ) ) )
  '  |____| .__|_| |_|_| |_\__, | / / / /
 =========|_|==============|___/=/_/_/_/
 :: Spring Boot ::                (v3.1.5)

2024-12-01T15:22:39.201-05:00  INFO 22309 --- [           main] c.e.i.d.o.p.c.CourseRepositoryTest       : Starting CourseRepositoryTest using Java 17.0.11 with PID 22309 (started by andres in /Users/andres/Desktop/Universidad/IngSoft_5/ProyectoInge5/IngSoftV/outcome-curr-mgmt)
{"timestamp":"2024-12-01T15:22:39.201-0500","level":"INFO","logger":"co.edu.icesi.dev.outcome_curr_mgmt.persistence.curriculum_definition.CourseRepositoryTest","thread":"main","message":"Starting CourseRepositoryTest using Java 17.0.11 with PID 22309 (started by andres in /Users/andres/Desktop/Universidad/IngSoft_5/ProyectoInge5/IngSoftV/outcome-curr-mgmt)","exception":""}
2024-12-01T15:22:39.205-05:00  INFO 22309 --- [           main] c.e.i.d.o.p.c.CourseRepositoryTest       : The following 1 profile is active: "test"
{"timestamp":"2024-12-01T15:22:39.205-0500","level":"INFO","logger":"co.edu.icesi.dev.outcome_curr_mgmt.persistence.curriculum_definition.CourseRepositoryTest","thread":"main","message":"The following 1 profile is active: \"test\"","exception":""}
2024-12-01T15:22:40.157-05:00  INFO 22309 --- [           main] .s.d.r.c.RepositoryConfigurationDelegate : Bootstrapping Spring Data JPA repositories in DEFAULT mode.
{"timestamp":"2024-12-01T15:22:40.157-0500","level":"INFO","logger":"org.springframework.data.repository.config.RepositoryConfigurationDelegate","thread":"main","message":"Bootstrapping Spring Data JPA repositories in DEFAULT mode.","exception":""}
2024-12-01T15:22:40.373-05:00  INFO 22309 --- [           main] .s.d.r.c.RepositoryConfigurationDelegate : Finished Spring Data repository scanning in 205 ms. Found 41 JPA repository interfaces.
{"timestamp":"2024-12-01T15:22:40.373-0500","level":"INFO","logger":"org.springframework.data.repository.config.RepositoryConfigurationDelegate","thread":"main","message":"Finished Spring Data repository scanning in 205 ms. Found 41 JPA repository interfaces.","exception":""}
2024-12-01T15:22:40.898-05:00  INFO 22309 --- [           main] com.zaxxer.hikari.HikariDataSource       : HikariPool-1 - Starting...
{"timestamp":"2024-12-01T15:22:40.898-0500","level":"INFO","logger":"com.zaxxer.hikari.HikariDataSource","thread":"main","message":"HikariPool-1 - Starting...","exception":""}
2024-12-01T15:22:41.144-05:00  INFO 22309 --- [           main] com.zaxxer.hikari.pool.HikariPool        : HikariPool-1 - Added connection conn0: url=jdbc:h2:mem:testdb user=ADMIN
{"timestamp":"2024-12-01T15:22:41.144-0500","level":"INFO","logger":"com.zaxxer.hikari.pool.HikariPool","thread":"main","message":"HikariPool-1 - Added connection conn0: url=jdbc:h2:mem:testdb user=ADMIN","exception":""}
2024-12-01T15:22:41.145-05:00  INFO 22309 --- [           main] com.zaxxer.hikari.HikariDataSource       : HikariPool-1 - Start completed.
{"timestamp":"2024-12-01T15:22:41.145-0500","level":"INFO","logger":"com.zaxxer.hikari.HikariDataSource","thread":"main","message":"HikariPool-1 - Start completed.","exception":""}
2024-12-01T15:22:41.178-05:00  INFO 22309 --- [           main] o.hibernate.jpa.internal.util.LogHelper  : HHH000204: Processing PersistenceUnitInfo [name: default]
{"timestamp":"2024-12-01T15:22:41.178-0500","level":"INFO","logger":"org.hibernate.jpa.internal.util.LogHelper","thread":"main","message":"HHH000204: Processing PersistenceUnitInfo [name: default]","exception":""}
2024-12-01T15:22:41.219-05:00  INFO 22309 --- [           main] org.hibernate.Version                    : HHH000412: Hibernate ORM core version 6.2.13.Final
{"timestamp":"2024-12-01T15:22:41.219-0500","level":"INFO","logger":"org.hibernate.Version","thread":"main","message":"HHH000412: Hibernate ORM core version 6.2.13.Final","exception":""}
2024-12-01T15:22:41.221-05:00  INFO 22309 --- [           main] org.hibernate.cfg.Environment            : HHH000406: Using bytecode reflection optimizer
{"timestamp":"2024-12-01T15:22:41.221-0500","level":"INFO","logger":"org.hibernate.cfg.Environment","thread":"main","message":"HHH000406: Using bytecode reflection optimizer","exception":""}
2024-12-01T15:22:41.419-05:00  INFO 22309 --- [           main] o.s.o.j.p.SpringPersistenceUnitInfo      : No LoadTimeWeaver setup: ignoring JPA class transformer
{"timestamp":"2024-12-01T15:22:41.419-0500","level":"INFO","logger":"org.springframework.orm.jpa.persistenceunit.SpringPersistenceUnitInfo","thread":"main","message":"No LoadTimeWeaver setup: ignoring JPA class transformer","exception":""}
2024-12-01T15:22:41.492-05:00  WARN 22309 --- [           main] org.hibernate.orm.deprecation            : HHH90000025: H2Dialect does not need to be specified explicitly using 'hibernate.dialect' (remove the property setting and it will be selected by default)
{"timestamp":"2024-12-01T15:22:41.492-0500","level":"WARN","logger":"org.hibernate.orm.deprecation","thread":"main","message":"HHH90000025: H2Dialect does not need to be specified explicitly using 'hibernate.dialect' (remove the property setting and it will be selected by default)","exception":""}
2024-12-01T15:22:42.985-05:00  INFO 22309 --- [           main] o.h.e.t.j.p.i.JtaPlatformInitiator       : HHH000489: No JTA platform available (set 'hibernate.transaction.jta.platform' to enable JTA platform integration)
{"timestamp":"2024-12-01T15:22:42.985-0500","level":"INFO","logger":"org.hibernate.engine.transaction.jta.platform.internal.JtaPlatformInitiator","thread":"main","message":"HHH000489: No JTA platform available (set 'hibernate.transaction.jta.platform' to enable JTA platform integration)","exception":""}
2024-12-01T15:22:43.923-05:00  INFO 22309 --- [           main] j.LocalContainerEntityManagerFactoryBean : Initialized JPA EntityManagerFactory for persistence unit 'default'
{"timestamp":"2024-12-01T15:22:43.923-0500","level":"INFO","logger":"org.springframework.orm.jpa.LocalContainerEntityManagerFactoryBean","thread":"main","message":"Initialized JPA EntityManagerFactory for persistence unit 'default'","exception":""}
2024-12-01T15:22:45.244-05:00  INFO 22309 --- [           main] o.s.d.j.r.query.QueryEnhancerFactory     : Hibernate is in classpath; If applicable, HQL parser will be used.
{"timestamp":"2024-12-01T15:22:45.244-0500","level":"INFO","logger":"org.springframework.data.jpa.repository.query.QueryEnhancerFactory","thread":"main","message":"Hibernate is in classpath; If applicable, HQL parser will be used.","exception":""}
2024-12-01T15:22:46.448-05:00  WARN 22309 --- [           main] JpaBaseConfiguration$JpaWebConfiguration : spring.jpa.open-in-view is enabled by default. Therefore, database queries may be performed during view rendering. Explicitly configure spring.jpa.open-in-view to disable this warning
{"timestamp":"2024-12-01T15:22:46.448-0500","level":"WARN","logger":"org.springframework.boot.autoconfigure.orm.jpa.JpaBaseConfiguration$JpaWebConfiguration","thread":"main","message":"spring.jpa.open-in-view is enabled by default. Therefore, database queries may be performed during view rendering. Explicitly configure spring.jpa.open-in-view to disable this warning","exception":""}
2024-12-01T15:22:46.473-05:00  WARN 22309 --- [           main] .s.s.UserDetailsServiceAutoConfiguration : 

Using generated security password: 16f8c82e-30b4-4799-b7c9-82421fac347d

This generated password is for development use only. Your security configuration must be updated before running your application in production.

{"timestamp":"2024-12-01T15:22:46.473-0500","level":"WARN","logger":"org.springframework.boot.autoconfigure.security.servlet.UserDetailsServiceAutoConfiguration","thread":"main","message":"\n\nUsing generated security password: 16f8c82e-30b4-4799-b7c9-82421fac347d\n\nThis generated password is for development use only. Your security configuration must be updated before running your application in production.\n","exception":""}
2024-12-01T15:22:46.716-05:00  INFO 22309 --- [           main] o.s.s.web.DefaultSecurityFilterChain     : Will secure any request with [org.springframework.security.web.session.DisableEncodeUrlFilter@6fada76f, org.springframework.security.web.context.request.async.WebAsyncManagerIntegrationFilter@4225893f, org.springframework.security.web.context.SecurityContextHolderFilter@191c8c62, org.springframework.security.web.header.HeaderWriterFilter@52d6c251, org.springframework.web.filter.CorsFilter@65485066, org.springframework.security.web.authentication.logout.LogoutFilter@51e203fe, co.edu.icesi.dev.outcome_curr_mgmt.saamfi.filters.SaamfiAuthenticationFilter@e57c95, org.springframework.security.web.savedrequest.RequestCacheAwareFilter@4f78ec9d, org.springframework.security.web.servletapi.SecurityContextHolderAwareRequestFilter@6f911077, org.springframework.security.web.authentication.AnonymousAuthenticationFilter@63a7db90, org.springframework.security.web.session.SessionManagementFilter@571cccb7, org.springframework.security.web.access.ExceptionTranslationFilter@2de17c4b, org.springframework.security.web.access.intercept.AuthorizationFilter@dd40e33]
{"timestamp":"2024-12-01T15:22:46.716-0500","level":"INFO","logger":"org.springframework.security.web.DefaultSecurityFilterChain","thread":"main","message":"Will secure any request with [org.springframework.security.web.session.DisableEncodeUrlFilter@6fada76f, org.springframework.security.web.context.request.async.WebAsyncManagerIntegrationFilter@4225893f, org.springframework.security.web.context.SecurityContextHolderFilter@191c8c62, org.springframework.security.web.header.HeaderWriterFilter@52d6c251, org.springframework.web.filter.CorsFilter@65485066, org.springframework.security.web.authentication.logout.LogoutFilter@51e203fe, co.edu.icesi.dev.outcome_curr_mgmt.saamfi.filters.SaamfiAuthenticationFilter@e57c95, org.springframework.security.web.savedrequest.RequestCacheAwareFilter@4f78ec9d, org.springframework.security.web.servletapi.SecurityContextHolderAwareRequestFilter@6f911077, org.springframework.security.web.authentication.AnonymousAuthenticationFilter@63a7db90, org.springframework.security.web.session.SessionManagementFilter@571cccb7, org.springframework.security.web.access.ExceptionTranslationFilter@2de17c4b, org.springframework.security.web.access.intercept.AuthorizationFilter@dd40e33]","exception":""}
2024-12-01T15:22:47.517-05:00  INFO 22309 --- [           main] o.s.b.a.h2.H2ConsoleAutoConfiguration    : H2 console available at '/h2-console'. Database available at 'jdbc:h2:mem:testdb'
{"timestamp":"2024-12-01T15:22:47.517-0500","level":"INFO","logger":"org.springframework.boot.autoconfigure.h2.H2ConsoleAutoConfiguration","thread":"main","message":"H2 console available at '/h2-console'. Database available at 'jdbc:h2:mem:testdb'","exception":""}
2024-12-01T15:22:47.767-05:00  INFO 22309 --- [           main] o.s.b.a.e.web.EndpointLinksResolver      : Exposing 13 endpoint(s) beneath base path '/actuator'
{"timestamp":"2024-12-01T15:22:47.767-0500","level":"INFO","logger":"org.springframework.boot.actuate.endpoint.web.EndpointLinksResolver","thread":"main","message":"Exposing 13 endpoint(s) beneath base path '/actuator'","exception":""}
2024-12-01T15:22:47.981-05:00  INFO 22309 --- [           main] c.e.i.d.o.p.c.CourseRepositoryTest       : Started CourseRepositoryTest in 9.463 seconds (process running for 11.491)
{"timestamp":"2024-12-01T15:22:47.981-0500","level":"INFO","logger":"co.edu.icesi.dev.outcome_curr_mgmt.persistence.curriculum_definition.CourseRepositoryTest","thread":"main","message":"Started CourseRepositoryTest in 9.463 seconds (process running for 11.491)","exception":""}
]]></system-out>
  </testcase>
  <testcase name="testReturnsCoursesWhenThereAreNoExistingAcadProgCurrWithTheGivenId" classname="co.edu.icesi.dev.outcome_curr_mgmt.persistence.curriculum_definition.CourseRepositoryTest" time="0.006"/>
  <testcase name="testReturnsCoursesWhenThereAreNoExistingAcadProgWithTheGivenId" classname="co.edu.icesi.dev.outcome_curr_mgmt.persistence.curriculum_definition.CourseRepositoryTest" time="0.006"/>
  <testcase name="testReturnsCoursesWithAllIdsValid" classname="co.edu.icesi.dev.outcome_curr_mgmt.persistence.curriculum_definition.CourseRepositoryTest" time="0.02"/>
</testsuite>