<?xml version="1.0" encoding="UTF-8"?>
<testsuite xmlns:xsi="http://www.w3.org/2001/XMLSchema-instance" xsi:noNamespaceSchemaLocation="https://maven.apache.org/surefire/maven-surefire-plugin/xsd/surefire-test-report-3.0.xsd" version="3.0" name="co.edu.icesi.dev.outcome_curr_mgmt.persistence.curriculum_qa.StudOutcomeRepositoryTest" time="6.959" tests="4" errors="0" skipped="0" failures="0">
  <properties>
[...]
</properties>
  <testcase name="testReturnsCoursesWhenThereAreNoExistingFacultyWithTheGivenId" classname="co.edu.icesi.dev.outcome_curr_mgmt.persistence.curriculum_qa.StudOutcomeRepositoryTest" time="1.956">
    <system-out><![CDATA[2024-12-01T15:22:48.402-05:00  INFO 22309 --- [           main] t.c.s.AnnotationConfigContextLoaderUtils : Could not detect default configuration classes for test class [co.edu.icesi.dev.outcome_curr_mgmt.persistence.curriculum_qa.StudOutcomeRepositoryTest]: StudOutcomeRepositoryTest does not declare any static, non-private, non-final, nested classes annotated with @Configuration.
{"timestamp":"2024-12-01T15:22:48.402-0500","level":"INFO","logger":"org.springframework.test.context.support.AnnotationConfigContextLoaderUtils","thread":"main","message":"Could not detect default configuration classes for test class [co.edu.icesi.dev.outcome_curr_mgmt.persistence.curriculum_qa.StudOutcomeRepositoryTest]: StudOutcomeRepositoryTest does not declare any static, non-private, non-final, nested classes annotated with @Configuration.","exception":""}
2024-12-01T15:22:48.422-05:00  INFO 22309 --- [           main] .b.t.c.SpringBootTestContextBootstrapper : Found @SpringBootConfiguration co.edu.icesi.dev.outcome_curr_mgmt.OutcomeCurrMgmtApplication for test class co.edu.icesi.dev.outcome_curr_mgmt.persistence.curriculum_qa.StudOutcomeRepositoryTest
{"timestamp":"2024-12-01T15:22:48.422-0500","level":"INFO","logger":"org.springframework.boot.test.context.SpringBootTestContextBootstrapper","thread":"main","message":"Found @SpringBootConfiguration co.edu.icesi.dev.outcome_curr_mgmt.OutcomeCurrMgmtApplication for test class co.edu.icesi.dev.outcome_curr_mgmt.persistence.curriculum_qa.StudOutcomeRepositoryTest","exception":""}
2024-12-01T15:22:48.436-05:00  INFO 22309 --- [           main] j.LocalContainerEntityManagerFactoryBean : Closing JPA EntityManagerFactory for persistence unit 'default'
{"timestamp":"2024-12-01T15:22:48.436-0500","level":"INFO","logger":"org.springframework.orm.jpa.LocalContainerEntityManagerFactoryBean","thread":"main","message":"Closing JPA EntityManagerFactory for persistence unit 'default'","exception":""}
2024-12-01T15:22:48.452-05:00  INFO 22309 --- [           main] com.zaxxer.hikari.HikariDataSource       : HikariPool-1 - Shutdown initiated...
{"timestamp":"2024-12-01T15:22:48.452-0500","level":"INFO","logger":"com.zaxxer.hikari.HikariDataSource","thread":"main","message":"HikariPool-1 - Shutdown initiated...","exception":""}
2024-12-01T15:22:48.454-05:00  INFO 22309 --- [           main] com.zaxxer.hikari.HikariDataSource       : HikariPool-1 - Shutdown completed.
{"timestamp":"2024-12-01T15:22:48.454-0500","level":"INFO","logger":"com.zaxxer.hikari.HikariDataSource","thread":"main","message":"HikariPool-1 - Shutdown completed.","exception":""}
15:22:48,473 |-INFO in ch.qos.logback.core.joran.util.ConfigurationWatchListUtil@da5b46f - Adding [jar:file:/Users/andres/.m2/repository/org/springframework/boot/spring-boot/3.1.5/spring-boot-3.1.5.jar!/org/springframework/boot/logging/logback/base.xml] to configuration watch list.
15:22:48,473 |-INFO in ch.qos.logback.core.joran.spi.ConfigurationWatchList@88d47b6 - URL [jar:file:/Users/andres/.m2/repository/org/springframework/boot/spring-boot/3.1.5/spring-boot-3.1.5.jar!/org/springframework/boot/logging/logback/base.xml] is not of type file
15:22:48,474 |-INFO in ch.qos.logback.core.joran.util.ConfigurationWatchListUtil@da5b46f - Adding [jar:file:/Users/andres/.m2/repository/org/springframework/boot/spring-boot/3.1.5/spring-boot-3.1.5.jar!/org/springframework/boot/logging/logback/defaults.xml] to configuration watch list.
15:22:48,474 |-INFO in ch.qos.logback.core.joran.spi.ConfigurationWatchList@88d47b6 - URL [jar:file:/Users/andres/.m2/repository/org/springframework/boot/spring-boot/3.1.5/spring-boot-3.1.5.jar!/org/springframework/boot/logging/logback/defaults.xml] is not of type file
15:22:48,475 |-INFO in ch.qos.logback.core.joran.action.ConversionRuleAction - registering conversion word clr with class [org.springframework.boot.logging.logback.ColorConverter]
15:22:48,475 |-INFO in ch.qos.logback.core.joran.action.ConversionRuleAction - registering conversion word wex with class [org.springframework.boot.logging.logback.WhitespaceThrowableProxyConverter]
15:22:48,475 |-INFO in ch.qos.logback.core.joran.action.ConversionRuleAction - registering conversion word wEx with class [org.springframework.boot.logging.logback.ExtendedWhitespaceThrowableProxyConverter]
15:22:48,475 |-INFO in ch.qos.logback.core.joran.util.ConfigurationWatchListUtil@da5b46f - Adding [jar:file:/Users/andres/.m2/repository/org/springframework/boot/spring-boot/3.1.5/spring-boot-3.1.5.jar!/org/springframework/boot/logging/logback/console-appender.xml] to configuration watch list.
15:22:48,475 |-INFO in ch.qos.logback.core.joran.spi.ConfigurationWatchList@88d47b6 - URL [jar:file:/Users/andres/.m2/repository/org/springframework/boot/spring-boot/3.1.5/spring-boot-3.1.5.jar!/org/springframework/boot/logging/logback/console-appender.xml] is not of type file
15:22:48,476 |-INFO in ch.qos.logback.core.joran.util.ConfigurationWatchListUtil@da5b46f - Adding [jar:file:/Users/andres/.m2/repository/org/springframework/boot/spring-boot/3.1.5/spring-boot-3.1.5.jar!/org/springframework/boot/logging/logback/file-appender.xml] to configuration watch list.
15:22:48,476 |-INFO in ch.qos.logback.core.joran.spi.ConfigurationWatchList@88d47b6 - URL [jar:file:/Users/andres/.m2/repository/org/springframework/boot/spring-boot/3.1.5/spring-boot-3.1.5.jar!/org/springframework/boot/logging/logback/file-appender.xml] is not of type file
15:22:48,479 |-INFO in ch.qos.logback.classic.model.processor.LoggerModelHandler - Setting level of logger [org.apache.catalina.startup.DigesterFactory] to ERROR
15:22:48,479 |-INFO in ch.qos.logback.classic.jul.LevelChangePropagator@49a6a2d - Propagating ERROR level on Logger[org.apache.catalina.startup.DigesterFactory] onto the JUL framework
15:22:48,479 |-INFO in ch.qos.logback.classic.model.processor.LoggerModelHandler - Setting level of logger [org.apache.catalina.util.LifecycleBase] to ERROR
15:22:48,479 |-INFO in ch.qos.logback.classic.jul.LevelChangePropagator@49a6a2d - Propagating ERROR level on Logger[org.apache.catalina.util.LifecycleBase] onto the JUL framework
15:22:48,479 |-INFO in ch.qos.logback.classic.model.processor.LoggerModelHandler - Setting level of logger [org.apache.coyote.http11.Http11NioProtocol] to WARN
15:22:48,479 |-INFO in ch.qos.logback.classic.jul.LevelChangePropagator@49a6a2d - Propagating WARN level on Logger[org.apache.coyote.http11.Http11NioProtocol] onto the JUL framework
15:22:48,479 |-INFO in ch.qos.logback.classic.model.processor.LoggerModelHandler - Setting level of logger [org.apache.sshd.common.util.SecurityUtils] to WARN
15:22:48,479 |-INFO in ch.qos.logback.classic.jul.LevelChangePropagator@49a6a2d - Propagating WARN level on Logger[org.apache.sshd.common.util.SecurityUtils] onto the JUL framework
15:22:48,479 |-INFO in ch.qos.logback.classic.model.processor.LoggerModelHandler - Setting level of logger [org.apache.tomcat.util.net.NioSelectorPool] to WARN
15:22:48,479 |-INFO in ch.qos.logback.classic.jul.LevelChangePropagator@49a6a2d - Propagating WARN level on Logger[org.apache.tomcat.util.net.NioSelectorPool] onto the JUL framework
15:22:48,479 |-INFO in ch.qos.logback.classic.model.processor.LoggerModelHandler - Setting level of logger [org.eclipse.jetty.util.component.AbstractLifeCycle] to ERROR
15:22:48,479 |-INFO in ch.qos.logback.classic.jul.LevelChangePropagator@49a6a2d - Propagating ERROR level on Logger[org.eclipse.jetty.util.component.AbstractLifeCycle] onto the JUL framework
15:22:48,479 |-INFO in ch.qos.logback.classic.model.processor.LoggerModelHandler - Setting level of logger [org.hibernate.validator.internal.util.Version] to WARN
15:22:48,479 |-INFO in ch.qos.logback.classic.jul.LevelChangePropagator@49a6a2d - Propagating WARN level on Logger[org.hibernate.validator.internal.util.Version] onto the JUL framework
15:22:48,479 |-INFO in ch.qos.logback.classic.model.processor.LoggerModelHandler - Setting level of logger [org.springframework.boot.actuate.endpoint.jmx] to WARN
15:22:48,479 |-INFO in ch.qos.logback.classic.jul.LevelChangePropagator@49a6a2d - Propagating WARN level on Logger[org.springframework.boot.actuate.endpoint.jmx] onto the JUL framework
15:22:48,479 |-INFO in ch.qos.logback.core.model.processor.AppenderModelHandler - Processing appender named [CONSOLE]
15:22:48,479 |-INFO in ch.qos.logback.core.model.processor.AppenderModelHandler - About to instantiate appender of type [ch.qos.logback.core.ConsoleAppender]
15:22:48,480 |-INFO in ch.qos.logback.core.model.processor.ImplicitModelHandler - Assuming default type [ch.qos.logback.classic.encoder.PatternLayoutEncoder] for [encoder] property
15:22:48,480 |-INFO in ch.qos.logback.core.model.processor.AppenderModelHandler - Processing appender named [FILE]
15:22:48,480 |-INFO in ch.qos.logback.core.model.processor.AppenderModelHandler - About to instantiate appender of type [ch.qos.logback.core.rolling.RollingFileAppender]
15:22:48,480 |-INFO in ch.qos.logback.core.model.processor.ImplicitModelHandler - Assuming default type [ch.qos.logback.classic.encoder.PatternLayoutEncoder] for [encoder] property
15:22:48,481 |-INFO in c.q.l.core.rolling.SizeAndTimeBasedRollingPolicy@1093141228 - setting totalSizeCap to 0 Bytes
15:22:48,481 |-INFO in c.q.l.core.rolling.SizeAndTimeBasedRollingPolicy@1093141228 - Archive files will be limited to [10 MB] each.
15:22:48,481 |-INFO in c.q.l.core.rolling.SizeAndTimeBasedRollingPolicy@1093141228 - Will use gz compression
15:22:48,481 |-INFO in c.q.l.core.rolling.SizeAndTimeBasedRollingPolicy@1093141228 - Will use the pattern /var/folders/4g/g5ksp9y97_q8j7kpwfyq3dg80000gn/T//spring.log.%d{yyyy-MM-dd}.%i for the active file
15:22:48,481 |-INFO in ch.qos.logback.core.rolling.SizeAndTimeBasedFNATP@2cefa457 - The date pattern is 'yyyy-MM-dd' from file name pattern '/var/folders/4g/g5ksp9y97_q8j7kpwfyq3dg80000gn/T//spring.log.%d{yyyy-MM-dd}.%i.gz'.
15:22:48,481 |-INFO in ch.qos.logback.core.rolling.SizeAndTimeBasedFNATP@2cefa457 - Roll-over at midnight.
15:22:48,481 |-INFO in ch.qos.logback.core.rolling.SizeAndTimeBasedFNATP@2cefa457 - Setting initial period to 2024-12-01T20:22:48.454Z
15:22:48,482 |-INFO in ch.qos.logback.core.rolling.RollingFileAppender[FILE] - Active log file name: /var/folders/4g/g5ksp9y97_q8j7kpwfyq3dg80000gn/T//spring.log
15:22:48,482 |-INFO in ch.qos.logback.core.rolling.RollingFileAppender[FILE] - File property is set to [/var/folders/4g/g5ksp9y97_q8j7kpwfyq3dg80000gn/T//spring.log]
15:22:48,482 |-INFO in ch.qos.logback.classic.model.processor.RootLoggerModelHandler - Setting level of ROOT logger to INFO
15:22:48,482 |-INFO in ch.qos.logback.classic.jul.LevelChangePropagator@49a6a2d - Propagating INFO level on Logger[ROOT] onto the JUL framework
15:22:48,482 |-INFO in ch.qos.logback.core.model.processor.AppenderRefModelHandler - Attaching appender named [CONSOLE] to Logger[ROOT]
15:22:48,482 |-INFO in ch.qos.logback.core.model.processor.AppenderRefModelHandler - Attaching appender named [FILE] to Logger[ROOT]
15:22:48,482 |-INFO in ch.qos.logback.core.model.processor.AppenderModelHandler - Processing appender named [CONSOLE]
15:22:48,482 |-INFO in ch.qos.logback.core.model.processor.AppenderModelHandler - About to instantiate appender of type [ch.qos.logback.core.ConsoleAppender]
15:22:48,482 |-INFO in ch.qos.logback.core.model.processor.ImplicitModelHandler - Assuming default type [net.logstash.logback.composite.loggingevent.LoggingEventJsonProviders] for [providers] property
15:22:48,482 |-INFO in ch.qos.logback.core.model.processor.ImplicitModelHandler - Assuming default type [net.logstash.logback.composite.loggingevent.LoggingEventFormattedTimestampJsonProvider] for [timestamp] property
15:22:48,482 |-INFO in ch.qos.logback.core.model.processor.ImplicitModelHandler - Assuming default type [net.logstash.logback.composite.loggingevent.LoggingEventPatternJsonProvider] for [pattern] property
15:22:48,483 |-INFO in ch.qos.logback.core.model.processor.ImplicitModelHandler - Assuming default type [net.logstash.logback.composite.loggingevent.MdcJsonProvider] for [mdc] property
15:22:48,484 |-WARN in ch.qos.logback.core.model.processor.AppenderModelHandler - Appender named [STDOUT] not referenced. Skipping further processing.
15:22:48,484 |-INFO in ch.qos.logback.classic.model.processor.RootLoggerModelHandler - Setting level of ROOT logger to INFO
15:22:48,484 |-INFO in ch.qos.logback.core.model.processor.AppenderRefModelHandler - Attaching appender named [CONSOLE] to Logger[ROOT]
15:22:48,485 |-INFO in ch.qos.logback.core.model.processor.DefaultProcessor@4e3de68b - End of configuration.
15:22:48,485 |-INFO in org.springframework.boot.logging.logback.SpringBootJoranConfigurator@19a12663 - Registering current configuration as safe fallback point


  .   ____          _            __ _ _
 /\\ / ___'_ __ _ _(_)_ __  __ _ \ \ \ \
( ( )\___ | '_ | '_| | '_ \/ _` | \ \ \ \
 \\/  ___)| |_)| | | | | || (_| |  ) ) ) )
  '  |____| .__|_| |_|_| |_\__, | / / / /
 =========|_|==============|___/=/_/_/_/
 :: Spring Boot ::                (v3.1.5)

2024-12-01T15:22:48.488-05:00  INFO 22309 --- [           main] c.e.i.d.o.p.c.StudOutcomeRepositoryTest  : Starting StudOutcomeRepositoryTest using Java 17.0.11 with PID 22309 (started by andres in /Users/andres/Desktop/Universidad/IngSoft_5/ProyectoInge5/IngSoftV/outcome-curr-mgmt)
{"timestamp":"2024-12-01T15:22:48.488-0500","level":"INFO","logger":"co.edu.icesi.dev.outcome_curr_mgmt.persistence.curriculum_qa.StudOutcomeRepositoryTest","thread":"main","message":"Starting StudOutcomeRepositoryTest using Java 17.0.11 with PID 22309 (started by andres in /Users/andres/Desktop/Universidad/IngSoft_5/ProyectoInge5/IngSoftV/outcome-curr-mgmt)","exception":""}
2024-12-01T15:22:48.488-05:00  INFO 22309 --- [           main] c.e.i.d.o.p.c.StudOutcomeRepositoryTest  : The following 1 profile is active: "test"
{"timestamp":"2024-12-01T15:22:48.488-0500","level":"INFO","logger":"co.edu.icesi.dev.outcome_curr_mgmt.persistence.curriculum_qa.StudOutcomeRepositoryTest","thread":"main","message":"The following 1 profile is active: \"test\"","exception":""}
2024-12-01T15:22:48.790-05:00  INFO 22309 --- [           main] .s.d.r.c.RepositoryConfigurationDelegate : Bootstrapping Spring Data JPA repositories in DEFAULT mode.
{"timestamp":"2024-12-01T15:22:48.790-0500","level":"INFO","logger":"org.springframework.data.repository.config.RepositoryConfigurationDelegate","thread":"main","message":"Bootstrapping Spring Data JPA repositories in DEFAULT mode.","exception":""}
2024-12-01T15:22:48.876-05:00  INFO 22309 --- [           main] .s.d.r.c.RepositoryConfigurationDelegate : Finished Spring Data repository scanning in 85 ms. Found 41 JPA repository interfaces.
{"timestamp":"2024-12-01T15:22:48.876-0500","level":"INFO","logger":"org.springframework.data.repository.config.RepositoryConfigurationDelegate","thread":"main","message":"Finished Spring Data repository scanning in 85 ms. Found 41 JPA repository interfaces.","exception":""}
2024-12-01T15:22:48.978-05:00  INFO 22309 --- [           main] com.zaxxer.hikari.HikariDataSource       : HikariPool-2 - Starting...
{"timestamp":"2024-12-01T15:22:48.978-0500","level":"INFO","logger":"com.zaxxer.hikari.HikariDataSource","thread":"main","message":"HikariPool-2 - Starting...","exception":""}
2024-12-01T15:22:48.979-05:00  INFO 22309 --- [           main] com.zaxxer.hikari.pool.HikariPool        : HikariPool-2 - Added connection conn10: url=jdbc:h2:mem:testdb user=ADMIN
{"timestamp":"2024-12-01T15:22:48.979-0500","level":"INFO","logger":"com.zaxxer.hikari.pool.HikariPool","thread":"main","message":"HikariPool-2 - Added connection conn10: url=jdbc:h2:mem:testdb user=ADMIN","exception":""}
2024-12-01T15:22:48.979-05:00  INFO 22309 --- [           main] com.zaxxer.hikari.HikariDataSource       : HikariPool-2 - Start completed.
{"timestamp":"2024-12-01T15:22:48.979-0500","level":"INFO","logger":"com.zaxxer.hikari.HikariDataSource","thread":"main","message":"HikariPool-2 - Start completed.","exception":""}
2024-12-01T15:22:48.981-05:00  INFO 22309 --- [           main] o.hibernate.jpa.internal.util.LogHelper  : HHH000204: Processing PersistenceUnitInfo [name: default]
{"timestamp":"2024-12-01T15:22:48.981-0500","level":"INFO","logger":"org.hibernate.jpa.internal.util.LogHelper","thread":"main","message":"HHH000204: Processing PersistenceUnitInfo [name: default]","exception":""}
2024-12-01T15:22:48.985-05:00  INFO 22309 --- [           main] o.s.o.j.p.SpringPersistenceUnitInfo      : No LoadTimeWeaver setup: ignoring JPA class transformer
{"timestamp":"2024-12-01T15:22:48.985-0500","level":"INFO","logger":"org.springframework.orm.jpa.persistenceunit.SpringPersistenceUnitInfo","thread":"main","message":"No LoadTimeWeaver setup: ignoring JPA class transformer","exception":""}
2024-12-01T15:22:48.985-05:00  WARN 22309 --- [           main] org.hibernate.orm.deprecation            : HHH90000025: H2Dialect does not need to be specified explicitly using 'hibernate.dialect' (remove the property setting and it will be selected by default)
{"timestamp":"2024-12-01T15:22:48.985-0500","level":"WARN","logger":"org.hibernate.orm.deprecation","thread":"main","message":"HHH90000025: H2Dialect does not need to be specified explicitly using 'hibernate.dialect' (remove the property setting and it will be selected by default)","exception":""}
2024-12-01T15:22:49.481-05:00  INFO 22309 --- [           main] o.h.e.t.j.p.i.JtaPlatformInitiator       : HHH000489: No JTA platform available (set 'hibernate.transaction.jta.platform' to enable JTA platform integration)
{"timestamp":"2024-12-01T15:22:49.481-0500","level":"INFO","logger":"org.hibernate.engine.transaction.jta.platform.internal.JtaPlatformInitiator","thread":"main","message":"HHH000489: No JTA platform available (set 'hibernate.transaction.jta.platform' to enable JTA platform integration)","exception":""}
2024-12-01T15:22:49.545-05:00  INFO 22309 --- [           main] j.LocalContainerEntityManagerFactoryBean : Initialized JPA EntityManagerFactory for persistence unit 'default'
{"timestamp":"2024-12-01T15:22:49.545-0500","level":"INFO","logger":"org.springframework.orm.jpa.LocalContainerEntityManagerFactoryBean","thread":"main","message":"Initialized JPA EntityManagerFactory for persistence unit 'default'","exception":""}
2024-12-01T15:22:50.001-05:00  WARN 22309 --- [           main] JpaBaseConfiguration$JpaWebConfiguration : spring.jpa.open-in-view is enabled by default. Therefore, database queries may be performed during view rendering. Explicitly configure spring.jpa.open-in-view to disable this warning
{"timestamp":"2024-12-01T15:22:50.001-0500","level":"WARN","logger":"org.springframework.boot.autoconfigure.orm.jpa.JpaBaseConfiguration$JpaWebConfiguration","thread":"main","message":"spring.jpa.open-in-view is enabled by default. Therefore, database queries may be performed during view rendering. Explicitly configure spring.jpa.open-in-view to disable this warning","exception":""}
2024-12-01T15:22:50.062-05:00  WARN 22309 --- [           main] .s.s.UserDetailsServiceAutoConfiguration : 

Using generated security password: 265efaa4-7ff8-457b-bad8-e333b3f14fb9

This generated password is for development use only. Your security configuration must be updated before running your application in production.

{"timestamp":"2024-12-01T15:22:50.062-0500","level":"WARN","logger":"org.springframework.boot.autoconfigure.security.servlet.UserDetailsServiceAutoConfiguration","thread":"main","message":"\n\nUsing generated security password: 265efaa4-7ff8-457b-bad8-e333b3f14fb9\n\nThis generated password is for development use only. Your security configuration must be updated before running your application in production.\n","exception":""}
2024-12-01T15:22:50.087-05:00  INFO 22309 --- [           main] o.s.s.web.DefaultSecurityFilterChain     : Will secure any request with [org.springframework.security.web.session.DisableEncodeUrlFilter@1a05ebe3, org.springframework.security.web.context.request.async.WebAsyncManagerIntegrationFilter@33f2df5e, org.springframework.security.web.context.SecurityContextHolderFilter@6342899f, org.springframework.security.web.header.HeaderWriterFilter@2e15d67c, org.springframework.web.filter.CorsFilter@75b51df7, org.springframework.security.web.authentication.logout.LogoutFilter@3b925984, co.edu.icesi.dev.outcome_curr_mgmt.saamfi.filters.SaamfiAuthenticationFilter@1daad27c, org.springframework.security.web.savedrequest.RequestCacheAwareFilter@6d2bfc3, org.springframework.security.web.servletapi.SecurityContextHolderAwareRequestFilter@6f42f53, org.springframework.security.web.authentication.AnonymousAuthenticationFilter@5d522d53, org.springframework.security.web.session.SessionManagementFilter@b383dbf, org.springframework.security.web.access.ExceptionTranslationFilter@354a17fb, org.springframework.security.web.access.intercept.AuthorizationFilter@f84f973]
{"timestamp":"2024-12-01T15:22:50.087-0500","level":"INFO","logger":"org.springframework.security.web.DefaultSecurityFilterChain","thread":"main","message":"Will secure any request with [org.springframework.security.web.session.DisableEncodeUrlFilter@1a05ebe3, org.springframework.security.web.context.request.async.WebAsyncManagerIntegrationFilter@33f2df5e, org.springframework.security.web.context.SecurityContextHolderFilter@6342899f, org.springframework.security.web.header.HeaderWriterFilter@2e15d67c, org.springframework.web.filter.CorsFilter@75b51df7, org.springframework.security.web.authentication.logout.LogoutFilter@3b925984, co.edu.icesi.dev.outcome_curr_mgmt.saamfi.filters.SaamfiAuthenticationFilter@1daad27c, org.springframework.security.web.savedrequest.RequestCacheAwareFilter@6d2bfc3, org.springframework.security.web.servletapi.SecurityContextHolderAwareRequestFilter@6f42f53, org.springframework.security.web.authentication.AnonymousAuthenticationFilter@5d522d53, org.springframework.security.web.session.SessionManagementFilter@b383dbf, org.springframework.security.web.access.ExceptionTranslationFilter@354a17fb, org.springframework.security.web.access.intercept.AuthorizationFilter@f84f973]","exception":""}
2024-12-01T15:22:50.293-05:00  INFO 22309 --- [           main] o.s.b.a.h2.H2ConsoleAutoConfiguration    : H2 console available at '/h2-console'. Database available at 'jdbc:h2:mem:testdb'
{"timestamp":"2024-12-01T15:22:50.293-0500","level":"INFO","logger":"org.springframework.boot.autoconfigure.h2.H2ConsoleAutoConfiguration","thread":"main","message":"H2 console available at '/h2-console'. Database available at 'jdbc:h2:mem:testdb'","exception":""}
2024-12-01T15:22:50.304-05:00  INFO 22309 --- [           main] o.s.b.a.e.web.EndpointLinksResolver      : Exposing 13 endpoint(s) beneath base path '/actuator'
{"timestamp":"2024-12-01T15:22:50.304-0500","level":"INFO","logger":"org.springframework.boot.actuate.endpoint.web.EndpointLinksResolver","thread":"main","message":"Exposing 13 endpoint(s) beneath base path '/actuator'","exception":""}
2024-12-01T15:22:50.323-05:00  INFO 22309 --- [           main] c.e.i.d.o.p.c.StudOutcomeRepositoryTest  : Started StudOutcomeRepositoryTest in 1.863 seconds (process running for 13.833)
{"timestamp":"2024-12-01T15:22:50.323-0500","level":"INFO","logger":"co.edu.icesi.dev.outcome_curr_mgmt.persistence.curriculum_qa.StudOutcomeRepositoryTest","thread":"main","message":"Started StudOutcomeRepositoryTest in 1.863 seconds (process running for 13.833)","exception":""}
]]></system-out>
  </testcase>
  <testcase name="testReturnsCoursesWhenThereAreNoExistingAcadProgCurrWithTheGivenId" classname="co.edu.icesi.dev.outcome_curr_mgmt.persistence.curriculum_qa.StudOutcomeRepositoryTest" time="1.735">
    <system-out><![CDATA[2024-12-01T15:22:50.386-05:00  INFO 22309 --- [           main] j.LocalContainerEntityManagerFactoryBean : Closing JPA EntityManagerFactory for persistence unit 'default'
{"timestamp":"2024-12-01T15:22:50.386-0500","level":"INFO","logger":"org.springframework.orm.jpa.LocalContainerEntityManagerFactoryBean","thread":"main","message":"Closing JPA EntityManagerFactory for persistence unit 'default'","exception":""}
2024-12-01T15:22:50.394-05:00  INFO 22309 --- [           main] com.zaxxer.hikari.HikariDataSource       : HikariPool-2 - Shutdown initiated...
{"timestamp":"2024-12-01T15:22:50.394-0500","level":"INFO","logger":"com.zaxxer.hikari.HikariDataSource","thread":"main","message":"HikariPool-2 - Shutdown initiated...","exception":""}
2024-12-01T15:22:50.395-05:00  INFO 22309 --- [           main] com.zaxxer.hikari.HikariDataSource       : HikariPool-2 - Shutdown completed.
{"timestamp":"2024-12-01T15:22:50.395-0500","level":"INFO","logger":"com.zaxxer.hikari.HikariDataSource","thread":"main","message":"HikariPool-2 - Shutdown completed.","exception":""}
15:22:50,406 |-INFO in ch.qos.logback.core.joran.util.ConfigurationWatchListUtil@da5b46f - Adding [jar:file:/Users/andres/.m2/repository/org/springframework/boot/spring-boot/3.1.5/spring-boot-3.1.5.jar!/org/springframework/boot/logging/logback/base.xml] to configuration watch list.
15:22:50,406 |-INFO in ch.qos.logback.core.joran.spi.ConfigurationWatchList@2e90bf7 - URL [jar:file:/Users/andres/.m2/repository/org/springframework/boot/spring-boot/3.1.5/spring-boot-3.1.5.jar!/org/springframework/boot/logging/logback/base.xml] is not of type file
15:22:50,406 |-INFO in ch.qos.logback.core.joran.util.ConfigurationWatchListUtil@da5b46f - Adding [jar:file:/Users/andres/.m2/repository/org/springframework/boot/spring-boot/3.1.5/spring-boot-3.1.5.jar!/org/springframework/boot/logging/logback/defaults.xml] to configuration watch list.
15:22:50,406 |-INFO in ch.qos.logback.core.joran.spi.ConfigurationWatchList@2e90bf7 - URL [jar:file:/Users/andres/.m2/repository/org/springframework/boot/spring-boot/3.1.5/spring-boot-3.1.5.jar!/org/springframework/boot/logging/logback/defaults.xml] is not of type file
15:22:50,407 |-INFO in ch.qos.logback.core.joran.action.ConversionRuleAction - registering conversion word clr with class [org.springframework.boot.logging.logback.ColorConverter]
15:22:50,407 |-INFO in ch.qos.logback.core.joran.action.ConversionRuleAction - registering conversion word wex with class [org.springframework.boot.logging.logback.WhitespaceThrowableProxyConverter]
15:22:50,407 |-INFO in ch.qos.logback.core.joran.action.ConversionRuleAction - registering conversion word wEx with class [org.springframework.boot.logging.logback.ExtendedWhitespaceThrowableProxyConverter]
15:22:50,407 |-INFO in ch.qos.logback.core.joran.util.ConfigurationWatchListUtil@da5b46f - Adding [jar:file:/Users/andres/.m2/repository/org/springframework/boot/spring-boot/3.1.5/spring-boot-3.1.5.jar!/org/springframework/boot/logging/logback/console-appender.xml] to configuration watch list.
15:22:50,407 |-INFO in ch.qos.logback.core.joran.spi.ConfigurationWatchList@2e90bf7 - URL [jar:file:/Users/andres/.m2/repository/org/springframework/boot/spring-boot/3.1.5/spring-boot-3.1.5.jar!/org/springframework/boot/logging/logback/console-appender.xml] is not of type file
15:22:50,408 |-INFO in ch.qos.logback.core.joran.util.ConfigurationWatchListUtil@da5b46f - Adding [jar:file:/Users/andres/.m2/repository/org/springframework/boot/spring-boot/3.1.5/spring-boot-3.1.5.jar!/org/springframework/boot/logging/logback/file-appender.xml] to configuration watch list.
15:22:50,408 |-INFO in ch.qos.logback.core.joran.spi.ConfigurationWatchList@2e90bf7 - URL [jar:file:/Users/andres/.m2/repository/org/springframework/boot/spring-boot/3.1.5/spring-boot-3.1.5.jar!/org/springframework/boot/logging/logback/file-appender.xml] is not of type file
15:22:50,409 |-INFO in ch.qos.logback.classic.model.processor.LoggerModelHandler - Setting level of logger [org.apache.catalina.startup.DigesterFactory] to ERROR
15:22:50,409 |-INFO in ch.qos.logback.classic.jul.LevelChangePropagator@d9dcdb9 - Propagating ERROR level on Logger[org.apache.catalina.startup.DigesterFactory] onto the JUL framework
15:22:50,410 |-INFO in ch.qos.logback.classic.model.processor.LoggerModelHandler - Setting level of logger [org.apache.catalina.util.LifecycleBase] to ERROR
15:22:50,410 |-INFO in ch.qos.logback.classic.jul.LevelChangePropagator@d9dcdb9 - Propagating ERROR level on Logger[org.apache.catalina.util.LifecycleBase] onto the JUL framework
15:22:50,410 |-INFO in ch.qos.logback.classic.model.processor.LoggerModelHandler - Setting level of logger [org.apache.coyote.http11.Http11NioProtocol] to WARN
15:22:50,410 |-INFO in ch.qos.logback.classic.jul.LevelChangePropagator@d9dcdb9 - Propagating WARN level on Logger[org.apache.coyote.http11.Http11NioProtocol] onto the JUL framework
15:22:50,410 |-INFO in ch.qos.logback.classic.model.processor.LoggerModelHandler - Setting level of logger [org.apache.sshd.common.util.SecurityUtils] to WARN
15:22:50,410 |-INFO in ch.qos.logback.classic.jul.LevelChangePropagator@d9dcdb9 - Propagating WARN level on Logger[org.apache.sshd.common.util.SecurityUtils] onto the JUL framework
15:22:50,410 |-INFO in ch.qos.logback.classic.model.processor.LoggerModelHandler - Setting level of logger [org.apache.tomcat.util.net.NioSelectorPool] to WARN
15:22:50,410 |-INFO in ch.qos.logback.classic.jul.LevelChangePropagator@d9dcdb9 - Propagating WARN level on Logger[org.apache.tomcat.util.net.NioSelectorPool] onto the JUL framework
15:22:50,410 |-INFO in ch.qos.logback.classic.model.processor.LoggerModelHandler - Setting level of logger [org.eclipse.jetty.util.component.AbstractLifeCycle] to ERROR
15:22:50,410 |-INFO in ch.qos.logback.classic.jul.LevelChangePropagator@d9dcdb9 - Propagating ERROR level on Logger[org.eclipse.jetty.util.component.AbstractLifeCycle] onto the JUL framework
15:22:50,410 |-INFO in ch.qos.logback.classic.model.processor.LoggerModelHandler - Setting level of logger [org.hibernate.validator.internal.util.Version] to WARN
15:22:50,410 |-INFO in ch.qos.logback.classic.jul.LevelChangePropagator@d9dcdb9 - Propagating WARN level on Logger[org.hibernate.validator.internal.util.Version] onto the JUL framework
15:22:50,410 |-INFO in ch.qos.logback.classic.model.processor.LoggerModelHandler - Setting level of logger [org.springframework.boot.actuate.endpoint.jmx] to WARN
15:22:50,410 |-INFO in ch.qos.logback.classic.jul.LevelChangePropagator@d9dcdb9 - Propagating WARN level on Logger[org.springframework.boot.actuate.endpoint.jmx] onto the JUL framework
15:22:50,410 |-INFO in ch.qos.logback.core.model.processor.AppenderModelHandler - Processing appender named [CONSOLE]
15:22:50,410 |-INFO in ch.qos.logback.core.model.processor.AppenderModelHandler - About to instantiate appender of type [ch.qos.logback.core.ConsoleAppender]
15:22:50,410 |-INFO in ch.qos.logback.core.model.processor.ImplicitModelHandler - Assuming default type [ch.qos.logback.classic.encoder.PatternLayoutEncoder] for [encoder] property
15:22:50,410 |-INFO in ch.qos.logback.core.model.processor.AppenderModelHandler - Processing appender named [FILE]
15:22:50,410 |-INFO in ch.qos.logback.core.model.processor.AppenderModelHandler - About to instantiate appender of type [ch.qos.logback.core.rolling.RollingFileAppender]
15:22:50,410 |-INFO in ch.qos.logback.core.model.processor.ImplicitModelHandler - Assuming default type [ch.qos.logback.classic.encoder.PatternLayoutEncoder] for [encoder] property
15:22:50,411 |-INFO in c.q.l.core.rolling.SizeAndTimeBasedRollingPolicy@1590403614 - setting totalSizeCap to 0 Bytes
15:22:50,411 |-INFO in c.q.l.core.rolling.SizeAndTimeBasedRollingPolicy@1590403614 - Archive files will be limited to [10 MB] each.
15:22:50,411 |-INFO in c.q.l.core.rolling.SizeAndTimeBasedRollingPolicy@1590403614 - Will use gz compression
15:22:50,411 |-INFO in c.q.l.core.rolling.SizeAndTimeBasedRollingPolicy@1590403614 - Will use the pattern /var/folders/4g/g5ksp9y97_q8j7kpwfyq3dg80000gn/T//spring.log.%d{yyyy-MM-dd}.%i for the active file
15:22:50,411 |-INFO in ch.qos.logback.core.rolling.SizeAndTimeBasedFNATP@16a49f31 - The date pattern is 'yyyy-MM-dd' from file name pattern '/var/folders/4g/g5ksp9y97_q8j7kpwfyq3dg80000gn/T//spring.log.%d{yyyy-MM-dd}.%i.gz'.
15:22:50,411 |-INFO in ch.qos.logback.core.rolling.SizeAndTimeBasedFNATP@16a49f31 - Roll-over at midnight.
15:22:50,411 |-INFO in ch.qos.logback.core.rolling.SizeAndTimeBasedFNATP@16a49f31 - Setting initial period to 2024-12-01T20:22:50.395Z
15:22:50,412 |-INFO in ch.qos.logback.core.rolling.RollingFileAppender[FILE] - Active log file name: /var/folders/4g/g5ksp9y97_q8j7kpwfyq3dg80000gn/T//spring.log
15:22:50,412 |-INFO in ch.qos.logback.core.rolling.RollingFileAppender[FILE] - File property is set to [/var/folders/4g/g5ksp9y97_q8j7kpwfyq3dg80000gn/T//spring.log]
15:22:50,412 |-INFO in ch.qos.logback.classic.model.processor.RootLoggerModelHandler - Setting level of ROOT logger to INFO
15:22:50,412 |-INFO in ch.qos.logback.classic.jul.LevelChangePropagator@d9dcdb9 - Propagating INFO level on Logger[ROOT] onto the JUL framework
15:22:50,412 |-INFO in ch.qos.logback.core.model.processor.AppenderRefModelHandler - Attaching appender named [CONSOLE] to Logger[ROOT]
15:22:50,412 |-INFO in ch.qos.logback.core.model.processor.AppenderRefModelHandler - Attaching appender named [FILE] to Logger[ROOT]
15:22:50,412 |-INFO in ch.qos.logback.core.model.processor.AppenderModelHandler - Processing appender named [CONSOLE]
15:22:50,412 |-INFO in ch.qos.logback.core.model.processor.AppenderModelHandler - About to instantiate appender of type [ch.qos.logback.core.ConsoleAppender]
15:22:50,412 |-INFO in ch.qos.logback.core.model.processor.ImplicitModelHandler - Assuming default type [net.logstash.logback.composite.loggingevent.LoggingEventJsonProviders] for [providers] property
15:22:50,412 |-INFO in ch.qos.logback.core.model.processor.ImplicitModelHandler - Assuming default type [net.logstash.logback.composite.loggingevent.LoggingEventFormattedTimestampJsonProvider] for [timestamp] property
15:22:50,412 |-INFO in ch.qos.logback.core.model.processor.ImplicitModelHandler - Assuming default type [net.logstash.logback.composite.loggingevent.LoggingEventPatternJsonProvider] for [pattern] property
15:22:50,412 |-INFO in ch.qos.logback.core.model.processor.ImplicitModelHandler - Assuming default type [net.logstash.logback.composite.loggingevent.MdcJsonProvider] for [mdc] property
15:22:50,414 |-WARN in ch.qos.logback.core.model.processor.AppenderModelHandler - Appender named [STDOUT] not referenced. Skipping further processing.
15:22:50,414 |-INFO in ch.qos.logback.classic.model.processor.RootLoggerModelHandler - Setting level of ROOT logger to INFO
15:22:50,414 |-INFO in ch.qos.logback.core.model.processor.AppenderRefModelHandler - Attaching appender named [CONSOLE] to Logger[ROOT]
15:22:50,414 |-INFO in ch.qos.logback.core.model.processor.DefaultProcessor@5c5898a1 - End of configuration.
15:22:50,414 |-INFO in org.springframework.boot.logging.logback.SpringBootJoranConfigurator@3fcb6696 - Registering current configuration as safe fallback point


  .   ____          _            __ _ _
 /\\ / ___'_ __ _ _(_)_ __  __ _ \ \ \ \
( ( )\___ | '_ | '_| | '_ \/ _` | \ \ \ \
 \\/  ___)| |_)| | | | | || (_| |  ) ) ) )
  '  |____| .__|_| |_|_| |_\__, | / / / /
 =========|_|==============|___/=/_/_/_/
 :: Spring Boot ::                (v3.1.5)

2024-12-01T15:22:50.416-05:00  INFO 22309 --- [           main] c.e.i.d.o.p.c.StudOutcomeRepositoryTest  : Starting StudOutcomeRepositoryTest using Java 17.0.11 with PID 22309 (started by andres in /Users/andres/Desktop/Universidad/IngSoft_5/ProyectoInge5/IngSoftV/outcome-curr-mgmt)
{"timestamp":"2024-12-01T15:22:50.416-0500","level":"INFO","logger":"co.edu.icesi.dev.outcome_curr_mgmt.persistence.curriculum_qa.StudOutcomeRepositoryTest","thread":"main","message":"Starting StudOutcomeRepositoryTest using Java 17.0.11 with PID 22309 (started by andres in /Users/andres/Desktop/Universidad/IngSoft_5/ProyectoInge5/IngSoftV/outcome-curr-mgmt)","exception":""}
2024-12-01T15:22:50.416-05:00  INFO 22309 --- [           main] c.e.i.d.o.p.c.StudOutcomeRepositoryTest  : The following 1 profile is active: "test"
{"timestamp":"2024-12-01T15:22:50.416-0500","level":"INFO","logger":"co.edu.icesi.dev.outcome_curr_mgmt.persistence.curriculum_qa.StudOutcomeRepositoryTest","thread":"main","message":"The following 1 profile is active: \"test\"","exception":""}
2024-12-01T15:22:50.609-05:00  INFO 22309 --- [           main] .s.d.r.c.RepositoryConfigurationDelegate : Bootstrapping Spring Data JPA repositories in DEFAULT mode.
{"timestamp":"2024-12-01T15:22:50.609-0500","level":"INFO","logger":"org.springframework.data.repository.config.RepositoryConfigurationDelegate","thread":"main","message":"Bootstrapping Spring Data JPA repositories in DEFAULT mode.","exception":""}
2024-12-01T15:22:50.678-05:00  INFO 22309 --- [           main] .s.d.r.c.RepositoryConfigurationDelegate : Finished Spring Data repository scanning in 68 ms. Found 41 JPA repository interfaces.
{"timestamp":"2024-12-01T15:22:50.678-0500","level":"INFO","logger":"org.springframework.data.repository.config.RepositoryConfigurationDelegate","thread":"main","message":"Finished Spring Data repository scanning in 68 ms. Found 41 JPA repository interfaces.","exception":""}
2024-12-01T15:22:50.788-05:00  INFO 22309 --- [           main] com.zaxxer.hikari.HikariDataSource       : HikariPool-3 - Starting...
{"timestamp":"2024-12-01T15:22:50.788-0500","level":"INFO","logger":"com.zaxxer.hikari.HikariDataSource","thread":"main","message":"HikariPool-3 - Starting...","exception":""}
2024-12-01T15:22:50.789-05:00  INFO 22309 --- [           main] com.zaxxer.hikari.pool.HikariPool        : HikariPool-3 - Added connection conn20: url=jdbc:h2:mem:testdb user=ADMIN
{"timestamp":"2024-12-01T15:22:50.789-0500","level":"INFO","logger":"com.zaxxer.hikari.pool.HikariPool","thread":"main","message":"HikariPool-3 - Added connection conn20: url=jdbc:h2:mem:testdb user=ADMIN","exception":""}
2024-12-01T15:22:50.789-05:00  INFO 22309 --- [           main] com.zaxxer.hikari.HikariDataSource       : HikariPool-3 - Start completed.
{"timestamp":"2024-12-01T15:22:50.789-0500","level":"INFO","logger":"com.zaxxer.hikari.HikariDataSource","thread":"main","message":"HikariPool-3 - Start completed.","exception":""}
2024-12-01T15:22:50.790-05:00  INFO 22309 --- [           main] o.hibernate.jpa.internal.util.LogHelper  : HHH000204: Processing PersistenceUnitInfo [name: default]
{"timestamp":"2024-12-01T15:22:50.790-0500","level":"INFO","logger":"org.hibernate.jpa.internal.util.LogHelper","thread":"main","message":"HHH000204: Processing PersistenceUnitInfo [name: default]","exception":""}
2024-12-01T15:22:50.794-05:00  INFO 22309 --- [           main] o.s.o.j.p.SpringPersistenceUnitInfo      : No LoadTimeWeaver setup: ignoring JPA class transformer
{"timestamp":"2024-12-01T15:22:50.794-0500","level":"INFO","logger":"org.springframework.orm.jpa.persistenceunit.SpringPersistenceUnitInfo","thread":"main","message":"No LoadTimeWeaver setup: ignoring JPA class transformer","exception":""}
2024-12-01T15:22:50.795-05:00  WARN 22309 --- [           main] org.hibernate.orm.deprecation            : HHH90000025: H2Dialect does not need to be specified explicitly using 'hibernate.dialect' (remove the property setting and it will be selected by default)
{"timestamp":"2024-12-01T15:22:50.795-0500","level":"WARN","logger":"org.hibernate.orm.deprecation","thread":"main","message":"HHH90000025: H2Dialect does not need to be specified explicitly using 'hibernate.dialect' (remove the property setting and it will be selected by default)","exception":""}
2024-12-01T15:22:51.268-05:00  INFO 22309 --- [           main] o.h.e.t.j.p.i.JtaPlatformInitiator       : HHH000489: No JTA platform available (set 'hibernate.transaction.jta.platform' to enable JTA platform integration)
{"timestamp":"2024-12-01T15:22:51.268-0500","level":"INFO","logger":"org.hibernate.engine.transaction.jta.platform.internal.JtaPlatformInitiator","thread":"main","message":"HHH000489: No JTA platform available (set 'hibernate.transaction.jta.platform' to enable JTA platform integration)","exception":""}
2024-12-01T15:22:51.316-05:00  INFO 22309 --- [           main] j.LocalContainerEntityManagerFactoryBean : Initialized JPA EntityManagerFactory for persistence unit 'default'
{"timestamp":"2024-12-01T15:22:51.316-0500","level":"INFO","logger":"org.springframework.orm.jpa.LocalContainerEntityManagerFactoryBean","thread":"main","message":"Initialized JPA EntityManagerFactory for persistence unit 'default'","exception":""}
2024-12-01T15:22:51.807-05:00  WARN 22309 --- [           main] JpaBaseConfiguration$JpaWebConfiguration : spring.jpa.open-in-view is enabled by default. Therefore, database queries may be performed during view rendering. Explicitly configure spring.jpa.open-in-view to disable this warning
{"timestamp":"2024-12-01T15:22:51.807-0500","level":"WARN","logger":"org.springframework.boot.autoconfigure.orm.jpa.JpaBaseConfiguration$JpaWebConfiguration","thread":"main","message":"spring.jpa.open-in-view is enabled by default. Therefore, database queries may be performed during view rendering. Explicitly configure spring.jpa.open-in-view to disable this warning","exception":""}
2024-12-01T15:22:51.817-05:00  WARN 22309 --- [           main] .s.s.UserDetailsServiceAutoConfiguration : 

Using generated security password: 49bc5d12-1b57-4a70-b8be-ca8cd4d24718

This generated password is for development use only. Your security configuration must be updated before running your application in production.

{"timestamp":"2024-12-01T15:22:51.817-0500","level":"WARN","logger":"org.springframework.boot.autoconfigure.security.servlet.UserDetailsServiceAutoConfiguration","thread":"main","message":"\n\nUsing generated security password: 49bc5d12-1b57-4a70-b8be-ca8cd4d24718\n\nThis generated password is for development use only. Your security configuration must be updated before running your application in production.\n","exception":""}
2024-12-01T15:22:51.835-05:00  INFO 22309 --- [           main] o.s.s.web.DefaultSecurityFilterChain     : Will secure any request with [org.springframework.security.web.session.DisableEncodeUrlFilter@53fb21a1, org.springframework.security.web.context.request.async.WebAsyncManagerIntegrationFilter@89369e6, org.springframework.security.web.context.SecurityContextHolderFilter@68417c46, org.springframework.security.web.header.HeaderWriterFilter@2e829a0b, org.springframework.web.filter.CorsFilter@1471aa39, org.springframework.security.web.authentication.logout.LogoutFilter@12f93949, co.edu.icesi.dev.outcome_curr_mgmt.saamfi.filters.SaamfiAuthenticationFilter@23293b23, org.springframework.security.web.savedrequest.RequestCacheAwareFilter@57e604bb, org.springframework.security.web.servletapi.SecurityContextHolderAwareRequestFilter@6d0e8e8e, org.springframework.security.web.authentication.AnonymousAuthenticationFilter@da39d63, org.springframework.security.web.session.SessionManagementFilter@696eb8ab, org.springframework.security.web.access.ExceptionTranslationFilter@1a74ad98, org.springframework.security.web.access.intercept.AuthorizationFilter@6cbebeba]
{"timestamp":"2024-12-01T15:22:51.835-0500","level":"INFO","logger":"org.springframework.security.web.DefaultSecurityFilterChain","thread":"main","message":"Will secure any request with [org.springframework.security.web.session.DisableEncodeUrlFilter@53fb21a1, org.springframework.security.web.context.request.async.WebAsyncManagerIntegrationFilter@89369e6, org.springframework.security.web.context.SecurityContextHolderFilter@68417c46, org.springframework.security.web.header.HeaderWriterFilter@2e829a0b, org.springframework.web.filter.CorsFilter@1471aa39, org.springframework.security.web.authentication.logout.LogoutFilter@12f93949, co.edu.icesi.dev.outcome_curr_mgmt.saamfi.filters.SaamfiAuthenticationFilter@23293b23, org.springframework.security.web.savedrequest.RequestCacheAwareFilter@57e604bb, org.springframework.security.web.servletapi.SecurityContextHolderAwareRequestFilter@6d0e8e8e, org.springframework.security.web.authentication.AnonymousAuthenticationFilter@da39d63, org.springframework.security.web.session.SessionManagementFilter@696eb8ab, org.springframework.security.web.access.ExceptionTranslationFilter@1a74ad98, org.springframework.security.web.access.intercept.AuthorizationFilter@6cbebeba]","exception":""}
2024-12-01T15:22:52.003-05:00  INFO 22309 --- [           main] o.s.b.a.h2.H2ConsoleAutoConfiguration    : H2 console available at '/h2-console'. Database available at 'jdbc:h2:mem:testdb'
{"timestamp":"2024-12-01T15:22:52.003-0500","level":"INFO","logger":"org.springframework.boot.autoconfigure.h2.H2ConsoleAutoConfiguration","thread":"main","message":"H2 console available at '/h2-console'. Database available at 'jdbc:h2:mem:testdb'","exception":""}
2024-12-01T15:22:52.012-05:00  INFO 22309 --- [           main] o.s.b.a.e.web.EndpointLinksResolver      : Exposing 13 endpoint(s) beneath base path '/actuator'
{"timestamp":"2024-12-01T15:22:52.012-0500","level":"INFO","logger":"org.springframework.boot.actuate.endpoint.web.EndpointLinksResolver","thread":"main","message":"Exposing 13 endpoint(s) beneath base path '/actuator'","exception":""}
2024-12-01T15:22:52.035-05:00  INFO 22309 --- [           main] c.e.i.d.o.p.c.StudOutcomeRepositoryTest  : Started StudOutcomeRepositoryTest in 1.638 seconds (process running for 15.545)
{"timestamp":"2024-12-01T15:22:52.035-0500","level":"INFO","logger":"co.edu.icesi.dev.outcome_curr_mgmt.persistence.curriculum_qa.StudOutcomeRepositoryTest","thread":"main","message":"Started StudOutcomeRepositoryTest in 1.638 seconds (process running for 15.545)","exception":""}
]]></system-out>
  </testcase>
  <testcase name="testReturnsCoursesWhenThereAreNoExistingAcadProgWithTheGivenId" classname="co.edu.icesi.dev.outcome_curr_mgmt.persistence.curriculum_qa.StudOutcomeRepositoryTest" time="1.736">
    <system-out><![CDATA[2024-12-01T15:22:52.123-05:00  INFO 22309 --- [           main] j.LocalContainerEntityManagerFactoryBean : Closing JPA EntityManagerFactory for persistence unit 'default'
{"timestamp":"2024-12-01T15:22:52.123-0500","level":"INFO","logger":"org.springframework.orm.jpa.LocalContainerEntityManagerFactoryBean","thread":"main","message":"Closing JPA EntityManagerFactory for persistence unit 'default'","exception":""}
2024-12-01T15:22:52.136-05:00  INFO 22309 --- [           main] com.zaxxer.hikari.HikariDataSource       : HikariPool-3 - Shutdown initiated...
{"timestamp":"2024-12-01T15:22:52.136-0500","level":"INFO","logger":"com.zaxxer.hikari.HikariDataSource","thread":"main","message":"HikariPool-3 - Shutdown initiated...","exception":""}
2024-12-01T15:22:52.138-05:00  INFO 22309 --- [           main] com.zaxxer.hikari.HikariDataSource       : HikariPool-3 - Shutdown completed.
{"timestamp":"2024-12-01T15:22:52.138-0500","level":"INFO","logger":"com.zaxxer.hikari.HikariDataSource","thread":"main","message":"HikariPool-3 - Shutdown completed.","exception":""}
15:22:52,149 |-INFO in ch.qos.logback.core.joran.util.ConfigurationWatchListUtil@da5b46f - Adding [jar:file:/Users/andres/.m2/repository/org/springframework/boot/spring-boot/3.1.5/spring-boot-3.1.5.jar!/org/springframework/boot/logging/logback/base.xml] to configuration watch list.
15:22:52,149 |-INFO in ch.qos.logback.core.joran.spi.ConfigurationWatchList@2434de7 - URL [jar:file:/Users/andres/.m2/repository/org/springframework/boot/spring-boot/3.1.5/spring-boot-3.1.5.jar!/org/springframework/boot/logging/logback/base.xml] is not of type file
15:22:52,150 |-INFO in ch.qos.logback.core.joran.util.ConfigurationWatchListUtil@da5b46f - Adding [jar:file:/Users/andres/.m2/repository/org/springframework/boot/spring-boot/3.1.5/spring-boot-3.1.5.jar!/org/springframework/boot/logging/logback/defaults.xml] to configuration watch list.
15:22:52,150 |-INFO in ch.qos.logback.core.joran.spi.ConfigurationWatchList@2434de7 - URL [jar:file:/Users/andres/.m2/repository/org/springframework/boot/spring-boot/3.1.5/spring-boot-3.1.5.jar!/org/springframework/boot/logging/logback/defaults.xml] is not of type file
15:22:52,150 |-INFO in ch.qos.logback.core.joran.action.ConversionRuleAction - registering conversion word clr with class [org.springframework.boot.logging.logback.ColorConverter]
15:22:52,150 |-INFO in ch.qos.logback.core.joran.action.ConversionRuleAction - registering conversion word wex with class [org.springframework.boot.logging.logback.WhitespaceThrowableProxyConverter]
15:22:52,150 |-INFO in ch.qos.logback.core.joran.action.ConversionRuleAction - registering conversion word wEx with class [org.springframework.boot.logging.logback.ExtendedWhitespaceThrowableProxyConverter]
15:22:52,150 |-INFO in ch.qos.logback.core.joran.util.ConfigurationWatchListUtil@da5b46f - Adding [jar:file:/Users/andres/.m2/repository/org/springframework/boot/spring-boot/3.1.5/spring-boot-3.1.5.jar!/org/springframework/boot/logging/logback/console-appender.xml] to configuration watch list.
15:22:52,150 |-INFO in ch.qos.logback.core.joran.spi.ConfigurationWatchList@2434de7 - URL [jar:file:/Users/andres/.m2/repository/org/springframework/boot/spring-boot/3.1.5/spring-boot-3.1.5.jar!/org/springframework/boot/logging/logback/console-appender.xml] is not of type file
15:22:52,151 |-INFO in ch.qos.logback.core.joran.util.ConfigurationWatchListUtil@da5b46f - Adding [jar:file:/Users/andres/.m2/repository/org/springframework/boot/spring-boot/3.1.5/spring-boot-3.1.5.jar!/org/springframework/boot/logging/logback/file-appender.xml] to configuration watch list.
15:22:52,151 |-INFO in ch.qos.logback.core.joran.spi.ConfigurationWatchList@2434de7 - URL [jar:file:/Users/andres/.m2/repository/org/springframework/boot/spring-boot/3.1.5/spring-boot-3.1.5.jar!/org/springframework/boot/logging/logback/file-appender.xml] is not of type file
15:22:52,152 |-INFO in ch.qos.logback.classic.model.processor.LoggerModelHandler - Setting level of logger [org.apache.catalina.startup.DigesterFactory] to ERROR
15:22:52,152 |-INFO in ch.qos.logback.classic.jul.LevelChangePropagator@2da2027b - Propagating ERROR level on Logger[org.apache.catalina.startup.DigesterFactory] onto the JUL framework
15:22:52,152 |-INFO in ch.qos.logback.classic.model.processor.LoggerModelHandler - Setting level of logger [org.apache.catalina.util.LifecycleBase] to ERROR
15:22:52,152 |-INFO in ch.qos.logback.classic.jul.LevelChangePropagator@2da2027b - Propagating ERROR level on Logger[org.apache.catalina.util.LifecycleBase] onto the JUL framework
15:22:52,153 |-INFO in ch.qos.logback.classic.model.processor.LoggerModelHandler - Setting level of logger [org.apache.coyote.http11.Http11NioProtocol] to WARN
15:22:52,153 |-INFO in ch.qos.logback.classic.jul.LevelChangePropagator@2da2027b - Propagating WARN level on Logger[org.apache.coyote.http11.Http11NioProtocol] onto the JUL framework
15:22:52,153 |-INFO in ch.qos.logback.classic.model.processor.LoggerModelHandler - Setting level of logger [org.apache.sshd.common.util.SecurityUtils] to WARN
15:22:52,153 |-INFO in ch.qos.logback.classic.jul.LevelChangePropagator@2da2027b - Propagating WARN level on Logger[org.apache.sshd.common.util.SecurityUtils] onto the JUL framework
15:22:52,153 |-INFO in ch.qos.logback.classic.model.processor.LoggerModelHandler - Setting level of logger [org.apache.tomcat.util.net.NioSelectorPool] to WARN
15:22:52,153 |-INFO in ch.qos.logback.classic.jul.LevelChangePropagator@2da2027b - Propagating WARN level on Logger[org.apache.tomcat.util.net.NioSelectorPool] onto the JUL framework
15:22:52,153 |-INFO in ch.qos.logback.classic.model.processor.LoggerModelHandler - Setting level of logger [org.eclipse.jetty.util.component.AbstractLifeCycle] to ERROR
15:22:52,153 |-INFO in ch.qos.logback.classic.jul.LevelChangePropagator@2da2027b - Propagating ERROR level on Logger[org.eclipse.jetty.util.component.AbstractLifeCycle] onto the JUL framework
15:22:52,153 |-INFO in ch.qos.logback.classic.model.processor.LoggerModelHandler - Setting level of logger [org.hibernate.validator.internal.util.Version] to WARN
15:22:52,153 |-INFO in ch.qos.logback.classic.jul.LevelChangePropagator@2da2027b - Propagating WARN level on Logger[org.hibernate.validator.internal.util.Version] onto the JUL framework
15:22:52,153 |-INFO in ch.qos.logback.classic.model.processor.LoggerModelHandler - Setting level of logger [org.springframework.boot.actuate.endpoint.jmx] to WARN
15:22:52,153 |-INFO in ch.qos.logback.classic.jul.LevelChangePropagator@2da2027b - Propagating WARN level on Logger[org.springframework.boot.actuate.endpoint.jmx] onto the JUL framework
15:22:52,153 |-INFO in ch.qos.logback.core.model.processor.AppenderModelHandler - Processing appender named [CONSOLE]
15:22:52,153 |-INFO in ch.qos.logback.core.model.processor.AppenderModelHandler - About to instantiate appender of type [ch.qos.logback.core.ConsoleAppender]
15:22:52,153 |-INFO in ch.qos.logback.core.model.processor.ImplicitModelHandler - Assuming default type [ch.qos.logback.classic.encoder.PatternLayoutEncoder] for [encoder] property
15:22:52,153 |-INFO in ch.qos.logback.core.model.processor.AppenderModelHandler - Processing appender named [FILE]
15:22:52,153 |-INFO in ch.qos.logback.core.model.processor.AppenderModelHandler - About to instantiate appender of type [ch.qos.logback.core.rolling.RollingFileAppender]
15:22:52,153 |-INFO in ch.qos.logback.core.model.processor.ImplicitModelHandler - Assuming default type [ch.qos.logback.classic.encoder.PatternLayoutEncoder] for [encoder] property
15:22:52,153 |-INFO in c.q.l.core.rolling.SizeAndTimeBasedRollingPolicy@1618794326 - setting totalSizeCap to 0 Bytes
15:22:52,154 |-INFO in c.q.l.core.rolling.SizeAndTimeBasedRollingPolicy@1618794326 - Archive files will be limited to [10 MB] each.
15:22:52,154 |-INFO in c.q.l.core.rolling.SizeAndTimeBasedRollingPolicy@1618794326 - Will use gz compression
15:22:52,154 |-INFO in c.q.l.core.rolling.SizeAndTimeBasedRollingPolicy@1618794326 - Will use the pattern /var/folders/4g/g5ksp9y97_q8j7kpwfyq3dg80000gn/T//spring.log.%d{yyyy-MM-dd}.%i for the active file
15:22:52,154 |-INFO in ch.qos.logback.core.rolling.SizeAndTimeBasedFNATP@24e11c6 - The date pattern is 'yyyy-MM-dd' from file name pattern '/var/folders/4g/g5ksp9y97_q8j7kpwfyq3dg80000gn/T//spring.log.%d{yyyy-MM-dd}.%i.gz'.
15:22:52,154 |-INFO in ch.qos.logback.core.rolling.SizeAndTimeBasedFNATP@24e11c6 - Roll-over at midnight.
15:22:52,154 |-INFO in ch.qos.logback.core.rolling.SizeAndTimeBasedFNATP@24e11c6 - Setting initial period to 2024-12-01T20:22:52.138Z
15:22:52,155 |-INFO in ch.qos.logback.core.rolling.RollingFileAppender[FILE] - Active log file name: /var/folders/4g/g5ksp9y97_q8j7kpwfyq3dg80000gn/T//spring.log
15:22:52,155 |-INFO in ch.qos.logback.core.rolling.RollingFileAppender[FILE] - File property is set to [/var/folders/4g/g5ksp9y97_q8j7kpwfyq3dg80000gn/T//spring.log]
15:22:52,155 |-INFO in ch.qos.logback.classic.model.processor.RootLoggerModelHandler - Setting level of ROOT logger to INFO
15:22:52,155 |-INFO in ch.qos.logback.classic.jul.LevelChangePropagator@2da2027b - Propagating INFO level on Logger[ROOT] onto the JUL framework
15:22:52,155 |-INFO in ch.qos.logback.core.model.processor.AppenderRefModelHandler - Attaching appender named [CONSOLE] to Logger[ROOT]
15:22:52,155 |-INFO in ch.qos.logback.core.model.processor.AppenderRefModelHandler - Attaching appender named [FILE] to Logger[ROOT]
15:22:52,155 |-INFO in ch.qos.logback.core.model.processor.AppenderModelHandler - Processing appender named [CONSOLE]
15:22:52,155 |-INFO in ch.qos.logback.core.model.processor.AppenderModelHandler - About to instantiate appender of type [ch.qos.logback.core.ConsoleAppender]
15:22:52,155 |-INFO in ch.qos.logback.core.model.processor.ImplicitModelHandler - Assuming default type [net.logstash.logback.composite.loggingevent.LoggingEventJsonProviders] for [providers] property
15:22:52,155 |-INFO in ch.qos.logback.core.model.processor.ImplicitModelHandler - Assuming default type [net.logstash.logback.composite.loggingevent.LoggingEventFormattedTimestampJsonProvider] for [timestamp] property
15:22:52,155 |-INFO in ch.qos.logback.core.model.processor.ImplicitModelHandler - Assuming default type [net.logstash.logback.composite.loggingevent.LoggingEventPatternJsonProvider] for [pattern] property
15:22:52,155 |-INFO in ch.qos.logback.core.model.processor.ImplicitModelHandler - Assuming default type [net.logstash.logback.composite.loggingevent.MdcJsonProvider] for [mdc] property
15:22:52,156 |-WARN in ch.qos.logback.core.model.processor.AppenderModelHandler - Appender named [STDOUT] not referenced. Skipping further processing.
15:22:52,156 |-INFO in ch.qos.logback.classic.model.processor.RootLoggerModelHandler - Setting level of ROOT logger to INFO
15:22:52,156 |-INFO in ch.qos.logback.core.model.processor.AppenderRefModelHandler - Attaching appender named [CONSOLE] to Logger[ROOT]
15:22:52,156 |-INFO in ch.qos.logback.core.model.processor.DefaultProcessor@1afa481d - End of configuration.
15:22:52,156 |-INFO in org.springframework.boot.logging.logback.SpringBootJoranConfigurator@27f630e3 - Registering current configuration as safe fallback point


  .   ____          _            __ _ _
 /\\ / ___'_ __ _ _(_)_ __  __ _ \ \ \ \
( ( )\___ | '_ | '_| | '_ \/ _` | \ \ \ \
 \\/  ___)| |_)| | | | | || (_| |  ) ) ) )
  '  |____| .__|_| |_|_| |_\__, | / / / /
 =========|_|==============|___/=/_/_/_/
 :: Spring Boot ::                (v3.1.5)

2024-12-01T15:22:52.158-05:00  INFO 22309 --- [           main] c.e.i.d.o.p.c.StudOutcomeRepositoryTest  : Starting StudOutcomeRepositoryTest using Java 17.0.11 with PID 22309 (started by andres in /Users/andres/Desktop/Universidad/IngSoft_5/ProyectoInge5/IngSoftV/outcome-curr-mgmt)
{"timestamp":"2024-12-01T15:22:52.158-0500","level":"INFO","logger":"co.edu.icesi.dev.outcome_curr_mgmt.persistence.curriculum_qa.StudOutcomeRepositoryTest","thread":"main","message":"Starting StudOutcomeRepositoryTest using Java 17.0.11 with PID 22309 (started by andres in /Users/andres/Desktop/Universidad/IngSoft_5/ProyectoInge5/IngSoftV/outcome-curr-mgmt)","exception":""}
2024-12-01T15:22:52.159-05:00  INFO 22309 --- [           main] c.e.i.d.o.p.c.StudOutcomeRepositoryTest  : The following 1 profile is active: "test"
{"timestamp":"2024-12-01T15:22:52.159-0500","level":"INFO","logger":"co.edu.icesi.dev.outcome_curr_mgmt.persistence.curriculum_qa.StudOutcomeRepositoryTest","thread":"main","message":"The following 1 profile is active: \"test\"","exception":""}
2024-12-01T15:22:52.298-05:00  INFO 22309 --- [           main] .s.d.r.c.RepositoryConfigurationDelegate : Bootstrapping Spring Data JPA repositories in DEFAULT mode.
{"timestamp":"2024-12-01T15:22:52.298-0500","level":"INFO","logger":"org.springframework.data.repository.config.RepositoryConfigurationDelegate","thread":"main","message":"Bootstrapping Spring Data JPA repositories in DEFAULT mode.","exception":""}
2024-12-01T15:22:52.394-05:00  INFO 22309 --- [           main] .s.d.r.c.RepositoryConfigurationDelegate : Finished Spring Data repository scanning in 95 ms. Found 41 JPA repository interfaces.
{"timestamp":"2024-12-01T15:22:52.394-0500","level":"INFO","logger":"org.springframework.data.repository.config.RepositoryConfigurationDelegate","thread":"main","message":"Finished Spring Data repository scanning in 95 ms. Found 41 JPA repository interfaces.","exception":""}
2024-12-01T15:22:52.482-05:00  INFO 22309 --- [           main] com.zaxxer.hikari.HikariDataSource       : HikariPool-4 - Starting...
{"timestamp":"2024-12-01T15:22:52.482-0500","level":"INFO","logger":"com.zaxxer.hikari.HikariDataSource","thread":"main","message":"HikariPool-4 - Starting...","exception":""}
2024-12-01T15:22:52.483-05:00  INFO 22309 --- [           main] com.zaxxer.hikari.pool.HikariPool        : HikariPool-4 - Added connection conn30: url=jdbc:h2:mem:testdb user=ADMIN
{"timestamp":"2024-12-01T15:22:52.483-0500","level":"INFO","logger":"com.zaxxer.hikari.pool.HikariPool","thread":"main","message":"HikariPool-4 - Added connection conn30: url=jdbc:h2:mem:testdb user=ADMIN","exception":""}
2024-12-01T15:22:52.483-05:00  INFO 22309 --- [           main] com.zaxxer.hikari.HikariDataSource       : HikariPool-4 - Start completed.
{"timestamp":"2024-12-01T15:22:52.483-0500","level":"INFO","logger":"com.zaxxer.hikari.HikariDataSource","thread":"main","message":"HikariPool-4 - Start completed.","exception":""}
2024-12-01T15:22:52.484-05:00  INFO 22309 --- [           main] o.hibernate.jpa.internal.util.LogHelper  : HHH000204: Processing PersistenceUnitInfo [name: default]
{"timestamp":"2024-12-01T15:22:52.484-0500","level":"INFO","logger":"org.hibernate.jpa.internal.util.LogHelper","thread":"main","message":"HHH000204: Processing PersistenceUnitInfo [name: default]","exception":""}
2024-12-01T15:22:52.487-05:00  INFO 22309 --- [           main] o.s.o.j.p.SpringPersistenceUnitInfo      : No LoadTimeWeaver setup: ignoring JPA class transformer
{"timestamp":"2024-12-01T15:22:52.487-0500","level":"INFO","logger":"org.springframework.orm.jpa.persistenceunit.SpringPersistenceUnitInfo","thread":"main","message":"No LoadTimeWeaver setup: ignoring JPA class transformer","exception":""}
2024-12-01T15:22:52.488-05:00  WARN 22309 --- [           main] org.hibernate.orm.deprecation            : HHH90000025: H2Dialect does not need to be specified explicitly using 'hibernate.dialect' (remove the property setting and it will be selected by default)
{"timestamp":"2024-12-01T15:22:52.488-0500","level":"WARN","logger":"org.hibernate.orm.deprecation","thread":"main","message":"HHH90000025: H2Dialect does not need to be specified explicitly using 'hibernate.dialect' (remove the property setting and it will be selected by default)","exception":""}
2024-12-01T15:22:53.022-05:00  INFO 22309 --- [           main] o.h.e.t.j.p.i.JtaPlatformInitiator       : HHH000489: No JTA platform available (set 'hibernate.transaction.jta.platform' to enable JTA platform integration)
{"timestamp":"2024-12-01T15:22:53.022-0500","level":"INFO","logger":"org.hibernate.engine.transaction.jta.platform.internal.JtaPlatformInitiator","thread":"main","message":"HHH000489: No JTA platform available (set 'hibernate.transaction.jta.platform' to enable JTA platform integration)","exception":""}
2024-12-01T15:22:53.060-05:00  INFO 22309 --- [           main] j.LocalContainerEntityManagerFactoryBean : Initialized JPA EntityManagerFactory for persistence unit 'default'
{"timestamp":"2024-12-01T15:22:53.060-0500","level":"INFO","logger":"org.springframework.orm.jpa.LocalContainerEntityManagerFactoryBean","thread":"main","message":"Initialized JPA EntityManagerFactory for persistence unit 'default'","exception":""}
2024-12-01T15:22:53.462-05:00  WARN 22309 --- [           main] JpaBaseConfiguration$JpaWebConfiguration : spring.jpa.open-in-view is enabled by default. Therefore, database queries may be performed during view rendering. Explicitly configure spring.jpa.open-in-view to disable this warning
{"timestamp":"2024-12-01T15:22:53.462-0500","level":"WARN","logger":"org.springframework.boot.autoconfigure.orm.jpa.JpaBaseConfiguration$JpaWebConfiguration","thread":"main","message":"spring.jpa.open-in-view is enabled by default. Therefore, database queries may be performed during view rendering. Explicitly configure spring.jpa.open-in-view to disable this warning","exception":""}
2024-12-01T15:22:53.477-05:00  WARN 22309 --- [           main] .s.s.UserDetailsServiceAutoConfiguration : 

Using generated security password: 9819cdd3-a194-4722-b0bf-c9381d355dc4

This generated password is for development use only. Your security configuration must be updated before running your application in production.

{"timestamp":"2024-12-01T15:22:53.477-0500","level":"WARN","logger":"org.springframework.boot.autoconfigure.security.servlet.UserDetailsServiceAutoConfiguration","thread":"main","message":"\n\nUsing generated security password: 9819cdd3-a194-4722-b0bf-c9381d355dc4\n\nThis generated password is for development use only. Your security configuration must be updated before running your application in production.\n","exception":""}
2024-12-01T15:22:53.494-05:00  INFO 22309 --- [           main] o.s.s.web.DefaultSecurityFilterChain     : Will secure any request with [org.springframework.security.web.session.DisableEncodeUrlFilter@30a17ee8, org.springframework.security.web.context.request.async.WebAsyncManagerIntegrationFilter@763fcb7d, org.springframework.security.web.context.SecurityContextHolderFilter@13175c49, org.springframework.security.web.header.HeaderWriterFilter@40b40e84, org.springframework.web.filter.CorsFilter@522fc75f, org.springframework.security.web.authentication.logout.LogoutFilter@5f032b7a, co.edu.icesi.dev.outcome_curr_mgmt.saamfi.filters.SaamfiAuthenticationFilter@5b884e24, org.springframework.security.web.savedrequest.RequestCacheAwareFilter@60055158, org.springframework.security.web.servletapi.SecurityContextHolderAwareRequestFilter@a5b3f2, org.springframework.security.web.authentication.AnonymousAuthenticationFilter@63e6d0d5, org.springframework.security.web.session.SessionManagementFilter@6d9363f1, org.springframework.security.web.access.ExceptionTranslationFilter@5f55968d, org.springframework.security.web.access.intercept.AuthorizationFilter@38d1253a]
{"timestamp":"2024-12-01T15:22:53.494-0500","level":"INFO","logger":"org.springframework.security.web.DefaultSecurityFilterChain","thread":"main","message":"Will secure any request with [org.springframework.security.web.session.DisableEncodeUrlFilter@30a17ee8, org.springframework.security.web.context.request.async.WebAsyncManagerIntegrationFilter@763fcb7d, org.springframework.security.web.context.SecurityContextHolderFilter@13175c49, org.springframework.security.web.header.HeaderWriterFilter@40b40e84, org.springframework.web.filter.CorsFilter@522fc75f, org.springframework.security.web.authentication.logout.LogoutFilter@5f032b7a, co.edu.icesi.dev.outcome_curr_mgmt.saamfi.filters.SaamfiAuthenticationFilter@5b884e24, org.springframework.security.web.savedrequest.RequestCacheAwareFilter@60055158, org.springframework.security.web.servletapi.SecurityContextHolderAwareRequestFilter@a5b3f2, org.springframework.security.web.authentication.AnonymousAuthenticationFilter@63e6d0d5, org.springframework.security.web.session.SessionManagementFilter@6d9363f1, org.springframework.security.web.access.ExceptionTranslationFilter@5f55968d, org.springframework.security.web.access.intercept.AuthorizationFilter@38d1253a]","exception":""}
2024-12-01T15:22:53.687-05:00  INFO 22309 --- [           main] o.s.b.a.h2.H2ConsoleAutoConfiguration    : H2 console available at '/h2-console'. Database available at 'jdbc:h2:mem:testdb'
{"timestamp":"2024-12-01T15:22:53.687-0500","level":"INFO","logger":"org.springframework.boot.autoconfigure.h2.H2ConsoleAutoConfiguration","thread":"main","message":"H2 console available at '/h2-console'. Database available at 'jdbc:h2:mem:testdb'","exception":""}
2024-12-01T15:22:53.706-05:00  INFO 22309 --- [           main] o.s.b.a.e.web.EndpointLinksResolver      : Exposing 13 endpoint(s) beneath base path '/actuator'
{"timestamp":"2024-12-01T15:22:53.706-0500","level":"INFO","logger":"org.springframework.boot.actuate.endpoint.web.EndpointLinksResolver","thread":"main","message":"Exposing 13 endpoint(s) beneath base path '/actuator'","exception":""}
2024-12-01T15:22:53.767-05:00  INFO 22309 --- [           main] c.e.i.d.o.p.c.StudOutcomeRepositoryTest  : Started StudOutcomeRepositoryTest in 1.627 seconds (process running for 17.277)
{"timestamp":"2024-12-01T15:22:53.767-0500","level":"INFO","logger":"co.edu.icesi.dev.outcome_curr_mgmt.persistence.curriculum_qa.StudOutcomeRepositoryTest","thread":"main","message":"Started StudOutcomeRepositoryTest in 1.627 seconds (process running for 17.277)","exception":""}
]]></system-out>
  </testcase>
  <testcase name="testReturnsCoursesWithAllIdsValid" classname="co.edu.icesi.dev.outcome_curr_mgmt.persistence.curriculum_qa.StudOutcomeRepositoryTest" time="1.503">
    <system-out><![CDATA[2024-12-01T15:22:53.860-05:00  INFO 22309 --- [           main] j.LocalContainerEntityManagerFactoryBean : Closing JPA EntityManagerFactory for persistence unit 'default'
{"timestamp":"2024-12-01T15:22:53.860-0500","level":"INFO","logger":"org.springframework.orm.jpa.LocalContainerEntityManagerFactoryBean","thread":"main","message":"Closing JPA EntityManagerFactory for persistence unit 'default'","exception":""}
2024-12-01T15:22:53.868-05:00  INFO 22309 --- [           main] com.zaxxer.hikari.HikariDataSource       : HikariPool-4 - Shutdown initiated...
{"timestamp":"2024-12-01T15:22:53.868-0500","level":"INFO","logger":"com.zaxxer.hikari.HikariDataSource","thread":"main","message":"HikariPool-4 - Shutdown initiated...","exception":""}
2024-12-01T15:22:53.870-05:00  INFO 22309 --- [           main] com.zaxxer.hikari.HikariDataSource       : HikariPool-4 - Shutdown completed.
{"timestamp":"2024-12-01T15:22:53.870-0500","level":"INFO","logger":"com.zaxxer.hikari.HikariDataSource","thread":"main","message":"HikariPool-4 - Shutdown completed.","exception":""}
15:22:53,893 |-INFO in ch.qos.logback.core.joran.util.ConfigurationWatchListUtil@da5b46f - Adding [jar:file:/Users/andres/.m2/repository/org/springframework/boot/spring-boot/3.1.5/spring-boot-3.1.5.jar!/org/springframework/boot/logging/logback/base.xml] to configuration watch list.
15:22:53,893 |-INFO in ch.qos.logback.core.joran.spi.ConfigurationWatchList@5680ce36 - URL [jar:file:/Users/andres/.m2/repository/org/springframework/boot/spring-boot/3.1.5/spring-boot-3.1.5.jar!/org/springframework/boot/logging/logback/base.xml] is not of type file
15:22:53,894 |-INFO in ch.qos.logback.core.joran.util.ConfigurationWatchListUtil@da5b46f - Adding [jar:file:/Users/andres/.m2/repository/org/springframework/boot/spring-boot/3.1.5/spring-boot-3.1.5.jar!/org/springframework/boot/logging/logback/defaults.xml] to configuration watch list.
15:22:53,894 |-INFO in ch.qos.logback.core.joran.spi.ConfigurationWatchList@5680ce36 - URL [jar:file:/Users/andres/.m2/repository/org/springframework/boot/spring-boot/3.1.5/spring-boot-3.1.5.jar!/org/springframework/boot/logging/logback/defaults.xml] is not of type file
15:22:53,895 |-INFO in ch.qos.logback.core.joran.action.ConversionRuleAction - registering conversion word clr with class [org.springframework.boot.logging.logback.ColorConverter]
15:22:53,895 |-INFO in ch.qos.logback.core.joran.action.ConversionRuleAction - registering conversion word wex with class [org.springframework.boot.logging.logback.WhitespaceThrowableProxyConverter]
15:22:53,895 |-INFO in ch.qos.logback.core.joran.action.ConversionRuleAction - registering conversion word wEx with class [org.springframework.boot.logging.logback.ExtendedWhitespaceThrowableProxyConverter]
15:22:53,895 |-INFO in ch.qos.logback.core.joran.util.ConfigurationWatchListUtil@da5b46f - Adding [jar:file:/Users/andres/.m2/repository/org/springframework/boot/spring-boot/3.1.5/spring-boot-3.1.5.jar!/org/springframework/boot/logging/logback/console-appender.xml] to configuration watch list.
15:22:53,895 |-INFO in ch.qos.logback.core.joran.spi.ConfigurationWatchList@5680ce36 - URL [jar:file:/Users/andres/.m2/repository/org/springframework/boot/spring-boot/3.1.5/spring-boot-3.1.5.jar!/org/springframework/boot/logging/logback/console-appender.xml] is not of type file
15:22:53,896 |-INFO in ch.qos.logback.core.joran.util.ConfigurationWatchListUtil@da5b46f - Adding [jar:file:/Users/andres/.m2/repository/org/springframework/boot/spring-boot/3.1.5/spring-boot-3.1.5.jar!/org/springframework/boot/logging/logback/file-appender.xml] to configuration watch list.
15:22:53,896 |-INFO in ch.qos.logback.core.joran.spi.ConfigurationWatchList@5680ce36 - URL [jar:file:/Users/andres/.m2/repository/org/springframework/boot/spring-boot/3.1.5/spring-boot-3.1.5.jar!/org/springframework/boot/logging/logback/file-appender.xml] is not of type file
15:22:53,897 |-INFO in ch.qos.logback.classic.model.processor.LoggerModelHandler - Setting level of logger [org.apache.catalina.startup.DigesterFactory] to ERROR
15:22:53,897 |-INFO in ch.qos.logback.classic.jul.LevelChangePropagator@ee11937 - Propagating ERROR level on Logger[org.apache.catalina.startup.DigesterFactory] onto the JUL framework
15:22:53,897 |-INFO in ch.qos.logback.classic.model.processor.LoggerModelHandler - Setting level of logger [org.apache.catalina.util.LifecycleBase] to ERROR
15:22:53,897 |-INFO in ch.qos.logback.classic.jul.LevelChangePropagator@ee11937 - Propagating ERROR level on Logger[org.apache.catalina.util.LifecycleBase] onto the JUL framework
15:22:53,897 |-INFO in ch.qos.logback.classic.model.processor.LoggerModelHandler - Setting level of logger [org.apache.coyote.http11.Http11NioProtocol] to WARN
15:22:53,897 |-INFO in ch.qos.logback.classic.jul.LevelChangePropagator@ee11937 - Propagating WARN level on Logger[org.apache.coyote.http11.Http11NioProtocol] onto the JUL framework
15:22:53,897 |-INFO in ch.qos.logback.classic.model.processor.LoggerModelHandler - Setting level of logger [org.apache.sshd.common.util.SecurityUtils] to WARN
15:22:53,897 |-INFO in ch.qos.logback.classic.jul.LevelChangePropagator@ee11937 - Propagating WARN level on Logger[org.apache.sshd.common.util.SecurityUtils] onto the JUL framework
15:22:53,897 |-INFO in ch.qos.logback.classic.model.processor.LoggerModelHandler - Setting level of logger [org.apache.tomcat.util.net.NioSelectorPool] to WARN
15:22:53,897 |-INFO in ch.qos.logback.classic.jul.LevelChangePropagator@ee11937 - Propagating WARN level on Logger[org.apache.tomcat.util.net.NioSelectorPool] onto the JUL framework
15:22:53,897 |-INFO in ch.qos.logback.classic.model.processor.LoggerModelHandler - Setting level of logger [org.eclipse.jetty.util.component.AbstractLifeCycle] to ERROR
15:22:53,897 |-INFO in ch.qos.logback.classic.jul.LevelChangePropagator@ee11937 - Propagating ERROR level on Logger[org.eclipse.jetty.util.component.AbstractLifeCycle] onto the JUL framework
15:22:53,897 |-INFO in ch.qos.logback.classic.model.processor.LoggerModelHandler - Setting level of logger [org.hibernate.validator.internal.util.Version] to WARN
15:22:53,897 |-INFO in ch.qos.logback.classic.jul.LevelChangePropagator@ee11937 - Propagating WARN level on Logger[org.hibernate.validator.internal.util.Version] onto the JUL framework
15:22:53,897 |-INFO in ch.qos.logback.classic.model.processor.LoggerModelHandler - Setting level of logger [org.springframework.boot.actuate.endpoint.jmx] to WARN
15:22:53,897 |-INFO in ch.qos.logback.classic.jul.LevelChangePropagator@ee11937 - Propagating WARN level on Logger[org.springframework.boot.actuate.endpoint.jmx] onto the JUL framework
15:22:53,897 |-INFO in ch.qos.logback.core.model.processor.AppenderModelHandler - Processing appender named [CONSOLE]
15:22:53,897 |-INFO in ch.qos.logback.core.model.processor.AppenderModelHandler - About to instantiate appender of type [ch.qos.logback.core.ConsoleAppender]
15:22:53,898 |-INFO in ch.qos.logback.core.model.processor.ImplicitModelHandler - Assuming default type [ch.qos.logback.classic.encoder.PatternLayoutEncoder] for [encoder] property
15:22:53,898 |-INFO in ch.qos.logback.core.model.processor.AppenderModelHandler - Processing appender named [FILE]
15:22:53,898 |-INFO in ch.qos.logback.core.model.processor.AppenderModelHandler - About to instantiate appender of type [ch.qos.logback.core.rolling.RollingFileAppender]
15:22:53,898 |-INFO in ch.qos.logback.core.model.processor.ImplicitModelHandler - Assuming default type [ch.qos.logback.classic.encoder.PatternLayoutEncoder] for [encoder] property
15:22:53,898 |-INFO in c.q.l.core.rolling.SizeAndTimeBasedRollingPolicy@1181892600 - setting totalSizeCap to 0 Bytes
15:22:53,898 |-INFO in c.q.l.core.rolling.SizeAndTimeBasedRollingPolicy@1181892600 - Archive files will be limited to [10 MB] each.
15:22:53,898 |-INFO in c.q.l.core.rolling.SizeAndTimeBasedRollingPolicy@1181892600 - Will use gz compression
15:22:53,898 |-INFO in c.q.l.core.rolling.SizeAndTimeBasedRollingPolicy@1181892600 - Will use the pattern /var/folders/4g/g5ksp9y97_q8j7kpwfyq3dg80000gn/T//spring.log.%d{yyyy-MM-dd}.%i for the active file
15:22:53,899 |-INFO in ch.qos.logback.core.rolling.SizeAndTimeBasedFNATP@79cc5362 - The date pattern is 'yyyy-MM-dd' from file name pattern '/var/folders/4g/g5ksp9y97_q8j7kpwfyq3dg80000gn/T//spring.log.%d{yyyy-MM-dd}.%i.gz'.
15:22:53,899 |-INFO in ch.qos.logback.core.rolling.SizeAndTimeBasedFNATP@79cc5362 - Roll-over at midnight.
15:22:53,899 |-INFO in ch.qos.logback.core.rolling.SizeAndTimeBasedFNATP@79cc5362 - Setting initial period to 2024-12-01T20:22:53.870Z
15:22:53,899 |-INFO in ch.qos.logback.core.rolling.RollingFileAppender[FILE] - Active log file name: /var/folders/4g/g5ksp9y97_q8j7kpwfyq3dg80000gn/T//spring.log
15:22:53,899 |-INFO in ch.qos.logback.core.rolling.RollingFileAppender[FILE] - File property is set to [/var/folders/4g/g5ksp9y97_q8j7kpwfyq3dg80000gn/T//spring.log]
15:22:53,899 |-INFO in ch.qos.logback.classic.model.processor.RootLoggerModelHandler - Setting level of ROOT logger to INFO
15:22:53,900 |-INFO in ch.qos.logback.classic.jul.LevelChangePropagator@ee11937 - Propagating INFO level on Logger[ROOT] onto the JUL framework
15:22:53,900 |-INFO in ch.qos.logback.core.model.processor.AppenderRefModelHandler - Attaching appender named [CONSOLE] to Logger[ROOT]
15:22:53,900 |-INFO in ch.qos.logback.core.model.processor.AppenderRefModelHandler - Attaching appender named [FILE] to Logger[ROOT]
15:22:53,900 |-INFO in ch.qos.logback.core.model.processor.AppenderModelHandler - Processing appender named [CONSOLE]
15:22:53,900 |-INFO in ch.qos.logback.core.model.processor.AppenderModelHandler - About to instantiate appender of type [ch.qos.logback.core.ConsoleAppender]
15:22:53,900 |-INFO in ch.qos.logback.core.model.processor.ImplicitModelHandler - Assuming default type [net.logstash.logback.composite.loggingevent.LoggingEventJsonProviders] for [providers] property
15:22:53,900 |-INFO in ch.qos.logback.core.model.processor.ImplicitModelHandler - Assuming default type [net.logstash.logback.composite.loggingevent.LoggingEventFormattedTimestampJsonProvider] for [timestamp] property
15:22:53,900 |-INFO in ch.qos.logback.core.model.processor.ImplicitModelHandler - Assuming default type [net.logstash.logback.composite.loggingevent.LoggingEventPatternJsonProvider] for [pattern] property
15:22:53,900 |-INFO in ch.qos.logback.core.model.processor.ImplicitModelHandler - Assuming default type [net.logstash.logback.composite.loggingevent.MdcJsonProvider] for [mdc] property
15:22:53,901 |-WARN in ch.qos.logback.core.model.processor.AppenderModelHandler - Appender named [STDOUT] not referenced. Skipping further processing.
15:22:53,901 |-INFO in ch.qos.logback.classic.model.processor.RootLoggerModelHandler - Setting level of ROOT logger to INFO
15:22:53,901 |-INFO in ch.qos.logback.core.model.processor.AppenderRefModelHandler - Attaching appender named [CONSOLE] to Logger[ROOT]
15:22:53,901 |-INFO in ch.qos.logback.core.model.processor.DefaultProcessor@296dd313 - End of configuration.
15:22:53,901 |-INFO in org.springframework.boot.logging.logback.SpringBootJoranConfigurator@2f435fa8 - Registering current configuration as safe fallback point


  .   ____          _            __ _ _
 /\\ / ___'_ __ _ _(_)_ __  __ _ \ \ \ \
( ( )\___ | '_ | '_| | '_ \/ _` | \ \ \ \
 \\/  ___)| |_)| | | | | || (_| |  ) ) ) )
  '  |____| .__|_| |_|_| |_\__, | / / / /
 =========|_|==============|___/=/_/_/_/
 :: Spring Boot ::                (v3.1.5)

2024-12-01T15:22:53.904-05:00  INFO 22309 --- [           main] c.e.i.d.o.p.c.StudOutcomeRepositoryTest  : Starting StudOutcomeRepositoryTest using Java 17.0.11 with PID 22309 (started by andres in /Users/andres/Desktop/Universidad/IngSoft_5/ProyectoInge5/IngSoftV/outcome-curr-mgmt)
{"timestamp":"2024-12-01T15:22:53.904-0500","level":"INFO","logger":"co.edu.icesi.dev.outcome_curr_mgmt.persistence.curriculum_qa.StudOutcomeRepositoryTest","thread":"main","message":"Starting StudOutcomeRepositoryTest using Java 17.0.11 with PID 22309 (started by andres in /Users/andres/Desktop/Universidad/IngSoft_5/ProyectoInge5/IngSoftV/outcome-curr-mgmt)","exception":""}
2024-12-01T15:22:53.904-05:00  INFO 22309 --- [           main] c.e.i.d.o.p.c.StudOutcomeRepositoryTest  : The following 1 profile is active: "test"
{"timestamp":"2024-12-01T15:22:53.904-0500","level":"INFO","logger":"co.edu.icesi.dev.outcome_curr_mgmt.persistence.curriculum_qa.StudOutcomeRepositoryTest","thread":"main","message":"The following 1 profile is active: \"test\"","exception":""}
2024-12-01T15:22:54.085-05:00  INFO 22309 --- [           main] .s.d.r.c.RepositoryConfigurationDelegate : Bootstrapping Spring Data JPA repositories in DEFAULT mode.
{"timestamp":"2024-12-01T15:22:54.085-0500","level":"INFO","logger":"org.springframework.data.repository.config.RepositoryConfigurationDelegate","thread":"main","message":"Bootstrapping Spring Data JPA repositories in DEFAULT mode.","exception":""}
2024-12-01T15:22:54.145-05:00  INFO 22309 --- [           main] .s.d.r.c.RepositoryConfigurationDelegate : Finished Spring Data repository scanning in 59 ms. Found 41 JPA repository interfaces.
{"timestamp":"2024-12-01T15:22:54.145-0500","level":"INFO","logger":"org.springframework.data.repository.config.RepositoryConfigurationDelegate","thread":"main","message":"Finished Spring Data repository scanning in 59 ms. Found 41 JPA repository interfaces.","exception":""}
2024-12-01T15:22:54.207-05:00  INFO 22309 --- [           main] com.zaxxer.hikari.HikariDataSource       : HikariPool-5 - Starting...
{"timestamp":"2024-12-01T15:22:54.207-0500","level":"INFO","logger":"com.zaxxer.hikari.HikariDataSource","thread":"main","message":"HikariPool-5 - Starting...","exception":""}
2024-12-01T15:22:54.208-05:00  INFO 22309 --- [           main] com.zaxxer.hikari.pool.HikariPool        : HikariPool-5 - Added connection conn40: url=jdbc:h2:mem:testdb user=ADMIN
{"timestamp":"2024-12-01T15:22:54.208-0500","level":"INFO","logger":"com.zaxxer.hikari.pool.HikariPool","thread":"main","message":"HikariPool-5 - Added connection conn40: url=jdbc:h2:mem:testdb user=ADMIN","exception":""}
2024-12-01T15:22:54.208-05:00  INFO 22309 --- [           main] com.zaxxer.hikari.HikariDataSource       : HikariPool-5 - Start completed.
{"timestamp":"2024-12-01T15:22:54.208-0500","level":"INFO","logger":"com.zaxxer.hikari.HikariDataSource","thread":"main","message":"HikariPool-5 - Start completed.","exception":""}
2024-12-01T15:22:54.209-05:00  INFO 22309 --- [           main] o.hibernate.jpa.internal.util.LogHelper  : HHH000204: Processing PersistenceUnitInfo [name: default]
{"timestamp":"2024-12-01T15:22:54.209-0500","level":"INFO","logger":"org.hibernate.jpa.internal.util.LogHelper","thread":"main","message":"HHH000204: Processing PersistenceUnitInfo [name: default]","exception":""}
2024-12-01T15:22:54.212-05:00  INFO 22309 --- [           main] o.s.o.j.p.SpringPersistenceUnitInfo      : No LoadTimeWeaver setup: ignoring JPA class transformer
{"timestamp":"2024-12-01T15:22:54.212-0500","level":"INFO","logger":"org.springframework.orm.jpa.persistenceunit.SpringPersistenceUnitInfo","thread":"main","message":"No LoadTimeWeaver setup: ignoring JPA class transformer","exception":""}
2024-12-01T15:22:54.213-05:00  WARN 22309 --- [           main] org.hibernate.orm.deprecation            : HHH90000025: H2Dialect does not need to be specified explicitly using 'hibernate.dialect' (remove the property setting and it will be selected by default)
{"timestamp":"2024-12-01T15:22:54.213-0500","level":"WARN","logger":"org.hibernate.orm.deprecation","thread":"main","message":"HHH90000025: H2Dialect does not need to be specified explicitly using 'hibernate.dialect' (remove the property setting and it will be selected by default)","exception":""}
2024-12-01T15:22:54.631-05:00  INFO 22309 --- [           main] o.h.e.t.j.p.i.JtaPlatformInitiator       : HHH000489: No JTA platform available (set 'hibernate.transaction.jta.platform' to enable JTA platform integration)
{"timestamp":"2024-12-01T15:22:54.631-0500","level":"INFO","logger":"org.hibernate.engine.transaction.jta.platform.internal.JtaPlatformInitiator","thread":"main","message":"HHH000489: No JTA platform available (set 'hibernate.transaction.jta.platform' to enable JTA platform integration)","exception":""}
2024-12-01T15:22:54.662-05:00  INFO 22309 --- [           main] j.LocalContainerEntityManagerFactoryBean : Initialized JPA EntityManagerFactory for persistence unit 'default'
{"timestamp":"2024-12-01T15:22:54.662-0500","level":"INFO","logger":"org.springframework.orm.jpa.LocalContainerEntityManagerFactoryBean","thread":"main","message":"Initialized JPA EntityManagerFactory for persistence unit 'default'","exception":""}
2024-12-01T15:22:55.027-05:00  WARN 22309 --- [           main] JpaBaseConfiguration$JpaWebConfiguration : spring.jpa.open-in-view is enabled by default. Therefore, database queries may be performed during view rendering. Explicitly configure spring.jpa.open-in-view to disable this warning
{"timestamp":"2024-12-01T15:22:55.027-0500","level":"WARN","logger":"org.springframework.boot.autoconfigure.orm.jpa.JpaBaseConfiguration$JpaWebConfiguration","thread":"main","message":"spring.jpa.open-in-view is enabled by default. Therefore, database queries may be performed during view rendering. Explicitly configure spring.jpa.open-in-view to disable this warning","exception":""}
2024-12-01T15:22:55.038-05:00  WARN 22309 --- [           main] .s.s.UserDetailsServiceAutoConfiguration : 

Using generated security password: 99a136b3-c55f-40f2-b4c4-43011d5166e4

This generated password is for development use only. Your security configuration must be updated before running your application in production.

{"timestamp":"2024-12-01T15:22:55.038-0500","level":"WARN","logger":"org.springframework.boot.autoconfigure.security.servlet.UserDetailsServiceAutoConfiguration","thread":"main","message":"\n\nUsing generated security password: 99a136b3-c55f-40f2-b4c4-43011d5166e4\n\nThis generated password is for development use only. Your security configuration must be updated before running your application in production.\n","exception":""}
2024-12-01T15:22:55.054-05:00  INFO 22309 --- [           main] o.s.s.web.DefaultSecurityFilterChain     : Will secure any request with [org.springframework.security.web.session.DisableEncodeUrlFilter@4bb28cda, org.springframework.security.web.context.request.async.WebAsyncManagerIntegrationFilter@6f7a09b6, org.springframework.security.web.context.SecurityContextHolderFilter@641f0a38, org.springframework.security.web.header.HeaderWriterFilter@1b6299e1, org.springframework.web.filter.CorsFilter@587b8a3d, org.springframework.security.web.authentication.logout.LogoutFilter@796ba0ea, co.edu.icesi.dev.outcome_curr_mgmt.saamfi.filters.SaamfiAuthenticationFilter@224ad799, org.springframework.security.web.savedrequest.RequestCacheAwareFilter@56b7c80b, org.springframework.security.web.servletapi.SecurityContextHolderAwareRequestFilter@5915fead, org.springframework.security.web.authentication.AnonymousAuthenticationFilter@2a89759f, org.springframework.security.web.session.SessionManagementFilter@653b356d, org.springframework.security.web.access.ExceptionTranslationFilter@79396474, org.springframework.security.web.access.intercept.AuthorizationFilter@6762ac49]
{"timestamp":"2024-12-01T15:22:55.054-0500","level":"INFO","logger":"org.springframework.security.web.DefaultSecurityFilterChain","thread":"main","message":"Will secure any request with [org.springframework.security.web.session.DisableEncodeUrlFilter@4bb28cda, org.springframework.security.web.context.request.async.WebAsyncManagerIntegrationFilter@6f7a09b6, org.springframework.security.web.context.SecurityContextHolderFilter@641f0a38, org.springframework.security.web.header.HeaderWriterFilter@1b6299e1, org.springframework.web.filter.CorsFilter@587b8a3d, org.springframework.security.web.authentication.logout.LogoutFilter@796ba0ea, co.edu.icesi.dev.outcome_curr_mgmt.saamfi.filters.SaamfiAuthenticationFilter@224ad799, org.springframework.security.web.savedrequest.RequestCacheAwareFilter@56b7c80b, org.springframework.security.web.servletapi.SecurityContextHolderAwareRequestFilter@5915fead, org.springframework.security.web.authentication.AnonymousAuthenticationFilter@2a89759f, org.springframework.security.web.session.SessionManagementFilter@653b356d, org.springframework.security.web.access.ExceptionTranslationFilter@79396474, org.springframework.security.web.access.intercept.AuthorizationFilter@6762ac49]","exception":""}
2024-12-01T15:22:55.248-05:00  INFO 22309 --- [           main] o.s.b.a.h2.H2ConsoleAutoConfiguration    : H2 console available at '/h2-console'. Database available at 'jdbc:h2:mem:testdb'
{"timestamp":"2024-12-01T15:22:55.248-0500","level":"INFO","logger":"org.springframework.boot.autoconfigure.h2.H2ConsoleAutoConfiguration","thread":"main","message":"H2 console available at '/h2-console'. Database available at 'jdbc:h2:mem:testdb'","exception":""}
2024-12-01T15:22:55.258-05:00  INFO 22309 --- [           main] o.s.b.a.e.web.EndpointLinksResolver      : Exposing 13 endpoint(s) beneath base path '/actuator'
{"timestamp":"2024-12-01T15:22:55.258-0500","level":"INFO","logger":"org.springframework.boot.actuate.endpoint.web.EndpointLinksResolver","thread":"main","message":"Exposing 13 endpoint(s) beneath base path '/actuator'","exception":""}
2024-12-01T15:22:55.278-05:00  INFO 22309 --- [           main] c.e.i.d.o.p.c.StudOutcomeRepositoryTest  : Started StudOutcomeRepositoryTest in 1.399 seconds (process running for 18.788)
{"timestamp":"2024-12-01T15:22:55.278-0500","level":"INFO","logger":"co.edu.icesi.dev.outcome_curr_mgmt.persistence.curriculum_qa.StudOutcomeRepositoryTest","thread":"main","message":"Started StudOutcomeRepositoryTest in 1.399 seconds (process running for 18.788)","exception":""}
]]></system-out>
  </testcase>
</testsuite>